[ 2015-09-09T13:29:03+08:00 ] 127.0.0.1 /photocms/
INFO: [ app_init ] --START--
INFO: Run Behavior\BuildLiteBehavior [ RunTime:0.000000s ]
INFO: [ app_init ] --END-- [ RunTime:0.027002s ]
INFO: [ app_begin ] --START--
INFO: Run Behavior\ReadHtmlCacheBehavior [ RunTime:0.008000s ]
INFO: Run Behavior\FlChkLangBehavior [ RunTime:0.021003s ]
INFO: [ app_begin ] --END-- [ RunTime:0.030003s ]
NOTIC: [8] Undefined variable: nowlang D:\xampp\htdocs\photocms\Site\Common\Controller\SiteController.class.php 第 46 行.
NOTIC: [8] Undefined variable: nowlang D:\xampp\htdocs\photocms\Site\Common\Controller\SiteController.class.php 第 47 行.
SQL: SHOW COLUMNS FROM `ur7_category` [ RunTime:0.2770s ]
SQL: SELECT * FROM `ur7_category` WHERE `menushow` = 1  [ RunTime:0.0690s ]
NOTIC: [8] Undefined offset: 1 D:\xampp\htdocs\photocms\Core\Library\Org\Helper\Route.class.php 第 54 行.
NOTIC: [8] Undefined offset: 1 D:\xampp\htdocs\photocms\Core\Library\Org\Helper\Route.class.php 第 54 行.
NOTIC: [8] Undefined offset: 1 D:\xampp\htdocs\photocms\Core\Library\Org\Helper\Route.class.php 第 54 行.
NOTIC: [8] Undefined offset: 1 D:\xampp\htdocs\photocms\Core\Library\Org\Helper\Route.class.php 第 54 行.
NOTIC: [8] Undefined offset: 1 D:\xampp\htdocs\photocms\Core\Library\Org\Helper\Route.class.php 第 54 行.
NOTIC: [8] Undefined offset: 1 D:\xampp\htdocs\photocms\Core\Library\Org\Helper\Route.class.php 第 54 行.
NOTIC: [8] Undefined offset: 1 D:\xampp\htdocs\photocms\Core\Library\Org\Helper\Route.class.php 第 54 行.
NOTIC: [8] Undefined offset: 1 D:\xampp\htdocs\photocms\Core\Library\Org\Helper\Route.class.php 第 54 行.
NOTIC: [8] Undefined offset: 1 D:\xampp\htdocs\photocms\Core\Library\Org\Helper\Route.class.php 第 54 行.
NOTIC: [8] Undefined variable: lid D:\xampp\htdocs\photocms\Site\Common\Common\function.php 第 174 行.
NOTIC: [2] Missing argument 2 for CSS(), called in D:\xampp\htdocs\photocms\Template\Site\BootStrap\Layout\head.php on line 7 and defined D:\xampp\htdocs\photocms\Config\functions.php 第 267 行.
NOTIC: [8] Undefined variable: app D:\xampp\htdocs\photocms\Config\functions.php 第 273 行.
NOTIC: [2] md5_file(): Filename cannot be empty D:\xampp\htdocs\photocms\Config\functions.php 第 278 行.
NOTIC: [2] Missing argument 2 for CSS(), called in D:\xampp\htdocs\photocms\Template\Site\BootStrap\Layout\head.php on line 8 and defined D:\xampp\htdocs\photocms\Config\functions.php 第 267 行.
NOTIC: [8] Undefined variable: app D:\xampp\htdocs\photocms\Config\functions.php 第 273 行.
NOTIC: [2] md5_file(): Filename cannot be empty D:\xampp\htdocs\photocms\Config\functions.php 第 278 行.
SQL: SHOW COLUMNS FROM `ur7_page` [ RunTime:0.0440s ]
SQL: SELECT * FROM `ur7_page` WHERE `cid` = 10 LIMIT 1   [ RunTime:0.0010s ]
NOTIC: [2] Missing argument 3 for Org\Helper\TMP::QCWRITECACHE(), called in D:\xampp\htdocs\photocms\Core\Library\Org\Helper\TMP.class.php on line 128 and defined D:\xampp\htdocs\photocms\Core\Library\Org\Helper\TMP.class.php 第 138 行.
NOTIC: [8] Undefined variable: cache D:\xampp\htdocs\photocms\Core\Library\Org\Helper\TMP.class.php 第 140 行.
NOTIC: [8] Undefined offset: 1 D:\xampp\htdocs\photocms\Core\Library\Org\Helper\Route.class.php 第 54 行.
SQL: SELECT * FROM `ur7_page` WHERE `cid` = 11 LIMIT 1   [ RunTime:0.0000s ]
NOTIC: [2] Missing argument 3 for Org\Helper\TMP::QCWRITECACHE(), called in D:\xampp\htdocs\photocms\Core\Library\Org\Helper\TMP.class.php on line 128 and defined D:\xampp\htdocs\photocms\Core\Library\Org\Helper\TMP.class.php 第 138 行.
NOTIC: [8] Undefined variable: cache D:\xampp\htdocs\photocms\Core\Library\Org\Helper\TMP.class.php 第 140 行.
NOTIC: [8] Undefined offset: 1 D:\xampp\htdocs\photocms\Core\Library\Org\Helper\Route.class.php 第 54 行.
SQL: SELECT * FROM `ur7_page` WHERE `cid` = 12 LIMIT 1   [ RunTime:0.0010s ]
NOTIC: [2] Missing argument 3 for Org\Helper\TMP::QCWRITECACHE(), called in D:\xampp\htdocs\photocms\Core\Library\Org\Helper\TMP.class.php on line 128 and defined D:\xampp\htdocs\photocms\Core\Library\Org\Helper\TMP.class.php 第 138 行.
NOTIC: [8] Undefined variable: cache D:\xampp\htdocs\photocms\Core\Library\Org\Helper\TMP.class.php 第 140 行.
NOTIC: [8] Undefined offset: 1 D:\xampp\htdocs\photocms\Core\Library\Org\Helper\Route.class.php 第 54 行.
NOTIC: [8] Use of undefined constant JS_PATH - assumed 'JS_PATH' D:\xampp\htdocs\photocms\Template\Site\BootStrap\Layout\footer.php 第 57 行.
NOTIC: [8] Use of undefined constant JS_PATH - assumed 'JS_PATH' D:\xampp\htdocs\photocms\Template\Site\BootStrap\Layout\footer.php 第 58 行.
INFO: [ view_filter ] --START--
INFO: Run Behavior\WriteHtmlCacheBehavior [ RunTime:0.029003s ]
INFO: [ view_filter ] --END-- [ RunTime:0.029003s ]
INFO: [ app_end ] --START--
INFO: Run Behavior\ShowPageTraceBehavior [ RunTime:0.016001s ]
INFO: [ app_end ] --END-- [ RunTime:0.016001s ]

[ 2015-09-09T13:29:50+08:00 ] 127.0.0.1 /photocms/
INFO: [ app_init ] --START--
INFO: Run Behavior\BuildLiteBehavior [ RunTime:0.000000s ]
INFO: [ app_init ] --END-- [ RunTime:0.001000s ]
INFO: [ app_begin ] --START--
INFO: Run Behavior\ReadHtmlCacheBehavior [ RunTime:0.002000s ]
INFO: Run Behavior\FlChkLangBehavior [ RunTime:0.001000s ]
INFO: [ app_begin ] --END-- [ RunTime:0.003000s ]
NOTIC: [8] Undefined variable: nowlang D:\xampp\htdocs\photocms\Site\Common\Controller\SiteController.class.php 第 46 行.
NOTIC: [8] Undefined variable: nowlang D:\xampp\htdocs\photocms\Site\Common\Controller\SiteController.class.php 第 47 行.
NOTIC: [8] Undefined variable: lid D:\xampp\htdocs\photocms\Site\Common\Common\function.php 第 174 行.
NOTIC: [2] md5_file(/photocms/Template/Site/BootStrap/Layout/Css/style.css): failed to open stream: No such file or directory D:\xampp\htdocs\photocms\Config\functions.php 第 278 行.
NOTIC: [2] md5_file(/photocms/Template/Site/BootStrap/Layout/Css/style.css): failed to open stream: No such file or directory D:\xampp\htdocs\photocms\Config\functions.php 第 278 行.
NOTIC: [8] Undefined offset: 1 D:\xampp\htdocs\photocms\Core\Library\Org\Helper\Route.class.php 第 54 行.
NOTIC: [8] Undefined offset: 1 D:\xampp\htdocs\photocms\Core\Library\Org\Helper\Route.class.php 第 54 行.
NOTIC: [8] Undefined offset: 1 D:\xampp\htdocs\photocms\Core\Library\Org\Helper\Route.class.php 第 54 行.
NOTIC: [8] Use of undefined constant JS_PATH - assumed 'JS_PATH' D:\xampp\htdocs\photocms\Template\Site\BootStrap\Layout\footer.php 第 57 行.
NOTIC: [8] Use of undefined constant JS_PATH - assumed 'JS_PATH' D:\xampp\htdocs\photocms\Template\Site\BootStrap\Layout\footer.php 第 58 行.
INFO: [ view_filter ] --START--
INFO: Run Behavior\WriteHtmlCacheBehavior [ RunTime:0.002001s ]
INFO: [ view_filter ] --END-- [ RunTime:0.002001s ]
INFO: [ app_end ] --START--
INFO: Run Behavior\ShowPageTraceBehavior [ RunTime:0.001000s ]
INFO: [ app_end ] --END-- [ RunTime:0.001000s ]

[ 2015-09-09T13:30:55+08:00 ] 127.0.0.1 /photocms/
INFO: [ app_init ] --START--
INFO: Run Behavior\BuildLiteBehavior [ RunTime:0.000000s ]
INFO: [ app_init ] --END-- [ RunTime:0.001000s ]
INFO: [ app_begin ] --START--
INFO: Run Behavior\ReadHtmlCacheBehavior [ RunTime:0.002000s ]
INFO: Run Behavior\FlChkLangBehavior [ RunTime:0.001000s ]
INFO: [ app_begin ] --END-- [ RunTime:0.004000s ]
NOTIC: [8] Undefined variable: nowlang D:\xampp\htdocs\photocms\Site\Common\Controller\SiteController.class.php 第 46 行.
NOTIC: [8] Undefined variable: nowlang D:\xampp\htdocs\photocms\Site\Common\Controller\SiteController.class.php 第 47 行.
NOTIC: [8] Undefined variable: lid D:\xampp\htdocs\photocms\Site\Common\Common\function.php 第 174 行.
NOTIC: [2] md5_file(/photocms/Template/Site/BootStrap/Layout/Css/style.css): failed to open stream: No such file or directory D:\xampp\htdocs\photocms\Config\functions.php 第 279 行.
NOTIC: [2] md5_file(/photocms/Template/Site/BootStrap/Layout/Css/style.css): failed to open stream: No such file or directory D:\xampp\htdocs\photocms\Config\functions.php 第 279 行.
NOTIC: [8] Undefined offset: 1 D:\xampp\htdocs\photocms\Core\Library\Org\Helper\Route.class.php 第 54 行.
NOTIC: [8] Undefined offset: 1 D:\xampp\htdocs\photocms\Core\Library\Org\Helper\Route.class.php 第 54 行.
NOTIC: [8] Undefined offset: 1 D:\xampp\htdocs\photocms\Core\Library\Org\Helper\Route.class.php 第 54 行.
NOTIC: [8] Use of undefined constant JS_PATH - assumed 'JS_PATH' D:\xampp\htdocs\photocms\Template\Site\BootStrap\Layout\footer.php 第 57 行.
NOTIC: [8] Use of undefined constant JS_PATH - assumed 'JS_PATH' D:\xampp\htdocs\photocms\Template\Site\BootStrap\Layout\footer.php 第 58 行.
INFO: [ view_filter ] --START--
INFO: Run Behavior\WriteHtmlCacheBehavior [ RunTime:0.001001s ]
INFO: [ view_filter ] --END-- [ RunTime:0.001001s ]
INFO: [ app_end ] --START--
INFO: Run Behavior\ShowPageTraceBehavior [ RunTime:0.002000s ]
INFO: [ app_end ] --END-- [ RunTime:0.002000s ]

[ 2015-09-09T13:31:06+08:00 ] 127.0.0.1 /photocms/
INFO: [ app_init ] --START--
INFO: Run Behavior\BuildLiteBehavior [ RunTime:0.000000s ]
INFO: [ app_init ] --END-- [ RunTime:0.001000s ]
INFO: [ app_begin ] --START--
INFO: Run Behavior\ReadHtmlCacheBehavior [ RunTime:0.001000s ]
INFO: Run Behavior\FlChkLangBehavior [ RunTime:0.001000s ]
INFO: [ app_begin ] --END-- [ RunTime:0.002000s ]
NOTIC: [8] Undefined variable: nowlang D:\xampp\htdocs\photocms\Site\Common\Controller\SiteController.class.php 第 46 行.
NOTIC: [8] Undefined variable: nowlang D:\xampp\htdocs\photocms\Site\Common\Controller\SiteController.class.php 第 47 行.
NOTIC: [8] Undefined variable: lid D:\xampp\htdocs\photocms\Site\Common\Common\function.php 第 174 行.
NOTIC: [2] md5_file(/photocms/Template/Site/BootStrap/Layout/Css/style.css): failed to open stream: No such file or directory D:\xampp\htdocs\photocms\Config\functions.php 第 279 行.
NOTIC: [2] md5_file(/photocms/Template/Site/BootStrap/Layout/Css/style.css): failed to open stream: No such file or directory D:\xampp\htdocs\photocms\Config\functions.php 第 279 行.
NOTIC: [8] Undefined offset: 1 D:\xampp\htdocs\photocms\Core\Library\Org\Helper\Route.class.php 第 54 行.
NOTIC: [8] Undefined offset: 1 D:\xampp\htdocs\photocms\Core\Library\Org\Helper\Route.class.php 第 54 行.
NOTIC: [8] Undefined offset: 1 D:\xampp\htdocs\photocms\Core\Library\Org\Helper\Route.class.php 第 54 行.
NOTIC: [8] Use of undefined constant JS_PATH - assumed 'JS_PATH' D:\xampp\htdocs\photocms\Template\Site\BootStrap\Layout\footer.php 第 57 行.
NOTIC: [8] Use of undefined constant JS_PATH - assumed 'JS_PATH' D:\xampp\htdocs\photocms\Template\Site\BootStrap\Layout\footer.php 第 58 行.
INFO: [ view_filter ] --START--
INFO: Run Behavior\WriteHtmlCacheBehavior [ RunTime:0.001000s ]
INFO: [ view_filter ] --END-- [ RunTime:0.001000s ]
INFO: [ app_end ] --START--
INFO: Run Behavior\ShowPageTraceBehavior [ RunTime:0.001000s ]
INFO: [ app_end ] --END-- [ RunTime:0.001000s ]

[ 2015-09-09T13:31:12+08:00 ] 127.0.0.1 /photocms/
INFO: [ app_init ] --START--
INFO: Run Behavior\BuildLiteBehavior [ RunTime:0.000000s ]
INFO: [ app_init ] --END-- [ RunTime:0.001001s ]
INFO: [ app_begin ] --START--
INFO: Run Behavior\ReadHtmlCacheBehavior [ RunTime:0.001000s ]
INFO: Run Behavior\FlChkLangBehavior [ RunTime:0.001000s ]
INFO: [ app_begin ] --END-- [ RunTime:0.003000s ]
NOTIC: [8] Undefined variable: nowlang D:\xampp\htdocs\photocms\Site\Common\Controller\SiteController.class.php 第 46 行.
NOTIC: [8] Undefined variable: nowlang D:\xampp\htdocs\photocms\Site\Common\Controller\SiteController.class.php 第 47 行.
NOTIC: [8] Undefined variable: lid D:\xampp\htdocs\photocms\Site\Common\Common\function.php 第 174 行.
NOTIC: [2] md5_file(/photocms/Template/Site/BootStrap/Layout/Css/style.css): failed to open stream: No such file or directory D:\xampp\htdocs\photocms\Config\functions.php 第 279 行.
NOTIC: [2] md5_file(/photocms/Template/Site/BootStrap/Layout/Css/style.css): failed to open stream: No such file or directory D:\xampp\htdocs\photocms\Config\functions.php 第 279 行.
NOTIC: [8] Undefined offset: 1 D:\xampp\htdocs\photocms\Core\Library\Org\Helper\Route.class.php 第 54 行.
NOTIC: [8] Undefined offset: 1 D:\xampp\htdocs\photocms\Core\Library\Org\Helper\Route.class.php 第 54 行.
NOTIC: [8] Undefined offset: 1 D:\xampp\htdocs\photocms\Core\Library\Org\Helper\Route.class.php 第 54 行.
NOTIC: [8] Use of undefined constant JS_PATH - assumed 'JS_PATH' D:\xampp\htdocs\photocms\Template\Site\BootStrap\Layout\footer.php 第 57 行.
NOTIC: [8] Use of undefined constant JS_PATH - assumed 'JS_PATH' D:\xampp\htdocs\photocms\Template\Site\BootStrap\Layout\footer.php 第 58 行.
INFO: [ view_filter ] --START--
INFO: Run Behavior\WriteHtmlCacheBehavior [ RunTime:0.001000s ]
INFO: [ view_filter ] --END-- [ RunTime:0.001000s ]
INFO: [ app_end ] --START--
INFO: Run Behavior\ShowPageTraceBehavior [ RunTime:0.001000s ]
INFO: [ app_end ] --END-- [ RunTime:0.001000s ]

[ 2015-09-09T13:31:22+08:00 ] 127.0.0.1 /photocms/
INFO: [ app_init ] --START--
INFO: Run Behavior\BuildLiteBehavior [ RunTime:0.000000s ]
INFO: [ app_init ] --END-- [ RunTime:0.000000s ]
INFO: [ app_begin ] --START--
INFO: Run Behavior\ReadHtmlCacheBehavior [ RunTime:0.000000s ]
INFO: Run Behavior\FlChkLangBehavior [ RunTime:0.001001s ]
INFO: [ app_begin ] --END-- [ RunTime:0.003001s ]
NOTIC: [8] Undefined variable: nowlang D:\xampp\htdocs\photocms\Site\Common\Controller\SiteController.class.php 第 46 行.
NOTIC: [8] Undefined variable: nowlang D:\xampp\htdocs\photocms\Site\Common\Controller\SiteController.class.php 第 47 行.
NOTIC: [8] Undefined variable: lid D:\xampp\htdocs\photocms\Site\Common\Common\function.php 第 174 行.
NOTIC: [2] md5_file(/photocms/Template/Site/BootStrap/Layout/Css/style.css): failed to open stream: No such file or directory D:\xampp\htdocs\photocms\Config\functions.php 第 279 行.
NOTIC: [2] md5_file(/photocms/Template/Site/BootStrap/Layout/Css/style.css): failed to open stream: No such file or directory D:\xampp\htdocs\photocms\Config\functions.php 第 279 行.
NOTIC: [8] Undefined offset: 1 D:\xampp\htdocs\photocms\Core\Library\Org\Helper\Route.class.php 第 54 行.
NOTIC: [8] Undefined offset: 1 D:\xampp\htdocs\photocms\Core\Library\Org\Helper\Route.class.php 第 54 行.
NOTIC: [8] Undefined offset: 1 D:\xampp\htdocs\photocms\Core\Library\Org\Helper\Route.class.php 第 54 行.
NOTIC: [8] Use of undefined constant JS_PATH - assumed 'JS_PATH' D:\xampp\htdocs\photocms\Template\Site\BootStrap\Layout\footer.php 第 57 行.
NOTIC: [8] Use of undefined constant JS_PATH - assumed 'JS_PATH' D:\xampp\htdocs\photocms\Template\Site\BootStrap\Layout\footer.php 第 58 行.
INFO: [ view_filter ] --START--
INFO: Run Behavior\WriteHtmlCacheBehavior [ RunTime:0.001000s ]
INFO: [ view_filter ] --END-- [ RunTime:0.001000s ]
INFO: [ app_end ] --START--
INFO: Run Behavior\ShowPageTraceBehavior [ RunTime:0.001001s ]
INFO: [ app_end ] --END-- [ RunTime:0.002001s ]

[ 2015-09-09T13:31:33+08:00 ] 127.0.0.1 /photocms/
INFO: [ app_init ] --START--
INFO: Run Behavior\BuildLiteBehavior [ RunTime:0.000000s ]
INFO: [ app_init ] --END-- [ RunTime:0.000000s ]
INFO: [ app_begin ] --START--
INFO: Run Behavior\ReadHtmlCacheBehavior [ RunTime:0.001001s ]
INFO: Run Behavior\FlChkLangBehavior [ RunTime:0.002000s ]
INFO: [ app_begin ] --END-- [ RunTime:0.003001s ]
NOTIC: [8] Undefined variable: nowlang D:\xampp\htdocs\photocms\Site\Common\Controller\SiteController.class.php 第 46 行.
NOTIC: [8] Undefined variable: nowlang D:\xampp\htdocs\photocms\Site\Common\Controller\SiteController.class.php 第 47 行.
NOTIC: [8] Undefined variable: lid D:\xampp\htdocs\photocms\Site\Common\Common\function.php 第 174 行.
NOTIC: [2] md5_file(/photocms/Template/Site/BootStrap/Layout/Css/style.css): failed to open stream: No such file or directory D:\xampp\htdocs\photocms\Config\functions.php 第 279 行.
NOTIC: [2] md5_file(/photocms/Template/Site/BootStrap/Layout/Css/style.css): failed to open stream: No such file or directory D:\xampp\htdocs\photocms\Config\functions.php 第 279 行.
NOTIC: [8] Undefined offset: 1 D:\xampp\htdocs\photocms\Core\Library\Org\Helper\Route.class.php 第 54 行.
NOTIC: [8] Undefined offset: 1 D:\xampp\htdocs\photocms\Core\Library\Org\Helper\Route.class.php 第 54 行.
NOTIC: [8] Undefined offset: 1 D:\xampp\htdocs\photocms\Core\Library\Org\Helper\Route.class.php 第 54 行.
NOTIC: [8] Use of undefined constant JS_PATH - assumed 'JS_PATH' D:\xampp\htdocs\photocms\Template\Site\BootStrap\Layout\footer.php 第 57 行.
NOTIC: [8] Use of undefined constant JS_PATH - assumed 'JS_PATH' D:\xampp\htdocs\photocms\Template\Site\BootStrap\Layout\footer.php 第 58 行.
INFO: [ view_filter ] --START--
INFO: Run Behavior\WriteHtmlCacheBehavior [ RunTime:0.001000s ]
INFO: [ view_filter ] --END-- [ RunTime:0.001000s ]
INFO: [ app_end ] --START--
INFO: Run Behavior\ShowPageTraceBehavior [ RunTime:0.001000s ]
INFO: [ app_end ] --END-- [ RunTime:0.001000s ]

[ 2015-09-09T13:31:58+08:00 ] 127.0.0.1 /photocms/
INFO: [ app_init ] --START--
INFO: Run Behavior\BuildLiteBehavior [ RunTime:0.000000s ]
INFO: [ app_init ] --END-- [ RunTime:0.001000s ]
INFO: [ app_begin ] --START--
INFO: Run Behavior\ReadHtmlCacheBehavior [ RunTime:0.002000s ]
INFO: Run Behavior\FlChkLangBehavior [ RunTime:0.002001s ]
INFO: [ app_begin ] --END-- [ RunTime:0.004001s ]
NOTIC: [8] Undefined variable: nowlang D:\xampp\htdocs\photocms\Site\Common\Controller\SiteController.class.php 第 46 行.
NOTIC: [8] Undefined variable: nowlang D:\xampp\htdocs\photocms\Site\Common\Controller\SiteController.class.php 第 47 行.
NOTIC: [8] Undefined variable: lid D:\xampp\htdocs\photocms\Site\Common\Common\function.php 第 174 行.
NOTIC: [2] md5_file(/photocms/Template/Site/BootStrap/Layout/Css/style.css): failed to open stream: No such file or directory D:\xampp\htdocs\photocms\Config\functions.php 第 279 行.
NOTIC: [2] md5_file(/photocms/Template/Site/BootStrap/Layout/Css/style.css): failed to open stream: No such file or directory D:\xampp\htdocs\photocms\Config\functions.php 第 279 行.
NOTIC: [2] md5_file(/photocms/Template/Site/BootStrap/Layout/Css/style.css): failed to open stream: No such file or directory D:\xampp\htdocs\photocms\Config\functions.php 第 279 行.
NOTIC: [2] md5_file(/photocms/Template/Site/BootStrap/Layout/Css/style.css): failed to open stream: No such file or directory D:\xampp\htdocs\photocms\Config\functions.php 第 279 行.
NOTIC: [2] md5_file(/photocms/Template/Site/BootStrap/Layout/Css/style.css): failed to open stream: No such file or directory D:\xampp\htdocs\photocms\Config\functions.php 第 279 行.
NOTIC: [8] Undefined offset: 1 D:\xampp\htdocs\photocms\Core\Library\Org\Helper\Route.class.php 第 54 行.
NOTIC: [8] Undefined offset: 1 D:\xampp\htdocs\photocms\Core\Library\Org\Helper\Route.class.php 第 54 行.
NOTIC: [8] Undefined offset: 1 D:\xampp\htdocs\photocms\Core\Library\Org\Helper\Route.class.php 第 54 行.
NOTIC: [8] Use of undefined constant JS_PATH - assumed 'JS_PATH' D:\xampp\htdocs\photocms\Template\Site\BootStrap\Layout\footer.php 第 57 行.
NOTIC: [8] Use of undefined constant JS_PATH - assumed 'JS_PATH' D:\xampp\htdocs\photocms\Template\Site\BootStrap\Layout\footer.php 第 58 行.
INFO: [ view_filter ] --START--
INFO: Run Behavior\WriteHtmlCacheBehavior [ RunTime:0.001000s ]
INFO: [ view_filter ] --END-- [ RunTime:0.001000s ]
INFO: [ app_end ] --START--
INFO: Run Behavior\ShowPageTraceBehavior [ RunTime:0.001000s ]
INFO: [ app_end ] --END-- [ RunTime:0.001000s ]

[ 2015-09-09T13:31:59+08:00 ] 127.0.0.1 /photocms/
INFO: [ app_init ] --START--
INFO: Run Behavior\BuildLiteBehavior [ RunTime:0.000000s ]
INFO: [ app_init ] --END-- [ RunTime:0.001000s ]
INFO: [ app_begin ] --START--
INFO: Run Behavior\ReadHtmlCacheBehavior [ RunTime:0.001000s ]
INFO: Run Behavior\FlChkLangBehavior [ RunTime:0.001000s ]
INFO: [ app_begin ] --END-- [ RunTime:0.002000s ]
NOTIC: [8] Undefined variable: nowlang D:\xampp\htdocs\photocms\Site\Common\Controller\SiteController.class.php 第 46 行.
NOTIC: [8] Undefined variable: nowlang D:\xampp\htdocs\photocms\Site\Common\Controller\SiteController.class.php 第 47 行.
NOTIC: [8] Undefined variable: lid D:\xampp\htdocs\photocms\Site\Common\Common\function.php 第 174 行.
NOTIC: [2] md5_file(/photocms/Template/Site/BootStrap/Layout/Css/style.css): failed to open stream: No such file or directory D:\xampp\htdocs\photocms\Config\functions.php 第 279 行.
NOTIC: [2] md5_file(/photocms/Template/Site/BootStrap/Layout/Css/style.css): failed to open stream: No such file or directory D:\xampp\htdocs\photocms\Config\functions.php 第 279 行.
NOTIC: [2] md5_file(/photocms/Template/Site/BootStrap/Layout/Css/style.css): failed to open stream: No such file or directory D:\xampp\htdocs\photocms\Config\functions.php 第 279 行.
NOTIC: [2] md5_file(/photocms/Template/Site/BootStrap/Layout/Css/style.css): failed to open stream: No such file or directory D:\xampp\htdocs\photocms\Config\functions.php 第 279 行.
NOTIC: [2] md5_file(/photocms/Template/Site/BootStrap/Layout/Css/style.css): failed to open stream: No such file or directory D:\xampp\htdocs\photocms\Config\functions.php 第 279 行.
NOTIC: [8] Undefined offset: 1 D:\xampp\htdocs\photocms\Core\Library\Org\Helper\Route.class.php 第 54 行.
NOTIC: [8] Undefined offset: 1 D:\xampp\htdocs\photocms\Core\Library\Org\Helper\Route.class.php 第 54 行.
NOTIC: [8] Undefined offset: 1 D:\xampp\htdocs\photocms\Core\Library\Org\Helper\Route.class.php 第 54 行.
NOTIC: [8] Use of undefined constant JS_PATH - assumed 'JS_PATH' D:\xampp\htdocs\photocms\Template\Site\BootStrap\Layout\footer.php 第 57 行.
NOTIC: [8] Use of undefined constant JS_PATH - assumed 'JS_PATH' D:\xampp\htdocs\photocms\Template\Site\BootStrap\Layout\footer.php 第 58 行.
INFO: [ view_filter ] --START--
INFO: Run Behavior\WriteHtmlCacheBehavior [ RunTime:0.001000s ]
INFO: [ view_filter ] --END-- [ RunTime:0.001000s ]
INFO: [ app_end ] --START--
INFO: Run Behavior\ShowPageTraceBehavior [ RunTime:0.001000s ]
INFO: [ app_end ] --END-- [ RunTime:0.001000s ]

[ 2015-09-09T13:32:02+08:00 ] 127.0.0.1 /photocms/
INFO: [ app_init ] --START--
INFO: Run Behavior\BuildLiteBehavior [ RunTime:0.001000s ]
INFO: [ app_init ] --END-- [ RunTime:0.001000s ]
INFO: [ app_begin ] --START--
INFO: Run Behavior\ReadHtmlCacheBehavior [ RunTime:0.001000s ]
INFO: Run Behavior\FlChkLangBehavior [ RunTime:0.001000s ]
INFO: [ app_begin ] --END-- [ RunTime:0.002000s ]
NOTIC: [8] Undefined variable: nowlang D:\xampp\htdocs\photocms\Site\Common\Controller\SiteController.class.php 第 46 行.
NOTIC: [8] Undefined variable: nowlang D:\xampp\htdocs\photocms\Site\Common\Controller\SiteController.class.php 第 47 行.
NOTIC: [8] Undefined variable: lid D:\xampp\htdocs\photocms\Site\Common\Common\function.php 第 174 行.
NOTIC: [2] md5_file(/photocms/Template/Site/BootStrap/Layout/Css/style.css): failed to open stream: No such file or directory D:\xampp\htdocs\photocms\Config\functions.php 第 279 行.
NOTIC: [2] md5_file(/photocms/Template/Site/BootStrap/Layout/Css/style.css): failed to open stream: No such file or directory D:\xampp\htdocs\photocms\Config\functions.php 第 279 行.
NOTIC: [2] md5_file(/photocms/Template/Site/BootStrap/Layout/Css/style.css): failed to open stream: No such file or directory D:\xampp\htdocs\photocms\Config\functions.php 第 279 行.
NOTIC: [2] md5_file(/photocms/Template/Site/BootStrap/Layout/Css/style.css): failed to open stream: No such file or directory D:\xampp\htdocs\photocms\Config\functions.php 第 279 行.
NOTIC: [2] md5_file(/photocms/Template/Site/BootStrap/Layout/Css/style.css): failed to open stream: No such file or directory D:\xampp\htdocs\photocms\Config\functions.php 第 279 行.
NOTIC: [8] Undefined offset: 1 D:\xampp\htdocs\photocms\Core\Library\Org\Helper\Route.class.php 第 54 行.
NOTIC: [8] Undefined offset: 1 D:\xampp\htdocs\photocms\Core\Library\Org\Helper\Route.class.php 第 54 行.
NOTIC: [8] Undefined offset: 1 D:\xampp\htdocs\photocms\Core\Library\Org\Helper\Route.class.php 第 54 行.
NOTIC: [8] Use of undefined constant JS_PATH - assumed 'JS_PATH' D:\xampp\htdocs\photocms\Template\Site\BootStrap\Layout\footer.php 第 57 行.
NOTIC: [8] Use of undefined constant JS_PATH - assumed 'JS_PATH' D:\xampp\htdocs\photocms\Template\Site\BootStrap\Layout\footer.php 第 58 行.
INFO: [ view_filter ] --START--
INFO: Run Behavior\WriteHtmlCacheBehavior [ RunTime:0.000000s ]
INFO: [ view_filter ] --END-- [ RunTime:0.000000s ]
INFO: [ app_end ] --START--
INFO: Run Behavior\ShowPageTraceBehavior [ RunTime:0.001000s ]
INFO: [ app_end ] --END-- [ RunTime:0.001000s ]

[ 2015-09-09T13:38:22+08:00 ] 127.0.0.1 /photocms/
INFO: [ app_init ] --START--
INFO: Run Behavior\BuildLiteBehavior [ RunTime:0.000000s ]
INFO: [ app_init ] --END-- [ RunTime:0.001000s ]
INFO: [ app_begin ] --START--
INFO: Run Behavior\ReadHtmlCacheBehavior [ RunTime:0.001000s ]
INFO: Run Behavior\FlChkLangBehavior [ RunTime:0.001000s ]
INFO: [ app_begin ] --END-- [ RunTime:0.002000s ]
NOTIC: [8] Undefined variable: nowlang D:\xampp\htdocs\photocms\Site\Common\Controller\SiteController.class.php 第 46 行.
NOTIC: [8] Undefined variable: nowlang D:\xampp\htdocs\photocms\Site\Common\Controller\SiteController.class.php 第 47 行.
NOTIC: [8] Undefined variable: lid D:\xampp\htdocs\photocms\Site\Common\Common\function.php 第 174 行.
NOTIC: [2] md5_file(/photocms/Template/Site/BootStrap/Layout/Css/style.css): failed to open stream: No such file or directory D:\xampp\htdocs\photocms\Config\functions.php 第 284 行.
NOTIC: [8] Undefined offset: 1 D:\xampp\htdocs\photocms\Core\Library\Org\Helper\Route.class.php 第 54 行.
NOTIC: [8] Undefined offset: 1 D:\xampp\htdocs\photocms\Core\Library\Org\Helper\Route.class.php 第 54 行.
NOTIC: [8] Undefined offset: 1 D:\xampp\htdocs\photocms\Core\Library\Org\Helper\Route.class.php 第 54 行.
NOTIC: [8] Use of undefined constant JS_PATH - assumed 'JS_PATH' D:\xampp\htdocs\photocms\Template\Site\BootStrap\Layout\footer.php 第 57 行.
NOTIC: [8] Use of undefined constant JS_PATH - assumed 'JS_PATH' D:\xampp\htdocs\photocms\Template\Site\BootStrap\Layout\footer.php 第 58 行.
INFO: [ view_filter ] --START--
INFO: Run Behavior\WriteHtmlCacheBehavior [ RunTime:0.000000s ]
INFO: [ view_filter ] --END-- [ RunTime:0.000000s ]
INFO: [ app_end ] --START--
INFO: Run Behavior\ShowPageTraceBehavior [ RunTime:0.001000s ]
INFO: [ app_end ] --END-- [ RunTime:0.001000s ]

[ 2015-09-09T13:39:00+08:00 ] 127.0.0.1 /photocms/
INFO: [ app_init ] --START--
INFO: Run Behavior\BuildLiteBehavior [ RunTime:0.000000s ]
INFO: [ app_init ] --END-- [ RunTime:0.000000s ]
INFO: [ app_begin ] --START--
INFO: Run Behavior\ReadHtmlCacheBehavior [ RunTime:0.001000s ]
INFO: Run Behavior\FlChkLangBehavior [ RunTime:0.001000s ]
INFO: [ app_begin ] --END-- [ RunTime:0.002000s ]
NOTIC: [8] Undefined variable: nowlang D:\xampp\htdocs\photocms\Site\Common\Controller\SiteController.class.php 第 46 行.
NOTIC: [8] Undefined variable: nowlang D:\xampp\htdocs\photocms\Site\Common\Controller\SiteController.class.php 第 47 行.
NOTIC: [8] Undefined variable: lid D:\xampp\htdocs\photocms\Site\Common\Common\function.php 第 174 行.
NOTIC: [2] md5_file(/photocms/Template/Site/BootStrap/Layout/Css/bootstrap.min.css): failed to open stream: No such file or directory D:\xampp\htdocs\photocms\Config\functions.php 第 284 行.
NOTIC: [2] md5_file(/photocms/Template/Site/BootStrap/Layout/Css/prettyPhoto.css): failed to open stream: No such file or directory D:\xampp\htdocs\photocms\Config\functions.php 第 284 行.
NOTIC: [2] md5_file(/photocms/Template/Site/BootStrap/Layout/Css/flexslider.css): failed to open stream: No such file or directory D:\xampp\htdocs\photocms\Config\functions.php 第 284 行.
NOTIC: [2] md5_file(/photocms/Template/Site/BootStrap/Layout/Css/font-awesome.css): failed to open stream: No such file or directory D:\xampp\htdocs\photocms\Config\functions.php 第 284 行.
NOTIC: [2] md5_file(/photocms/Template/Site/BootStrap/Layout/Css/style.css): failed to open stream: No such file or directory D:\xampp\htdocs\photocms\Config\functions.php 第 284 行.
NOTIC: [8] Undefined offset: 1 D:\xampp\htdocs\photocms\Core\Library\Org\Helper\Route.class.php 第 54 行.
NOTIC: [8] Undefined offset: 1 D:\xampp\htdocs\photocms\Core\Library\Org\Helper\Route.class.php 第 54 行.
NOTIC: [8] Undefined offset: 1 D:\xampp\htdocs\photocms\Core\Library\Org\Helper\Route.class.php 第 54 行.
NOTIC: [8] Use of undefined constant JS_PATH - assumed 'JS_PATH' D:\xampp\htdocs\photocms\Template\Site\BootStrap\Layout\footer.php 第 57 行.
NOTIC: [8] Use of undefined constant JS_PATH - assumed 'JS_PATH' D:\xampp\htdocs\photocms\Template\Site\BootStrap\Layout\footer.php 第 58 行.
INFO: [ view_filter ] --START--
INFO: Run Behavior\WriteHtmlCacheBehavior [ RunTime:0.000000s ]
INFO: [ view_filter ] --END-- [ RunTime:0.000000s ]
INFO: [ app_end ] --START--
INFO: Run Behavior\ShowPageTraceBehavior [ RunTime:0.001000s ]
INFO: [ app_end ] --END-- [ RunTime:0.001000s ]

[ 2015-09-09T13:40:39+08:00 ] 127.0.0.1 /photocms/
INFO: [ app_init ] --START--
INFO: Run Behavior\BuildLiteBehavior [ RunTime:0.000000s ]
INFO: [ app_init ] --END-- [ RunTime:0.000000s ]
INFO: [ app_begin ] --START--
INFO: Run Behavior\ReadHtmlCacheBehavior [ RunTime:0.001000s ]
INFO: Run Behavior\FlChkLangBehavior [ RunTime:0.001000s ]
INFO: [ app_begin ] --END-- [ RunTime:0.002000s ]
NOTIC: [8] Undefined variable: nowlang D:\xampp\htdocs\photocms\Site\Common\Controller\SiteController.class.php 第 46 行.
NOTIC: [8] Undefined variable: nowlang D:\xampp\htdocs\photocms\Site\Common\Controller\SiteController.class.php 第 47 行.
NOTIC: [8] Undefined variable: lid D:\xampp\htdocs\photocms\Site\Common\Common\function.php 第 174 行.
NOTIC: [2] md5_file(/photocms/Template/Site/BootStrap/Layout/Css/bootstrap.min.css): failed to open stream: No such file or directory D:\xampp\htdocs\photocms\Config\functions.php 第 284 行.
NOTIC: [2] md5_file(/photocms/Template/Site/BootStrap/Layout/Css/prettyPhoto.css): failed to open stream: No such file or directory D:\xampp\htdocs\photocms\Config\functions.php 第 284 行.
NOTIC: [2] md5_file(/photocms/Template/Site/BootStrap/Layout/Css/flexslider.css): failed to open stream: No such file or directory D:\xampp\htdocs\photocms\Config\functions.php 第 284 行.
NOTIC: [2] md5_file(/photocms/Template/Site/BootStrap/Layout/Css/font-awesome.css): failed to open stream: No such file or directory D:\xampp\htdocs\photocms\Config\functions.php 第 284 行.
NOTIC: [2] md5_file(/photocms/Template/Site/BootStrap/Layout/Css/style.css): failed to open stream: No such file or directory D:\xampp\htdocs\photocms\Config\functions.php 第 284 行.
NOTIC: [8] Undefined offset: 1 D:\xampp\htdocs\photocms\Core\Library\Org\Helper\Route.class.php 第 54 行.
NOTIC: [8] Undefined offset: 1 D:\xampp\htdocs\photocms\Core\Library\Org\Helper\Route.class.php 第 54 行.
NOTIC: [8] Undefined offset: 1 D:\xampp\htdocs\photocms\Core\Library\Org\Helper\Route.class.php 第 54 行.
NOTIC: [8] Use of undefined constant JS_PATH - assumed 'JS_PATH' D:\xampp\htdocs\photocms\Template\Site\BootStrap\Layout\footer.php 第 57 行.
NOTIC: [8] Use of undefined constant JS_PATH - assumed 'JS_PATH' D:\xampp\htdocs\photocms\Template\Site\BootStrap\Layout\footer.php 第 58 行.
INFO: [ view_filter ] --START--
INFO: Run Behavior\WriteHtmlCacheBehavior [ RunTime:0.001000s ]
INFO: [ view_filter ] --END-- [ RunTime:0.001000s ]
INFO: [ app_end ] --START--
INFO: Run Behavior\ShowPageTraceBehavior [ RunTime:0.001001s ]
INFO: [ app_end ] --END-- [ RunTime:0.001001s ]

[ 2015-09-09T13:40:55+08:00 ] 127.0.0.1 /photocms/
INFO: [ app_init ] --START--
INFO: Run Behavior\BuildLiteBehavior [ RunTime:0.000000s ]
INFO: [ app_init ] --END-- [ RunTime:0.000000s ]
INFO: [ app_begin ] --START--
INFO: Run Behavior\ReadHtmlCacheBehavior [ RunTime:0.001000s ]
INFO: Run Behavior\FlChkLangBehavior [ RunTime:0.001000s ]
INFO: [ app_begin ] --END-- [ RunTime:0.002000s ]
NOTIC: [8] Undefined variable: nowlang D:\xampp\htdocs\photocms\Site\Common\Controller\SiteController.class.php 第 46 行.
NOTIC: [8] Undefined variable: nowlang D:\xampp\htdocs\photocms\Site\Common\Controller\SiteController.class.php 第 47 行.
NOTIC: [8] Undefined variable: lid D:\xampp\htdocs\photocms\Site\Common\Common\function.php 第 174 行.
NOTIC: [2] md5_file(/photocms/Template/Site/BootStrap/Layout/Css/bootstrap.min.css): failed to open stream: No such file or directory D:\xampp\htdocs\photocms\Config\functions.php 第 284 行.
NOTIC: [2] md5_file(/photocms/Template/Site/BootStrap/Layout/Css/prettyPhoto.css): failed to open stream: No such file or directory D:\xampp\htdocs\photocms\Config\functions.php 第 284 行.
NOTIC: [2] md5_file(/photocms/Template/Site/BootStrap/Layout/Css/flexslider.css): failed to open stream: No such file or directory D:\xampp\htdocs\photocms\Config\functions.php 第 284 行.
NOTIC: [2] md5_file(/photocms/Template/Site/BootStrap/Layout/Css/font-awesome.css): failed to open stream: No such file or directory D:\xampp\htdocs\photocms\Config\functions.php 第 284 行.
NOTIC: [2] md5_file(/photocms/Template/Site/BootStrap/Layout/Css/style.css): failed to open stream: No such file or directory D:\xampp\htdocs\photocms\Config\functions.php 第 284 行.
NOTIC: [8] Undefined offset: 1 D:\xampp\htdocs\photocms\Core\Library\Org\Helper\Route.class.php 第 54 行.
NOTIC: [8] Undefined offset: 1 D:\xampp\htdocs\photocms\Core\Library\Org\Helper\Route.class.php 第 54 行.
NOTIC: [8] Undefined offset: 1 D:\xampp\htdocs\photocms\Core\Library\Org\Helper\Route.class.php 第 54 行.
NOTIC: [8] Use of undefined constant JS_PATH - assumed 'JS_PATH' D:\xampp\htdocs\photocms\Template\Site\BootStrap\Layout\footer.php 第 57 行.
NOTIC: [8] Use of undefined constant JS_PATH - assumed 'JS_PATH' D:\xampp\htdocs\photocms\Template\Site\BootStrap\Layout\footer.php 第 58 行.
INFO: [ view_filter ] --START--
INFO: Run Behavior\WriteHtmlCacheBehavior [ RunTime:0.001000s ]
INFO: [ view_filter ] --END-- [ RunTime:0.001000s ]
INFO: [ app_end ] --START--
INFO: Run Behavior\ShowPageTraceBehavior [ RunTime:0.001000s ]
INFO: [ app_end ] --END-- [ RunTime:0.001000s ]

[ 2015-09-09T13:42:35+08:00 ] 127.0.0.1 /photocms/
INFO: [ app_init ] --START--
INFO: Run Behavior\BuildLiteBehavior [ RunTime:0.000000s ]
INFO: [ app_init ] --END-- [ RunTime:0.001000s ]
INFO: [ app_begin ] --START--
INFO: Run Behavior\ReadHtmlCacheBehavior [ RunTime:0.001000s ]
INFO: Run Behavior\FlChkLangBehavior [ RunTime:0.001000s ]
INFO: [ app_begin ] --END-- [ RunTime:0.002000s ]
NOTIC: [8] Undefined variable: nowlang D:\xampp\htdocs\photocms\Site\Common\Controller\SiteController.class.php 第 46 行.
NOTIC: [8] Undefined variable: nowlang D:\xampp\htdocs\photocms\Site\Common\Controller\SiteController.class.php 第 47 行.
NOTIC: [8] Undefined variable: lid D:\xampp\htdocs\photocms\Site\Common\Common\function.php 第 174 行.
NOTIC: [2] md5_file(/photocms/Template/Site/BootStrap/Layout/Css/bootstrap.min.css): failed to open stream: No such file or directory D:\xampp\htdocs\photocms\Config\functions.php 第 288 行.
NOTIC: [2] md5_file(/photocms/Template/Site/BootStrap/Layout/Css/prettyPhoto.css): failed to open stream: No such file or directory D:\xampp\htdocs\photocms\Config\functions.php 第 288 行.
NOTIC: [2] md5_file(/photocms/Template/Site/BootStrap/Layout/Css/flexslider.css): failed to open stream: No such file or directory D:\xampp\htdocs\photocms\Config\functions.php 第 288 行.
NOTIC: [2] md5_file(/photocms/Template/Site/BootStrap/Layout/Css/font-awesome.css): failed to open stream: No such file or directory D:\xampp\htdocs\photocms\Config\functions.php 第 288 行.
NOTIC: [2] md5_file(/photocms/Template/Site/BootStrap/Layout/Css/style.css): failed to open stream: No such file or directory D:\xampp\htdocs\photocms\Config\functions.php 第 288 行.
NOTIC: [8] Undefined offset: 1 D:\xampp\htdocs\photocms\Core\Library\Org\Helper\Route.class.php 第 54 行.
NOTIC: [8] Undefined offset: 1 D:\xampp\htdocs\photocms\Core\Library\Org\Helper\Route.class.php 第 54 行.
NOTIC: [8] Undefined offset: 1 D:\xampp\htdocs\photocms\Core\Library\Org\Helper\Route.class.php 第 54 行.
NOTIC: [8] Use of undefined constant JS_PATH - assumed 'JS_PATH' D:\xampp\htdocs\photocms\Template\Site\BootStrap\Layout\footer.php 第 57 行.
NOTIC: [8] Use of undefined constant JS_PATH - assumed 'JS_PATH' D:\xampp\htdocs\photocms\Template\Site\BootStrap\Layout\footer.php 第 58 行.
INFO: [ view_filter ] --START--
INFO: Run Behavior\WriteHtmlCacheBehavior [ RunTime:0.000000s ]
INFO: [ view_filter ] --END-- [ RunTime:0.001000s ]
INFO: [ app_end ] --START--
INFO: Run Behavior\ShowPageTraceBehavior [ RunTime:0.001000s ]
INFO: [ app_end ] --END-- [ RunTime:0.001000s ]

[ 2015-09-09T13:42:37+08:00 ] 127.0.0.1 /photocms/
INFO: [ app_init ] --START--
INFO: Run Behavior\BuildLiteBehavior [ RunTime:0.000000s ]
INFO: [ app_init ] --END-- [ RunTime:0.001000s ]
INFO: [ app_begin ] --START--
INFO: Run Behavior\ReadHtmlCacheBehavior [ RunTime:0.001000s ]
INFO: Run Behavior\FlChkLangBehavior [ RunTime:0.001000s ]
INFO: [ app_begin ] --END-- [ RunTime:0.002000s ]
NOTIC: [8] Undefined variable: nowlang D:\xampp\htdocs\photocms\Site\Common\Controller\SiteController.class.php 第 46 行.
NOTIC: [8] Undefined variable: nowlang D:\xampp\htdocs\photocms\Site\Common\Controller\SiteController.class.php 第 47 行.
NOTIC: [8] Undefined variable: lid D:\xampp\htdocs\photocms\Site\Common\Common\function.php 第 174 行.
NOTIC: [2] md5_file(/photocms/Template/Site/BootStrap/Layout/Css/bootstrap.min.css): failed to open stream: No such file or directory D:\xampp\htdocs\photocms\Config\functions.php 第 288 行.
NOTIC: [2] md5_file(/photocms/Template/Site/BootStrap/Layout/Css/prettyPhoto.css): failed to open stream: No such file or directory D:\xampp\htdocs\photocms\Config\functions.php 第 288 行.
NOTIC: [2] md5_file(/photocms/Template/Site/BootStrap/Layout/Css/flexslider.css): failed to open stream: No such file or directory D:\xampp\htdocs\photocms\Config\functions.php 第 288 行.
NOTIC: [2] md5_file(/photocms/Template/Site/BootStrap/Layout/Css/font-awesome.css): failed to open stream: No such file or directory D:\xampp\htdocs\photocms\Config\functions.php 第 288 行.
NOTIC: [2] md5_file(/photocms/Template/Site/BootStrap/Layout/Css/style.css): failed to open stream: No such file or directory D:\xampp\htdocs\photocms\Config\functions.php 第 288 行.
NOTIC: [8] Undefined offset: 1 D:\xampp\htdocs\photocms\Core\Library\Org\Helper\Route.class.php 第 54 行.
NOTIC: [8] Undefined offset: 1 D:\xampp\htdocs\photocms\Core\Library\Org\Helper\Route.class.php 第 54 行.
NOTIC: [8] Undefined offset: 1 D:\xampp\htdocs\photocms\Core\Library\Org\Helper\Route.class.php 第 54 行.
NOTIC: [8] Use of undefined constant JS_PATH - assumed 'JS_PATH' D:\xampp\htdocs\photocms\Template\Site\BootStrap\Layout\footer.php 第 57 行.
NOTIC: [8] Use of undefined constant JS_PATH - assumed 'JS_PATH' D:\xampp\htdocs\photocms\Template\Site\BootStrap\Layout\footer.php 第 58 行.
INFO: [ view_filter ] --START--
INFO: Run Behavior\WriteHtmlCacheBehavior [ RunTime:0.001000s ]
INFO: [ view_filter ] --END-- [ RunTime:0.001000s ]
INFO: [ app_end ] --START--
INFO: Run Behavior\ShowPageTraceBehavior [ RunTime:0.001000s ]
INFO: [ app_end ] --END-- [ RunTime:0.001000s ]

[ 2015-09-09T13:42:38+08:00 ] 127.0.0.1 /photocms/
INFO: [ app_init ] --START--
INFO: Run Behavior\BuildLiteBehavior [ RunTime:0.000000s ]
INFO: [ app_init ] --END-- [ RunTime:0.001000s ]
INFO: [ app_begin ] --START--
INFO: Run Behavior\ReadHtmlCacheBehavior [ RunTime:0.002000s ]
INFO: Run Behavior\FlChkLangBehavior [ RunTime:0.002000s ]
INFO: [ app_begin ] --END-- [ RunTime:0.004000s ]
NOTIC: [8] Undefined variable: nowlang D:\xampp\htdocs\photocms\Site\Common\Controller\SiteController.class.php 第 46 行.
NOTIC: [8] Undefined variable: nowlang D:\xampp\htdocs\photocms\Site\Common\Controller\SiteController.class.php 第 47 行.
NOTIC: [8] Undefined variable: lid D:\xampp\htdocs\photocms\Site\Common\Common\function.php 第 174 行.
NOTIC: [2] md5_file(/photocms/Template/Site/BootStrap/Layout/Css/bootstrap.min.css): failed to open stream: No such file or directory D:\xampp\htdocs\photocms\Config\functions.php 第 288 行.
NOTIC: [2] md5_file(/photocms/Template/Site/BootStrap/Layout/Css/prettyPhoto.css): failed to open stream: No such file or directory D:\xampp\htdocs\photocms\Config\functions.php 第 288 行.
NOTIC: [2] md5_file(/photocms/Template/Site/BootStrap/Layout/Css/flexslider.css): failed to open stream: No such file or directory D:\xampp\htdocs\photocms\Config\functions.php 第 288 行.
NOTIC: [2] md5_file(/photocms/Template/Site/BootStrap/Layout/Css/font-awesome.css): failed to open stream: No such file or directory D:\xampp\htdocs\photocms\Config\functions.php 第 288 行.
NOTIC: [2] md5_file(/photocms/Template/Site/BootStrap/Layout/Css/style.css): failed to open stream: No such file or directory D:\xampp\htdocs\photocms\Config\functions.php 第 288 行.
NOTIC: [8] Undefined offset: 1 D:\xampp\htdocs\photocms\Core\Library\Org\Helper\Route.class.php 第 54 行.
NOTIC: [8] Undefined offset: 1 D:\xampp\htdocs\photocms\Core\Library\Org\Helper\Route.class.php 第 54 行.
NOTIC: [8] Undefined offset: 1 D:\xampp\htdocs\photocms\Core\Library\Org\Helper\Route.class.php 第 54 行.
NOTIC: [8] Use of undefined constant JS_PATH - assumed 'JS_PATH' D:\xampp\htdocs\photocms\Template\Site\BootStrap\Layout\footer.php 第 57 行.
NOTIC: [8] Use of undefined constant JS_PATH - assumed 'JS_PATH' D:\xampp\htdocs\photocms\Template\Site\BootStrap\Layout\footer.php 第 58 行.
INFO: [ view_filter ] --START--
INFO: Run Behavior\WriteHtmlCacheBehavior [ RunTime:0.001000s ]
INFO: [ view_filter ] --END-- [ RunTime:0.001000s ]
INFO: [ app_end ] --START--
INFO: Run Behavior\ShowPageTraceBehavior [ RunTime:0.001000s ]
INFO: [ app_end ] --END-- [ RunTime:0.001000s ]

[ 2015-09-09T13:42:38+08:00 ] 127.0.0.1 /photocms/
INFO: [ app_init ] --START--
INFO: Run Behavior\BuildLiteBehavior [ RunTime:0.000000s ]
INFO: [ app_init ] --END-- [ RunTime:0.001000s ]
INFO: [ app_begin ] --START--
INFO: Run Behavior\ReadHtmlCacheBehavior [ RunTime:0.001000s ]
INFO: Run Behavior\FlChkLangBehavior [ RunTime:0.001000s ]
INFO: [ app_begin ] --END-- [ RunTime:0.002000s ]
NOTIC: [8] Undefined variable: nowlang D:\xampp\htdocs\photocms\Site\Common\Controller\SiteController.class.php 第 46 行.
NOTIC: [8] Undefined variable: nowlang D:\xampp\htdocs\photocms\Site\Common\Controller\SiteController.class.php 第 47 行.
NOTIC: [8] Undefined variable: lid D:\xampp\htdocs\photocms\Site\Common\Common\function.php 第 174 行.
NOTIC: [2] md5_file(/photocms/Template/Site/BootStrap/Layout/Css/bootstrap.min.css): failed to open stream: No such file or directory D:\xampp\htdocs\photocms\Config\functions.php 第 288 行.
NOTIC: [2] md5_file(/photocms/Template/Site/BootStrap/Layout/Css/prettyPhoto.css): failed to open stream: No such file or directory D:\xampp\htdocs\photocms\Config\functions.php 第 288 行.
NOTIC: [2] md5_file(/photocms/Template/Site/BootStrap/Layout/Css/flexslider.css): failed to open stream: No such file or directory D:\xampp\htdocs\photocms\Config\functions.php 第 288 行.
NOTIC: [2] md5_file(/photocms/Template/Site/BootStrap/Layout/Css/font-awesome.css): failed to open stream: No such file or directory D:\xampp\htdocs\photocms\Config\functions.php 第 288 行.
NOTIC: [2] md5_file(/photocms/Template/Site/BootStrap/Layout/Css/style.css): failed to open stream: No such file or directory D:\xampp\htdocs\photocms\Config\functions.php 第 288 行.
NOTIC: [8] Undefined offset: 1 D:\xampp\htdocs\photocms\Core\Library\Org\Helper\Route.class.php 第 54 行.
NOTIC: [8] Undefined offset: 1 D:\xampp\htdocs\photocms\Core\Library\Org\Helper\Route.class.php 第 54 行.
NOTIC: [8] Undefined offset: 1 D:\xampp\htdocs\photocms\Core\Library\Org\Helper\Route.class.php 第 54 行.
NOTIC: [8] Use of undefined constant JS_PATH - assumed 'JS_PATH' D:\xampp\htdocs\photocms\Template\Site\BootStrap\Layout\footer.php 第 57 行.
NOTIC: [8] Use of undefined constant JS_PATH - assumed 'JS_PATH' D:\xampp\htdocs\photocms\Template\Site\BootStrap\Layout\footer.php 第 58 行.
INFO: [ view_filter ] --START--
INFO: Run Behavior\WriteHtmlCacheBehavior [ RunTime:0.001000s ]
INFO: [ view_filter ] --END-- [ RunTime:0.001000s ]
INFO: [ app_end ] --START--
INFO: Run Behavior\ShowPageTraceBehavior [ RunTime:0.001000s ]
INFO: [ app_end ] --END-- [ RunTime:0.001000s ]

[ 2015-09-09T13:42:38+08:00 ] 127.0.0.1 /photocms/
INFO: [ app_init ] --START--
INFO: Run Behavior\BuildLiteBehavior [ RunTime:0.000000s ]
INFO: [ app_init ] --END-- [ RunTime:0.001000s ]
INFO: [ app_begin ] --START--
INFO: Run Behavior\ReadHtmlCacheBehavior [ RunTime:0.001000s ]
INFO: Run Behavior\FlChkLangBehavior [ RunTime:0.002000s ]
INFO: [ app_begin ] --END-- [ RunTime:0.003000s ]
NOTIC: [8] Undefined variable: nowlang D:\xampp\htdocs\photocms\Site\Common\Controller\SiteController.class.php 第 46 行.
NOTIC: [8] Undefined variable: nowlang D:\xampp\htdocs\photocms\Site\Common\Controller\SiteController.class.php 第 47 行.
NOTIC: [8] Undefined variable: lid D:\xampp\htdocs\photocms\Site\Common\Common\function.php 第 174 行.
NOTIC: [2] md5_file(/photocms/Template/Site/BootStrap/Layout/Css/bootstrap.min.css): failed to open stream: No such file or directory D:\xampp\htdocs\photocms\Config\functions.php 第 288 行.
NOTIC: [2] md5_file(/photocms/Template/Site/BootStrap/Layout/Css/prettyPhoto.css): failed to open stream: No such file or directory D:\xampp\htdocs\photocms\Config\functions.php 第 288 行.
NOTIC: [2] md5_file(/photocms/Template/Site/BootStrap/Layout/Css/flexslider.css): failed to open stream: No such file or directory D:\xampp\htdocs\photocms\Config\functions.php 第 288 行.
NOTIC: [2] md5_file(/photocms/Template/Site/BootStrap/Layout/Css/font-awesome.css): failed to open stream: No such file or directory D:\xampp\htdocs\photocms\Config\functions.php 第 288 行.
NOTIC: [2] md5_file(/photocms/Template/Site/BootStrap/Layout/Css/style.css): failed to open stream: No such file or directory D:\xampp\htdocs\photocms\Config\functions.php 第 288 行.
NOTIC: [8] Undefined offset: 1 D:\xampp\htdocs\photocms\Core\Library\Org\Helper\Route.class.php 第 54 行.
NOTIC: [8] Undefined offset: 1 D:\xampp\htdocs\photocms\Core\Library\Org\Helper\Route.class.php 第 54 行.
NOTIC: [8] Undefined offset: 1 D:\xampp\htdocs\photocms\Core\Library\Org\Helper\Route.class.php 第 54 行.
NOTIC: [8] Use of undefined constant JS_PATH - assumed 'JS_PATH' D:\xampp\htdocs\photocms\Template\Site\BootStrap\Layout\footer.php 第 57 行.
NOTIC: [8] Use of undefined constant JS_PATH - assumed 'JS_PATH' D:\xampp\htdocs\photocms\Template\Site\BootStrap\Layout\footer.php 第 58 行.
INFO: [ view_filter ] --START--
INFO: Run Behavior\WriteHtmlCacheBehavior [ RunTime:0.000000s ]
INFO: [ view_filter ] --END-- [ RunTime:0.001000s ]
INFO: [ app_end ] --START--
INFO: Run Behavior\ShowPageTraceBehavior [ RunTime:0.001000s ]
INFO: [ app_end ] --END-- [ RunTime:0.001000s ]

[ 2015-09-09T13:42:38+08:00 ] 127.0.0.1 /photocms/
INFO: [ app_init ] --START--
INFO: Run Behavior\BuildLiteBehavior [ RunTime:0.000000s ]
INFO: [ app_init ] --END-- [ RunTime:0.001000s ]
INFO: [ app_begin ] --START--
INFO: Run Behavior\ReadHtmlCacheBehavior [ RunTime:0.001000s ]
INFO: Run Behavior\FlChkLangBehavior [ RunTime:0.001000s ]
INFO: [ app_begin ] --END-- [ RunTime:0.002000s ]
NOTIC: [8] Undefined variable: nowlang D:\xampp\htdocs\photocms\Site\Common\Controller\SiteController.class.php 第 46 行.
NOTIC: [8] Undefined variable: nowlang D:\xampp\htdocs\photocms\Site\Common\Controller\SiteController.class.php 第 47 行.
NOTIC: [8] Undefined variable: lid D:\xampp\htdocs\photocms\Site\Common\Common\function.php 第 174 行.
NOTIC: [2] md5_file(/photocms/Template/Site/BootStrap/Layout/Css/bootstrap.min.css): failed to open stream: No such file or directory D:\xampp\htdocs\photocms\Config\functions.php 第 288 行.
NOTIC: [2] md5_file(/photocms/Template/Site/BootStrap/Layout/Css/prettyPhoto.css): failed to open stream: No such file or directory D:\xampp\htdocs\photocms\Config\functions.php 第 288 行.
NOTIC: [2] md5_file(/photocms/Template/Site/BootStrap/Layout/Css/flexslider.css): failed to open stream: No such file or directory D:\xampp\htdocs\photocms\Config\functions.php 第 288 行.
NOTIC: [2] md5_file(/photocms/Template/Site/BootStrap/Layout/Css/font-awesome.css): failed to open stream: No such file or directory D:\xampp\htdocs\photocms\Config\functions.php 第 288 行.
NOTIC: [2] md5_file(/photocms/Template/Site/BootStrap/Layout/Css/style.css): failed to open stream: No such file or directory D:\xampp\htdocs\photocms\Config\functions.php 第 288 行.
NOTIC: [8] Undefined offset: 1 D:\xampp\htdocs\photocms\Core\Library\Org\Helper\Route.class.php 第 54 行.
NOTIC: [8] Undefined offset: 1 D:\xampp\htdocs\photocms\Core\Library\Org\Helper\Route.class.php 第 54 行.
NOTIC: [8] Undefined offset: 1 D:\xampp\htdocs\photocms\Core\Library\Org\Helper\Route.class.php 第 54 行.
NOTIC: [8] Use of undefined constant JS_PATH - assumed 'JS_PATH' D:\xampp\htdocs\photocms\Template\Site\BootStrap\Layout\footer.php 第 57 行.
NOTIC: [8] Use of undefined constant JS_PATH - assumed 'JS_PATH' D:\xampp\htdocs\photocms\Template\Site\BootStrap\Layout\footer.php 第 58 行.
INFO: [ view_filter ] --START--
INFO: Run Behavior\WriteHtmlCacheBehavior [ RunTime:0.001000s ]
INFO: [ view_filter ] --END-- [ RunTime:0.001000s ]
INFO: [ app_end ] --START--
INFO: Run Behavior\ShowPageTraceBehavior [ RunTime:0.001000s ]
INFO: [ app_end ] --END-- [ RunTime:0.001000s ]

[ 2015-09-09T13:42:38+08:00 ] 127.0.0.1 /photocms/
INFO: [ app_init ] --START--
INFO: Run Behavior\BuildLiteBehavior [ RunTime:0.000000s ]
INFO: [ app_init ] --END-- [ RunTime:0.001000s ]
INFO: [ app_begin ] --START--
INFO: Run Behavior\ReadHtmlCacheBehavior [ RunTime:0.001000s ]
INFO: Run Behavior\FlChkLangBehavior [ RunTime:0.001000s ]
INFO: [ app_begin ] --END-- [ RunTime:0.002000s ]
NOTIC: [8] Undefined variable: nowlang D:\xampp\htdocs\photocms\Site\Common\Controller\SiteController.class.php 第 46 行.
NOTIC: [8] Undefined variable: nowlang D:\xampp\htdocs\photocms\Site\Common\Controller\SiteController.class.php 第 47 行.
NOTIC: [8] Undefined variable: lid D:\xampp\htdocs\photocms\Site\Common\Common\function.php 第 174 行.
NOTIC: [2] md5_file(/photocms/Template/Site/BootStrap/Layout/Css/bootstrap.min.css): failed to open stream: No such file or directory D:\xampp\htdocs\photocms\Config\functions.php 第 288 行.
NOTIC: [2] md5_file(/photocms/Template/Site/BootStrap/Layout/Css/prettyPhoto.css): failed to open stream: No such file or directory D:\xampp\htdocs\photocms\Config\functions.php 第 288 行.
NOTIC: [2] md5_file(/photocms/Template/Site/BootStrap/Layout/Css/flexslider.css): failed to open stream: No such file or directory D:\xampp\htdocs\photocms\Config\functions.php 第 288 行.
NOTIC: [2] md5_file(/photocms/Template/Site/BootStrap/Layout/Css/font-awesome.css): failed to open stream: No such file or directory D:\xampp\htdocs\photocms\Config\functions.php 第 288 行.
NOTIC: [2] md5_file(/photocms/Template/Site/BootStrap/Layout/Css/style.css): failed to open stream: No such file or directory D:\xampp\htdocs\photocms\Config\functions.php 第 288 行.
NOTIC: [8] Undefined offset: 1 D:\xampp\htdocs\photocms\Core\Library\Org\Helper\Route.class.php 第 54 行.
NOTIC: [8] Undefined offset: 1 D:\xampp\htdocs\photocms\Core\Library\Org\Helper\Route.class.php 第 54 行.
NOTIC: [8] Undefined offset: 1 D:\xampp\htdocs\photocms\Core\Library\Org\Helper\Route.class.php 第 54 行.
NOTIC: [8] Use of undefined constant JS_PATH - assumed 'JS_PATH' D:\xampp\htdocs\photocms\Template\Site\BootStrap\Layout\footer.php 第 57 行.
NOTIC: [8] Use of undefined constant JS_PATH - assumed 'JS_PATH' D:\xampp\htdocs\photocms\Template\Site\BootStrap\Layout\footer.php 第 58 行.
INFO: [ view_filter ] --START--
INFO: Run Behavior\WriteHtmlCacheBehavior [ RunTime:0.000000s ]
INFO: [ view_filter ] --END-- [ RunTime:0.001000s ]
INFO: [ app_end ] --START--
INFO: Run Behavior\ShowPageTraceBehavior [ RunTime:0.001000s ]
INFO: [ app_end ] --END-- [ RunTime:0.001000s ]

[ 2015-09-09T13:42:38+08:00 ] 127.0.0.1 /photocms/
INFO: [ app_init ] --START--
INFO: Run Behavior\BuildLiteBehavior [ RunTime:0.000000s ]
INFO: [ app_init ] --END-- [ RunTime:0.001000s ]
INFO: [ app_begin ] --START--
INFO: Run Behavior\ReadHtmlCacheBehavior [ RunTime:0.001000s ]
INFO: Run Behavior\FlChkLangBehavior [ RunTime:0.001000s ]
INFO: [ app_begin ] --END-- [ RunTime:0.002000s ]
NOTIC: [8] Undefined variable: nowlang D:\xampp\htdocs\photocms\Site\Common\Controller\SiteController.class.php 第 46 行.
NOTIC: [8] Undefined variable: nowlang D:\xampp\htdocs\photocms\Site\Common\Controller\SiteController.class.php 第 47 行.
NOTIC: [8] Undefined variable: lid D:\xampp\htdocs\photocms\Site\Common\Common\function.php 第 174 行.
NOTIC: [2] md5_file(/photocms/Template/Site/BootStrap/Layout/Css/bootstrap.min.css): failed to open stream: No such file or directory D:\xampp\htdocs\photocms\Config\functions.php 第 288 行.
NOTIC: [2] md5_file(/photocms/Template/Site/BootStrap/Layout/Css/prettyPhoto.css): failed to open stream: No such file or directory D:\xampp\htdocs\photocms\Config\functions.php 第 288 行.
NOTIC: [2] md5_file(/photocms/Template/Site/BootStrap/Layout/Css/flexslider.css): failed to open stream: No such file or directory D:\xampp\htdocs\photocms\Config\functions.php 第 288 行.
NOTIC: [2] md5_file(/photocms/Template/Site/BootStrap/Layout/Css/font-awesome.css): failed to open stream: No such file or directory D:\xampp\htdocs\photocms\Config\functions.php 第 288 行.
NOTIC: [2] md5_file(/photocms/Template/Site/BootStrap/Layout/Css/style.css): failed to open stream: No such file or directory D:\xampp\htdocs\photocms\Config\functions.php 第 288 行.
NOTIC: [8] Undefined offset: 1 D:\xampp\htdocs\photocms\Core\Library\Org\Helper\Route.class.php 第 54 行.
NOTIC: [8] Undefined offset: 1 D:\xampp\htdocs\photocms\Core\Library\Org\Helper\Route.class.php 第 54 行.
NOTIC: [8] Undefined offset: 1 D:\xampp\htdocs\photocms\Core\Library\Org\Helper\Route.class.php 第 54 行.
NOTIC: [8] Use of undefined constant JS_PATH - assumed 'JS_PATH' D:\xampp\htdocs\photocms\Template\Site\BootStrap\Layout\footer.php 第 57 行.
NOTIC: [8] Use of undefined constant JS_PATH - assumed 'JS_PATH' D:\xampp\htdocs\photocms\Template\Site\BootStrap\Layout\footer.php 第 58 行.
INFO: [ view_filter ] --START--
INFO: Run Behavior\WriteHtmlCacheBehavior [ RunTime:0.001000s ]
INFO: [ view_filter ] --END-- [ RunTime:0.001000s ]
INFO: [ app_end ] --START--
INFO: Run Behavior\ShowPageTraceBehavior [ RunTime:0.001000s ]
INFO: [ app_end ] --END-- [ RunTime:0.002000s ]

[ 2015-09-09T13:42:39+08:00 ] 127.0.0.1 /photocms/
INFO: [ app_init ] --START--
INFO: Run Behavior\BuildLiteBehavior [ RunTime:0.000000s ]
INFO: [ app_init ] --END-- [ RunTime:0.001000s ]
INFO: [ app_begin ] --START--
INFO: Run Behavior\ReadHtmlCacheBehavior [ RunTime:0.001000s ]
INFO: Run Behavior\FlChkLangBehavior [ RunTime:0.001000s ]
INFO: [ app_begin ] --END-- [ RunTime:0.003000s ]
NOTIC: [8] Undefined variable: nowlang D:\xampp\htdocs\photocms\Site\Common\Controller\SiteController.class.php 第 46 行.
NOTIC: [8] Undefined variable: nowlang D:\xampp\htdocs\photocms\Site\Common\Controller\SiteController.class.php 第 47 行.
NOTIC: [8] Undefined variable: lid D:\xampp\htdocs\photocms\Site\Common\Common\function.php 第 174 行.
NOTIC: [2] md5_file(/photocms/Template/Site/BootStrap/Layout/Css/bootstrap.min.css): failed to open stream: No such file or directory D:\xampp\htdocs\photocms\Config\functions.php 第 288 行.
NOTIC: [2] md5_file(/photocms/Template/Site/BootStrap/Layout/Css/prettyPhoto.css): failed to open stream: No such file or directory D:\xampp\htdocs\photocms\Config\functions.php 第 288 行.
NOTIC: [2] md5_file(/photocms/Template/Site/BootStrap/Layout/Css/flexslider.css): failed to open stream: No such file or directory D:\xampp\htdocs\photocms\Config\functions.php 第 288 行.
NOTIC: [2] md5_file(/photocms/Template/Site/BootStrap/Layout/Css/font-awesome.css): failed to open stream: No such file or directory D:\xampp\htdocs\photocms\Config\functions.php 第 288 行.
NOTIC: [2] md5_file(/photocms/Template/Site/BootStrap/Layout/Css/style.css): failed to open stream: No such file or directory D:\xampp\htdocs\photocms\Config\functions.php 第 288 行.
NOTIC: [8] Undefined offset: 1 D:\xampp\htdocs\photocms\Core\Library\Org\Helper\Route.class.php 第 54 行.
NOTIC: [8] Undefined offset: 1 D:\xampp\htdocs\photocms\Core\Library\Org\Helper\Route.class.php 第 54 行.
NOTIC: [8] Undefined offset: 1 D:\xampp\htdocs\photocms\Core\Library\Org\Helper\Route.class.php 第 54 行.
NOTIC: [8] Use of undefined constant JS_PATH - assumed 'JS_PATH' D:\xampp\htdocs\photocms\Template\Site\BootStrap\Layout\footer.php 第 57 行.
NOTIC: [8] Use of undefined constant JS_PATH - assumed 'JS_PATH' D:\xampp\htdocs\photocms\Template\Site\BootStrap\Layout\footer.php 第 58 行.
INFO: [ view_filter ] --START--
INFO: Run Behavior\WriteHtmlCacheBehavior [ RunTime:0.001000s ]
INFO: [ view_filter ] --END-- [ RunTime:0.001000s ]
INFO: [ app_end ] --START--
INFO: Run Behavior\ShowPageTraceBehavior [ RunTime:0.001000s ]
INFO: [ app_end ] --END-- [ RunTime:0.002000s ]

[ 2015-09-09T13:43:05+08:00 ] 127.0.0.1 /photocms/
INFO: [ app_init ] --START--
INFO: Run Behavior\BuildLiteBehavior [ RunTime:0.000000s ]
INFO: [ app_init ] --END-- [ RunTime:0.001000s ]
INFO: [ app_begin ] --START--
INFO: Run Behavior\ReadHtmlCacheBehavior [ RunTime:0.001000s ]
INFO: Run Behavior\FlChkLangBehavior [ RunTime:0.001000s ]
INFO: [ app_begin ] --END-- [ RunTime:0.002000s ]
NOTIC: [8] Undefined variable: nowlang D:\xampp\htdocs\photocms\Site\Common\Controller\SiteController.class.php 第 46 行.
NOTIC: [8] Undefined variable: nowlang D:\xampp\htdocs\photocms\Site\Common\Controller\SiteController.class.php 第 47 行.
NOTIC: [8] Undefined variable: lid D:\xampp\htdocs\photocms\Site\Common\Common\function.php 第 174 行.
NOTIC: [2] md5_file(/photocms/Template/Site/BootStrap/Layout/Css/bootstrap.min.css): failed to open stream: No such file or directory D:\xampp\htdocs\photocms\Config\functions.php 第 285 行.
NOTIC: [2] md5_file(/photocms/Template/Site/BootStrap/Layout/Css/prettyPhoto.css): failed to open stream: No such file or directory D:\xampp\htdocs\photocms\Config\functions.php 第 285 行.
NOTIC: [2] md5_file(/photocms/Template/Site/BootStrap/Layout/Css/flexslider.css): failed to open stream: No such file or directory D:\xampp\htdocs\photocms\Config\functions.php 第 285 行.
NOTIC: [2] md5_file(/photocms/Template/Site/BootStrap/Layout/Css/font-awesome.css): failed to open stream: No such file or directory D:\xampp\htdocs\photocms\Config\functions.php 第 285 行.
NOTIC: [2] md5_file(/photocms/Template/Site/BootStrap/Layout/Css/style.css): failed to open stream: No such file or directory D:\xampp\htdocs\photocms\Config\functions.php 第 285 行.
NOTIC: [8] Undefined offset: 1 D:\xampp\htdocs\photocms\Core\Library\Org\Helper\Route.class.php 第 54 行.
NOTIC: [8] Undefined offset: 1 D:\xampp\htdocs\photocms\Core\Library\Org\Helper\Route.class.php 第 54 行.
NOTIC: [8] Undefined offset: 1 D:\xampp\htdocs\photocms\Core\Library\Org\Helper\Route.class.php 第 54 行.
NOTIC: [8] Use of undefined constant JS_PATH - assumed 'JS_PATH' D:\xampp\htdocs\photocms\Template\Site\BootStrap\Layout\footer.php 第 57 行.
NOTIC: [8] Use of undefined constant JS_PATH - assumed 'JS_PATH' D:\xampp\htdocs\photocms\Template\Site\BootStrap\Layout\footer.php 第 58 行.
INFO: [ view_filter ] --START--
INFO: Run Behavior\WriteHtmlCacheBehavior [ RunTime:0.001000s ]
INFO: [ view_filter ] --END-- [ RunTime:0.001000s ]
INFO: [ app_end ] --START--
INFO: Run Behavior\ShowPageTraceBehavior [ RunTime:0.001000s ]
INFO: [ app_end ] --END-- [ RunTime:0.001000s ]

[ 2015-09-09T13:46:04+08:00 ] 127.0.0.1 /photocms/
INFO: [ app_init ] --START--
INFO: Run Behavior\BuildLiteBehavior [ RunTime:0.000000s ]
INFO: [ app_init ] --END-- [ RunTime:0.000000s ]
INFO: [ app_begin ] --START--
INFO: Run Behavior\ReadHtmlCacheBehavior [ RunTime:0.001000s ]
INFO: Run Behavior\FlChkLangBehavior [ RunTime:0.002000s ]
INFO: [ app_begin ] --END-- [ RunTime:0.003000s ]
NOTIC: [8] Undefined variable: nowlang D:\xampp\htdocs\photocms\Site\Common\Controller\SiteController.class.php 第 46 行.
NOTIC: [8] Undefined variable: nowlang D:\xampp\htdocs\photocms\Site\Common\Controller\SiteController.class.php 第 47 行.
NOTIC: [8] Undefined variable: lid D:\xampp\htdocs\photocms\Site\Common\Common\function.php 第 174 行.
NOTIC: [2] md5_file(/photocms/Template/Site/BootStrap/Layout/Css/bootstrap.min.css): failed to open stream: No such file or directory D:\xampp\htdocs\photocms\Config\functions.php 第 285 行.
NOTIC: [2] md5_file(/photocms/Template/Site/BootStrap/Layout/Css/prettyPhoto.css): failed to open stream: No such file or directory D:\xampp\htdocs\photocms\Config\functions.php 第 285 行.
NOTIC: [2] md5_file(/photocms/Template/Site/BootStrap/Layout/Css/flexslider.css): failed to open stream: No such file or directory D:\xampp\htdocs\photocms\Config\functions.php 第 285 行.
NOTIC: [2] md5_file(/photocms/Template/Site/BootStrap/Layout/Css/font-awesome.css): failed to open stream: No such file or directory D:\xampp\htdocs\photocms\Config\functions.php 第 285 行.
NOTIC: [2] md5_file(/photocms/Template/Site/BootStrap/Layout/Css/style.css): failed to open stream: No such file or directory D:\xampp\htdocs\photocms\Config\functions.php 第 285 行.
NOTIC: [8] Undefined offset: 1 D:\xampp\htdocs\photocms\Core\Library\Org\Helper\Route.class.php 第 54 行.
NOTIC: [8] Undefined offset: 1 D:\xampp\htdocs\photocms\Core\Library\Org\Helper\Route.class.php 第 54 行.
NOTIC: [8] Undefined offset: 1 D:\xampp\htdocs\photocms\Core\Library\Org\Helper\Route.class.php 第 54 行.
NOTIC: [8] Use of undefined constant JS_PATH - assumed 'JS_PATH' D:\xampp\htdocs\photocms\Template\Site\BootStrap\Layout\footer.php 第 57 行.
NOTIC: [8] Use of undefined constant JS_PATH - assumed 'JS_PATH' D:\xampp\htdocs\photocms\Template\Site\BootStrap\Layout\footer.php 第 58 行.
INFO: [ view_filter ] --START--
INFO: Run Behavior\WriteHtmlCacheBehavior [ RunTime:0.001000s ]
INFO: [ view_filter ] --END-- [ RunTime:0.001000s ]
INFO: [ app_end ] --START--
INFO: Run Behavior\ShowPageTraceBehavior [ RunTime:0.002000s ]
INFO: [ app_end ] --END-- [ RunTime:0.002000s ]

[ 2015-09-09T13:46:20+08:00 ] 127.0.0.1 /photocms/
INFO: [ app_init ] --START--
INFO: Run Behavior\BuildLiteBehavior [ RunTime:0.000000s ]
INFO: [ app_init ] --END-- [ RunTime:0.000000s ]
INFO: [ app_begin ] --START--
INFO: Run Behavior\ReadHtmlCacheBehavior [ RunTime:0.001000s ]
INFO: Run Behavior\FlChkLangBehavior [ RunTime:0.001000s ]
INFO: [ app_begin ] --END-- [ RunTime:0.003000s ]
NOTIC: [8] Undefined variable: nowlang D:\xampp\htdocs\photocms\Site\Common\Controller\SiteController.class.php 第 46 行.
NOTIC: [8] Undefined variable: nowlang D:\xampp\htdocs\photocms\Site\Common\Controller\SiteController.class.php 第 47 行.
NOTIC: [8] Undefined variable: lid D:\xampp\htdocs\photocms\Site\Common\Common\function.php 第 174 行.
NOTIC: [2] md5_file(/photocms/Template/Site/BootStrap/Layout/Css/bootstrap.min.css): failed to open stream: No such file or directory D:\xampp\htdocs\photocms\Config\functions.php 第 285 行.
NOTIC: [2] md5_file(/photocms/Template/Site/BootStrap/Layout/Css/prettyPhoto.css): failed to open stream: No such file or directory D:\xampp\htdocs\photocms\Config\functions.php 第 285 行.
NOTIC: [2] md5_file(/photocms/Template/Site/BootStrap/Layout/Css/flexslider.css): failed to open stream: No such file or directory D:\xampp\htdocs\photocms\Config\functions.php 第 285 行.
NOTIC: [2] md5_file(/photocms/Template/Site/BootStrap/Layout/Css/font-awesome.css): failed to open stream: No such file or directory D:\xampp\htdocs\photocms\Config\functions.php 第 285 行.
NOTIC: [2] md5_file(/photocms/Template/Site/BootStrap/Layout/Css/style.css): failed to open stream: No such file or directory D:\xampp\htdocs\photocms\Config\functions.php 第 285 行.
NOTIC: [8] Undefined offset: 1 D:\xampp\htdocs\photocms\Core\Library\Org\Helper\Route.class.php 第 54 行.
NOTIC: [8] Undefined offset: 1 D:\xampp\htdocs\photocms\Core\Library\Org\Helper\Route.class.php 第 54 行.
NOTIC: [8] Undefined offset: 1 D:\xampp\htdocs\photocms\Core\Library\Org\Helper\Route.class.php 第 54 行.
NOTIC: [8] Use of undefined constant JS_PATH - assumed 'JS_PATH' D:\xampp\htdocs\photocms\Template\Site\BootStrap\Layout\footer.php 第 57 行.
NOTIC: [8] Use of undefined constant JS_PATH - assumed 'JS_PATH' D:\xampp\htdocs\photocms\Template\Site\BootStrap\Layout\footer.php 第 58 行.
INFO: [ view_filter ] --START--
INFO: Run Behavior\WriteHtmlCacheBehavior [ RunTime:0.001000s ]
INFO: [ view_filter ] --END-- [ RunTime:0.001000s ]
INFO: [ app_end ] --START--
INFO: Run Behavior\ShowPageTraceBehavior [ RunTime:0.000000s ]
INFO: [ app_end ] --END-- [ RunTime:0.002000s ]

[ 2015-09-09T13:47:29+08:00 ] 127.0.0.1 /photocms/
INFO: [ app_init ] --START--
INFO: Run Behavior\BuildLiteBehavior [ RunTime:0.000000s ]
INFO: [ app_init ] --END-- [ RunTime:0.001000s ]
INFO: [ app_begin ] --START--
INFO: Run Behavior\ReadHtmlCacheBehavior [ RunTime:0.001000s ]
INFO: Run Behavior\FlChkLangBehavior [ RunTime:0.002000s ]
INFO: [ app_begin ] --END-- [ RunTime:0.003000s ]
NOTIC: [8] Undefined variable: nowlang D:\xampp\htdocs\photocms\Site\Common\Controller\SiteController.class.php 第 46 行.
NOTIC: [8] Undefined variable: nowlang D:\xampp\htdocs\photocms\Site\Common\Controller\SiteController.class.php 第 47 行.
NOTIC: [8] Undefined variable: lid D:\xampp\htdocs\photocms\Site\Common\Common\function.php 第 174 行.
NOTIC: [8] Undefined offset: 1 D:\xampp\htdocs\photocms\Core\Library\Org\Helper\Route.class.php 第 54 行.
NOTIC: [8] Undefined offset: 1 D:\xampp\htdocs\photocms\Core\Library\Org\Helper\Route.class.php 第 54 行.
NOTIC: [8] Undefined offset: 1 D:\xampp\htdocs\photocms\Core\Library\Org\Helper\Route.class.php 第 54 行.
NOTIC: [8] Use of undefined constant JS_PATH - assumed 'JS_PATH' D:\xampp\htdocs\photocms\Template\Site\BootStrap\Layout\footer.php 第 57 行.
NOTIC: [8] Use of undefined constant JS_PATH - assumed 'JS_PATH' D:\xampp\htdocs\photocms\Template\Site\BootStrap\Layout\footer.php 第 58 行.
INFO: [ view_filter ] --START--
INFO: Run Behavior\WriteHtmlCacheBehavior [ RunTime:0.000000s ]
INFO: [ view_filter ] --END-- [ RunTime:0.000000s ]
INFO: [ app_end ] --START--
INFO: Run Behavior\ShowPageTraceBehavior [ RunTime:0.001000s ]
INFO: [ app_end ] --END-- [ RunTime:0.001000s ]

[ 2015-09-09T13:47:42+08:00 ] 127.0.0.1 /photocms/
INFO: [ app_init ] --START--
INFO: Run Behavior\BuildLiteBehavior [ RunTime:0.000000s ]
INFO: [ app_init ] --END-- [ RunTime:0.001000s ]
INFO: [ app_begin ] --START--
INFO: Run Behavior\ReadHtmlCacheBehavior [ RunTime:0.001000s ]
INFO: Run Behavior\FlChkLangBehavior [ RunTime:0.001000s ]
INFO: [ app_begin ] --END-- [ RunTime:0.002000s ]
NOTIC: [8] Undefined variable: nowlang D:\xampp\htdocs\photocms\Site\Common\Controller\SiteController.class.php 第 46 行.
NOTIC: [8] Undefined variable: nowlang D:\xampp\htdocs\photocms\Site\Common\Controller\SiteController.class.php 第 47 行.
NOTIC: [8] Undefined variable: lid D:\xampp\htdocs\photocms\Site\Common\Common\function.php 第 174 行.
NOTIC: [8] Undefined offset: 1 D:\xampp\htdocs\photocms\Core\Library\Org\Helper\Route.class.php 第 54 行.
NOTIC: [8] Undefined offset: 1 D:\xampp\htdocs\photocms\Core\Library\Org\Helper\Route.class.php 第 54 行.
NOTIC: [8] Undefined offset: 1 D:\xampp\htdocs\photocms\Core\Library\Org\Helper\Route.class.php 第 54 行.
NOTIC: [8] Use of undefined constant JS_PATH - assumed 'JS_PATH' D:\xampp\htdocs\photocms\Template\Site\BootStrap\Layout\footer.php 第 57 行.
NOTIC: [8] Use of undefined constant JS_PATH - assumed 'JS_PATH' D:\xampp\htdocs\photocms\Template\Site\BootStrap\Layout\footer.php 第 58 行.
INFO: [ view_filter ] --START--
INFO: Run Behavior\WriteHtmlCacheBehavior [ RunTime:0.000000s ]
INFO: [ view_filter ] --END-- [ RunTime:0.001000s ]
INFO: [ app_end ] --START--
INFO: Run Behavior\ShowPageTraceBehavior [ RunTime:0.001000s ]
INFO: [ app_end ] --END-- [ RunTime:0.001000s ]

[ 2015-09-09T13:47:49+08:00 ] 127.0.0.1 /photocms/
INFO: [ app_init ] --START--
INFO: Run Behavior\BuildLiteBehavior [ RunTime:0.000000s ]
INFO: [ app_init ] --END-- [ RunTime:0.001000s ]
INFO: [ app_begin ] --START--
INFO: Run Behavior\ReadHtmlCacheBehavior [ RunTime:0.001000s ]
INFO: Run Behavior\FlChkLangBehavior [ RunTime:0.001000s ]
INFO: [ app_begin ] --END-- [ RunTime:0.002000s ]
NOTIC: [8] Undefined variable: nowlang D:\xampp\htdocs\photocms\Site\Common\Controller\SiteController.class.php 第 46 行.
NOTIC: [8] Undefined variable: nowlang D:\xampp\htdocs\photocms\Site\Common\Controller\SiteController.class.php 第 47 行.
NOTIC: [8] Undefined variable: lid D:\xampp\htdocs\photocms\Site\Common\Common\function.php 第 174 行.
NOTIC: [8] Undefined offset: 1 D:\xampp\htdocs\photocms\Core\Library\Org\Helper\Route.class.php 第 54 行.
NOTIC: [8] Undefined offset: 1 D:\xampp\htdocs\photocms\Core\Library\Org\Helper\Route.class.php 第 54 行.
NOTIC: [8] Undefined offset: 1 D:\xampp\htdocs\photocms\Core\Library\Org\Helper\Route.class.php 第 54 行.
NOTIC: [8] Use of undefined constant JS_PATH - assumed 'JS_PATH' D:\xampp\htdocs\photocms\Template\Site\BootStrap\Layout\footer.php 第 57 行.
NOTIC: [8] Use of undefined constant JS_PATH - assumed 'JS_PATH' D:\xampp\htdocs\photocms\Template\Site\BootStrap\Layout\footer.php 第 58 行.
INFO: [ view_filter ] --START--
INFO: Run Behavior\WriteHtmlCacheBehavior [ RunTime:0.001000s ]
INFO: [ view_filter ] --END-- [ RunTime:0.001000s ]
INFO: [ app_end ] --START--
INFO: Run Behavior\ShowPageTraceBehavior [ RunTime:0.002000s ]
INFO: [ app_end ] --END-- [ RunTime:0.002000s ]

[ 2015-09-09T13:48:35+08:00 ] 127.0.0.1 /photocms/
INFO: [ app_init ] --START--
INFO: Run Behavior\BuildLiteBehavior [ RunTime:0.000000s ]
INFO: [ app_init ] --END-- [ RunTime:0.001000s ]
INFO: [ app_begin ] --START--
INFO: Run Behavior\ReadHtmlCacheBehavior [ RunTime:0.001000s ]
INFO: Run Behavior\FlChkLangBehavior [ RunTime:0.001000s ]
INFO: [ app_begin ] --END-- [ RunTime:0.002000s ]
NOTIC: [8] Undefined variable: nowlang D:\xampp\htdocs\photocms\Site\Common\Controller\SiteController.class.php 第 46 行.
NOTIC: [8] Undefined variable: nowlang D:\xampp\htdocs\photocms\Site\Common\Controller\SiteController.class.php 第 47 行.
NOTIC: [8] Undefined variable: lid D:\xampp\htdocs\photocms\Site\Common\Common\function.php 第 174 行.
NOTIC: [8] Undefined offset: 1 D:\xampp\htdocs\photocms\Core\Library\Org\Helper\Route.class.php 第 54 行.
NOTIC: [8] Undefined offset: 1 D:\xampp\htdocs\photocms\Core\Library\Org\Helper\Route.class.php 第 54 行.
NOTIC: [8] Undefined offset: 1 D:\xampp\htdocs\photocms\Core\Library\Org\Helper\Route.class.php 第 54 行.
NOTIC: [8] Use of undefined constant JS_PATH - assumed 'JS_PATH' D:\xampp\htdocs\photocms\Template\Site\BootStrap\Layout\footer.php 第 57 行.
NOTIC: [8] Use of undefined constant JS_PATH - assumed 'JS_PATH' D:\xampp\htdocs\photocms\Template\Site\BootStrap\Layout\footer.php 第 58 行.
INFO: [ view_filter ] --START--
INFO: Run Behavior\WriteHtmlCacheBehavior [ RunTime:0.001000s ]
INFO: [ view_filter ] --END-- [ RunTime:0.001000s ]
INFO: [ app_end ] --START--
INFO: Run Behavior\ShowPageTraceBehavior [ RunTime:0.001000s ]
INFO: [ app_end ] --END-- [ RunTime:0.001000s ]

[ 2015-09-09T13:48:41+08:00 ] 127.0.0.1 /photocms/
INFO: [ app_init ] --START--
INFO: Run Behavior\BuildLiteBehavior [ RunTime:0.000000s ]
INFO: [ app_init ] --END-- [ RunTime:0.000000s ]
INFO: [ app_begin ] --START--
INFO: Run Behavior\ReadHtmlCacheBehavior [ RunTime:0.001000s ]
INFO: Run Behavior\FlChkLangBehavior [ RunTime:0.002000s ]
INFO: [ app_begin ] --END-- [ RunTime:0.003000s ]
NOTIC: [8] Undefined variable: nowlang D:\xampp\htdocs\photocms\Site\Common\Controller\SiteController.class.php 第 46 行.
NOTIC: [8] Undefined variable: nowlang D:\xampp\htdocs\photocms\Site\Common\Controller\SiteController.class.php 第 47 行.
NOTIC: [8] Undefined variable: lid D:\xampp\htdocs\photocms\Site\Common\Common\function.php 第 174 行.
NOTIC: [8] Undefined offset: 1 D:\xampp\htdocs\photocms\Core\Library\Org\Helper\Route.class.php 第 54 行.
NOTIC: [8] Undefined offset: 1 D:\xampp\htdocs\photocms\Core\Library\Org\Helper\Route.class.php 第 54 行.
NOTIC: [8] Undefined offset: 1 D:\xampp\htdocs\photocms\Core\Library\Org\Helper\Route.class.php 第 54 行.
NOTIC: [8] Use of undefined constant JS_PATH - assumed 'JS_PATH' D:\xampp\htdocs\photocms\Template\Site\BootStrap\Layout\footer.php 第 57 行.
NOTIC: [8] Use of undefined constant JS_PATH - assumed 'JS_PATH' D:\xampp\htdocs\photocms\Template\Site\BootStrap\Layout\footer.php 第 58 行.
INFO: [ view_filter ] --START--
INFO: Run Behavior\WriteHtmlCacheBehavior [ RunTime:0.000000s ]
INFO: [ view_filter ] --END-- [ RunTime:0.000000s ]
INFO: [ app_end ] --START--
INFO: Run Behavior\ShowPageTraceBehavior [ RunTime:0.001000s ]
INFO: [ app_end ] --END-- [ RunTime:0.001000s ]

[ 2015-09-09T14:01:35+08:00 ] 127.0.0.1 /photocms/
INFO: [ app_init ] --START--
INFO: Run Behavior\BuildLiteBehavior [ RunTime:0.000000s ]
INFO: [ app_init ] --END-- [ RunTime:0.000000s ]
INFO: [ app_begin ] --START--
INFO: Run Behavior\ReadHtmlCacheBehavior [ RunTime:0.001000s ]
INFO: Run Behavior\FlChkLangBehavior [ RunTime:0.001001s ]
INFO: [ app_begin ] --END-- [ RunTime:0.002001s ]
NOTIC: [8] Undefined variable: nowlang D:\xampp\htdocs\photocms\Site\Common\Controller\SiteController.class.php 第 46 行.
NOTIC: [8] Undefined variable: nowlang D:\xampp\htdocs\photocms\Site\Common\Controller\SiteController.class.php 第 47 行.
NOTIC: [8] Undefined variable: lid D:\xampp\htdocs\photocms\Site\Common\Common\function.php 第 174 行.
NOTIC: [8] Undefined offset: 1 D:\xampp\htdocs\photocms\Core\Library\Org\Helper\Route.class.php 第 54 行.
NOTIC: [8] Undefined offset: 1 D:\xampp\htdocs\photocms\Core\Library\Org\Helper\Route.class.php 第 54 行.
NOTIC: [8] Undefined offset: 1 D:\xampp\htdocs\photocms\Core\Library\Org\Helper\Route.class.php 第 54 行.
NOTIC: [8] Use of undefined constant JS_PATH - assumed 'JS_PATH' D:\xampp\htdocs\photocms\Template\Site\BootStrap\Layout\footer.php 第 57 行.
NOTIC: [8] Use of undefined constant JS_PATH - assumed 'JS_PATH' D:\xampp\htdocs\photocms\Template\Site\BootStrap\Layout\footer.php 第 58 行.
INFO: [ view_filter ] --START--
INFO: Run Behavior\WriteHtmlCacheBehavior [ RunTime:0.000000s ]
INFO: [ view_filter ] --END-- [ RunTime:0.000000s ]
INFO: [ app_end ] --START--
INFO: Run Behavior\ShowPageTraceBehavior [ RunTime:0.001000s ]
INFO: [ app_end ] --END-- [ RunTime:0.001000s ]

[ 2015-09-09T14:01:36+08:00 ] 127.0.0.1 /photocms/
INFO: [ app_init ] --START--
INFO: Run Behavior\BuildLiteBehavior [ RunTime:0.000000s ]
INFO: [ app_init ] --END-- [ RunTime:0.001000s ]
INFO: [ app_begin ] --START--
INFO: Run Behavior\ReadHtmlCacheBehavior [ RunTime:0.001000s ]
INFO: Run Behavior\FlChkLangBehavior [ RunTime:0.001000s ]
INFO: [ app_begin ] --END-- [ RunTime:0.002000s ]
NOTIC: [8] Undefined variable: nowlang D:\xampp\htdocs\photocms\Site\Common\Controller\SiteController.class.php 第 46 行.
NOTIC: [8] Undefined variable: nowlang D:\xampp\htdocs\photocms\Site\Common\Controller\SiteController.class.php 第 47 行.
NOTIC: [8] Undefined variable: lid D:\xampp\htdocs\photocms\Site\Common\Common\function.php 第 174 行.
NOTIC: [8] Undefined offset: 1 D:\xampp\htdocs\photocms\Core\Library\Org\Helper\Route.class.php 第 54 行.
NOTIC: [8] Undefined offset: 1 D:\xampp\htdocs\photocms\Core\Library\Org\Helper\Route.class.php 第 54 行.
NOTIC: [8] Undefined offset: 1 D:\xampp\htdocs\photocms\Core\Library\Org\Helper\Route.class.php 第 54 行.
NOTIC: [8] Use of undefined constant JS_PATH - assumed 'JS_PATH' D:\xampp\htdocs\photocms\Template\Site\BootStrap\Layout\footer.php 第 57 行.
NOTIC: [8] Use of undefined constant JS_PATH - assumed 'JS_PATH' D:\xampp\htdocs\photocms\Template\Site\BootStrap\Layout\footer.php 第 58 行.
INFO: [ view_filter ] --START--
INFO: Run Behavior\WriteHtmlCacheBehavior [ RunTime:0.001000s ]
INFO: [ view_filter ] --END-- [ RunTime:0.001000s ]
INFO: [ app_end ] --START--
INFO: Run Behavior\ShowPageTraceBehavior [ RunTime:0.001000s ]
INFO: [ app_end ] --END-- [ RunTime:0.001000s ]

[ 2015-09-09T14:01:37+08:00 ] 127.0.0.1 /photocms/
INFO: [ app_init ] --START--
INFO: Run Behavior\BuildLiteBehavior [ RunTime:0.000000s ]
INFO: [ app_init ] --END-- [ RunTime:0.001000s ]
INFO: [ app_begin ] --START--
INFO: Run Behavior\ReadHtmlCacheBehavior [ RunTime:0.001000s ]
INFO: Run Behavior\FlChkLangBehavior [ RunTime:0.001001s ]
INFO: [ app_begin ] --END-- [ RunTime:0.002001s ]
NOTIC: [8] Undefined variable: nowlang D:\xampp\htdocs\photocms\Site\Common\Controller\SiteController.class.php 第 46 行.
NOTIC: [8] Undefined variable: nowlang D:\xampp\htdocs\photocms\Site\Common\Controller\SiteController.class.php 第 47 行.
NOTIC: [8] Undefined variable: lid D:\xampp\htdocs\photocms\Site\Common\Common\function.php 第 174 行.
NOTIC: [8] Undefined offset: 1 D:\xampp\htdocs\photocms\Core\Library\Org\Helper\Route.class.php 第 54 行.
NOTIC: [8] Undefined offset: 1 D:\xampp\htdocs\photocms\Core\Library\Org\Helper\Route.class.php 第 54 行.
NOTIC: [8] Undefined offset: 1 D:\xampp\htdocs\photocms\Core\Library\Org\Helper\Route.class.php 第 54 行.
NOTIC: [8] Use of undefined constant JS_PATH - assumed 'JS_PATH' D:\xampp\htdocs\photocms\Template\Site\BootStrap\Layout\footer.php 第 57 行.
NOTIC: [8] Use of undefined constant JS_PATH - assumed 'JS_PATH' D:\xampp\htdocs\photocms\Template\Site\BootStrap\Layout\footer.php 第 58 行.
INFO: [ view_filter ] --START--
INFO: Run Behavior\WriteHtmlCacheBehavior [ RunTime:0.001001s ]
INFO: [ view_filter ] --END-- [ RunTime:0.001001s ]
INFO: [ app_end ] --START--
INFO: Run Behavior\ShowPageTraceBehavior [ RunTime:0.001000s ]
INFO: [ app_end ] --END-- [ RunTime:0.001000s ]

[ 2015-09-09T14:01:38+08:00 ] 127.0.0.1 /photocms/
INFO: [ app_init ] --START--
INFO: Run Behavior\BuildLiteBehavior [ RunTime:0.000000s ]
INFO: [ app_init ] --END-- [ RunTime:0.000000s ]
INFO: [ app_begin ] --START--
INFO: Run Behavior\ReadHtmlCacheBehavior [ RunTime:0.002001s ]
INFO: Run Behavior\FlChkLangBehavior [ RunTime:0.001000s ]
INFO: [ app_begin ] --END-- [ RunTime:0.004001s ]
NOTIC: [8] Undefined variable: nowlang D:\xampp\htdocs\photocms\Site\Common\Controller\SiteController.class.php 第 46 行.
NOTIC: [8] Undefined variable: nowlang D:\xampp\htdocs\photocms\Site\Common\Controller\SiteController.class.php 第 47 行.
NOTIC: [8] Undefined variable: lid D:\xampp\htdocs\photocms\Site\Common\Common\function.php 第 174 行.
NOTIC: [8] Undefined offset: 1 D:\xampp\htdocs\photocms\Core\Library\Org\Helper\Route.class.php 第 54 行.
NOTIC: [8] Undefined offset: 1 D:\xampp\htdocs\photocms\Core\Library\Org\Helper\Route.class.php 第 54 行.
NOTIC: [8] Undefined offset: 1 D:\xampp\htdocs\photocms\Core\Library\Org\Helper\Route.class.php 第 54 行.
NOTIC: [8] Use of undefined constant JS_PATH - assumed 'JS_PATH' D:\xampp\htdocs\photocms\Template\Site\BootStrap\Layout\footer.php 第 57 行.
NOTIC: [8] Use of undefined constant JS_PATH - assumed 'JS_PATH' D:\xampp\htdocs\photocms\Template\Site\BootStrap\Layout\footer.php 第 58 行.
INFO: [ view_filter ] --START--
INFO: Run Behavior\WriteHtmlCacheBehavior [ RunTime:0.001001s ]
INFO: [ view_filter ] --END-- [ RunTime:0.001001s ]
INFO: [ app_end ] --START--
INFO: Run Behavior\ShowPageTraceBehavior [ RunTime:0.001000s ]
INFO: [ app_end ] --END-- [ RunTime:0.002000s ]

[ 2015-09-09T14:01:39+08:00 ] 127.0.0.1 /photocms/
INFO: [ app_init ] --START--
INFO: Run Behavior\BuildLiteBehavior [ RunTime:0.000000s ]
INFO: [ app_init ] --END-- [ RunTime:0.000000s ]
INFO: [ app_begin ] --START--
INFO: Run Behavior\ReadHtmlCacheBehavior [ RunTime:0.001000s ]
INFO: Run Behavior\FlChkLangBehavior [ RunTime:0.001000s ]
INFO: [ app_begin ] --END-- [ RunTime:0.002000s ]
NOTIC: [8] Undefined variable: nowlang D:\xampp\htdocs\photocms\Site\Common\Controller\SiteController.class.php 第 46 行.
NOTIC: [8] Undefined variable: nowlang D:\xampp\htdocs\photocms\Site\Common\Controller\SiteController.class.php 第 47 行.
NOTIC: [8] Undefined variable: lid D:\xampp\htdocs\photocms\Site\Common\Common\function.php 第 174 行.
NOTIC: [8] Undefined offset: 1 D:\xampp\htdocs\photocms\Core\Library\Org\Helper\Route.class.php 第 54 行.
NOTIC: [8] Undefined offset: 1 D:\xampp\htdocs\photocms\Core\Library\Org\Helper\Route.class.php 第 54 行.
NOTIC: [8] Undefined offset: 1 D:\xampp\htdocs\photocms\Core\Library\Org\Helper\Route.class.php 第 54 行.
NOTIC: [8] Use of undefined constant JS_PATH - assumed 'JS_PATH' D:\xampp\htdocs\photocms\Template\Site\BootStrap\Layout\footer.php 第 57 行.
NOTIC: [8] Use of undefined constant JS_PATH - assumed 'JS_PATH' D:\xampp\htdocs\photocms\Template\Site\BootStrap\Layout\footer.php 第 58 行.
INFO: [ view_filter ] --START--
INFO: Run Behavior\WriteHtmlCacheBehavior [ RunTime:0.001000s ]
INFO: [ view_filter ] --END-- [ RunTime:0.001000s ]
INFO: [ app_end ] --START--
INFO: Run Behavior\ShowPageTraceBehavior [ RunTime:0.001000s ]
INFO: [ app_end ] --END-- [ RunTime:0.001000s ]

[ 2015-09-09T14:01:40+08:00 ] 127.0.0.1 /photocms/
INFO: [ app_init ] --START--
INFO: Run Behavior\BuildLiteBehavior [ RunTime:0.000000s ]
INFO: [ app_init ] --END-- [ RunTime:0.000000s ]
INFO: [ app_begin ] --START--
INFO: Run Behavior\ReadHtmlCacheBehavior [ RunTime:0.001000s ]
INFO: Run Behavior\FlChkLangBehavior [ RunTime:0.001000s ]
INFO: [ app_begin ] --END-- [ RunTime:0.002000s ]
NOTIC: [8] Undefined variable: nowlang D:\xampp\htdocs\photocms\Site\Common\Controller\SiteController.class.php 第 46 行.
NOTIC: [8] Undefined variable: nowlang D:\xampp\htdocs\photocms\Site\Common\Controller\SiteController.class.php 第 47 行.
NOTIC: [8] Undefined variable: lid D:\xampp\htdocs\photocms\Site\Common\Common\function.php 第 174 行.
NOTIC: [8] Undefined offset: 1 D:\xampp\htdocs\photocms\Core\Library\Org\Helper\Route.class.php 第 54 行.
NOTIC: [8] Undefined offset: 1 D:\xampp\htdocs\photocms\Core\Library\Org\Helper\Route.class.php 第 54 行.
NOTIC: [8] Undefined offset: 1 D:\xampp\htdocs\photocms\Core\Library\Org\Helper\Route.class.php 第 54 行.
NOTIC: [8] Use of undefined constant JS_PATH - assumed 'JS_PATH' D:\xampp\htdocs\photocms\Template\Site\BootStrap\Layout\footer.php 第 57 行.
NOTIC: [8] Use of undefined constant JS_PATH - assumed 'JS_PATH' D:\xampp\htdocs\photocms\Template\Site\BootStrap\Layout\footer.php 第 58 行.
INFO: [ view_filter ] --START--
INFO: Run Behavior\WriteHtmlCacheBehavior [ RunTime:0.001000s ]
INFO: [ view_filter ] --END-- [ RunTime:0.001000s ]
INFO: [ app_end ] --START--
INFO: Run Behavior\ShowPageTraceBehavior [ RunTime:0.001000s ]
INFO: [ app_end ] --END-- [ RunTime:0.001000s ]

[ 2015-09-09T14:01:41+08:00 ] 127.0.0.1 /photocms/
INFO: [ app_init ] --START--
INFO: Run Behavior\BuildLiteBehavior [ RunTime:0.000000s ]
INFO: [ app_init ] --END-- [ RunTime:0.001000s ]
INFO: [ app_begin ] --START--
INFO: Run Behavior\ReadHtmlCacheBehavior [ RunTime:0.001000s ]
INFO: Run Behavior\FlChkLangBehavior [ RunTime:0.001000s ]
INFO: [ app_begin ] --END-- [ RunTime:0.003000s ]
NOTIC: [8] Undefined variable: nowlang D:\xampp\htdocs\photocms\Site\Common\Controller\SiteController.class.php 第 46 行.
NOTIC: [8] Undefined variable: nowlang D:\xampp\htdocs\photocms\Site\Common\Controller\SiteController.class.php 第 47 行.
NOTIC: [8] Undefined variable: lid D:\xampp\htdocs\photocms\Site\Common\Common\function.php 第 174 行.
NOTIC: [8] Undefined offset: 1 D:\xampp\htdocs\photocms\Core\Library\Org\Helper\Route.class.php 第 54 行.
NOTIC: [8] Undefined offset: 1 D:\xampp\htdocs\photocms\Core\Library\Org\Helper\Route.class.php 第 54 行.
NOTIC: [8] Undefined offset: 1 D:\xampp\htdocs\photocms\Core\Library\Org\Helper\Route.class.php 第 54 行.
NOTIC: [8] Use of undefined constant JS_PATH - assumed 'JS_PATH' D:\xampp\htdocs\photocms\Template\Site\BootStrap\Layout\footer.php 第 57 行.
NOTIC: [8] Use of undefined constant JS_PATH - assumed 'JS_PATH' D:\xampp\htdocs\photocms\Template\Site\BootStrap\Layout\footer.php 第 58 行.
INFO: [ view_filter ] --START--
INFO: Run Behavior\WriteHtmlCacheBehavior [ RunTime:0.001000s ]
INFO: [ view_filter ] --END-- [ RunTime:0.001000s ]
INFO: [ app_end ] --START--
INFO: Run Behavior\ShowPageTraceBehavior [ RunTime:0.001000s ]
INFO: [ app_end ] --END-- [ RunTime:0.001000s ]

[ 2015-09-09T14:01:42+08:00 ] 127.0.0.1 /photocms/
INFO: [ app_init ] --START--
INFO: Run Behavior\BuildLiteBehavior [ RunTime:0.000000s ]
INFO: [ app_init ] --END-- [ RunTime:0.000000s ]
INFO: [ app_begin ] --START--
INFO: Run Behavior\ReadHtmlCacheBehavior [ RunTime:0.001000s ]
INFO: Run Behavior\FlChkLangBehavior [ RunTime:0.001000s ]
INFO: [ app_begin ] --END-- [ RunTime:0.002000s ]
NOTIC: [8] Undefined variable: nowlang D:\xampp\htdocs\photocms\Site\Common\Controller\SiteController.class.php 第 46 行.
NOTIC: [8] Undefined variable: nowlang D:\xampp\htdocs\photocms\Site\Common\Controller\SiteController.class.php 第 47 行.
NOTIC: [8] Undefined variable: lid D:\xampp\htdocs\photocms\Site\Common\Common\function.php 第 174 行.
NOTIC: [8] Undefined offset: 1 D:\xampp\htdocs\photocms\Core\Library\Org\Helper\Route.class.php 第 54 行.
NOTIC: [8] Undefined offset: 1 D:\xampp\htdocs\photocms\Core\Library\Org\Helper\Route.class.php 第 54 行.
NOTIC: [8] Undefined offset: 1 D:\xampp\htdocs\photocms\Core\Library\Org\Helper\Route.class.php 第 54 行.
NOTIC: [8] Use of undefined constant JS_PATH - assumed 'JS_PATH' D:\xampp\htdocs\photocms\Template\Site\BootStrap\Layout\footer.php 第 57 行.
NOTIC: [8] Use of undefined constant JS_PATH - assumed 'JS_PATH' D:\xampp\htdocs\photocms\Template\Site\BootStrap\Layout\footer.php 第 58 行.
INFO: [ view_filter ] --START--
INFO: Run Behavior\WriteHtmlCacheBehavior [ RunTime:0.001000s ]
INFO: [ view_filter ] --END-- [ RunTime:0.001000s ]
INFO: [ app_end ] --START--
INFO: Run Behavior\ShowPageTraceBehavior [ RunTime:0.001000s ]
INFO: [ app_end ] --END-- [ RunTime:0.002000s ]

[ 2015-09-09T14:01:43+08:00 ] 127.0.0.1 /photocms/
INFO: [ app_init ] --START--
INFO: Run Behavior\BuildLiteBehavior [ RunTime:0.000000s ]
INFO: [ app_init ] --END-- [ RunTime:0.000000s ]
INFO: [ app_begin ] --START--
INFO: Run Behavior\ReadHtmlCacheBehavior [ RunTime:0.000000s ]
INFO: Run Behavior\FlChkLangBehavior [ RunTime:0.001000s ]
INFO: [ app_begin ] --END-- [ RunTime:0.003000s ]
NOTIC: [8] Undefined variable: nowlang D:\xampp\htdocs\photocms\Site\Common\Controller\SiteController.class.php 第 46 行.
NOTIC: [8] Undefined variable: nowlang D:\xampp\htdocs\photocms\Site\Common\Controller\SiteController.class.php 第 47 行.
NOTIC: [8] Undefined variable: lid D:\xampp\htdocs\photocms\Site\Common\Common\function.php 第 174 行.
NOTIC: [8] Undefined offset: 1 D:\xampp\htdocs\photocms\Core\Library\Org\Helper\Route.class.php 第 54 行.
NOTIC: [8] Undefined offset: 1 D:\xampp\htdocs\photocms\Core\Library\Org\Helper\Route.class.php 第 54 行.
NOTIC: [8] Undefined offset: 1 D:\xampp\htdocs\photocms\Core\Library\Org\Helper\Route.class.php 第 54 行.
NOTIC: [8] Use of undefined constant JS_PATH - assumed 'JS_PATH' D:\xampp\htdocs\photocms\Template\Site\BootStrap\Layout\footer.php 第 57 行.
NOTIC: [8] Use of undefined constant JS_PATH - assumed 'JS_PATH' D:\xampp\htdocs\photocms\Template\Site\BootStrap\Layout\footer.php 第 58 行.
INFO: [ view_filter ] --START--
INFO: Run Behavior\WriteHtmlCacheBehavior [ RunTime:0.000000s ]
INFO: [ view_filter ] --END-- [ RunTime:0.001000s ]
INFO: [ app_end ] --START--
INFO: Run Behavior\ShowPageTraceBehavior [ RunTime:0.001000s ]
INFO: [ app_end ] --END-- [ RunTime:0.001000s ]

[ 2015-09-09T14:01:44+08:00 ] 127.0.0.1 /photocms/
INFO: [ app_init ] --START--
INFO: Run Behavior\BuildLiteBehavior [ RunTime:0.000000s ]
INFO: [ app_init ] --END-- [ RunTime:0.001000s ]
INFO: [ app_begin ] --START--
INFO: Run Behavior\ReadHtmlCacheBehavior [ RunTime:0.001000s ]
INFO: Run Behavior\FlChkLangBehavior [ RunTime:0.001000s ]
INFO: [ app_begin ] --END-- [ RunTime:0.002000s ]
NOTIC: [8] Undefined variable: nowlang D:\xampp\htdocs\photocms\Site\Common\Controller\SiteController.class.php 第 46 行.
NOTIC: [8] Undefined variable: nowlang D:\xampp\htdocs\photocms\Site\Common\Controller\SiteController.class.php 第 47 行.
NOTIC: [8] Undefined variable: lid D:\xampp\htdocs\photocms\Site\Common\Common\function.php 第 174 行.
NOTIC: [8] Undefined offset: 1 D:\xampp\htdocs\photocms\Core\Library\Org\Helper\Route.class.php 第 54 行.
NOTIC: [8] Undefined offset: 1 D:\xampp\htdocs\photocms\Core\Library\Org\Helper\Route.class.php 第 54 行.
NOTIC: [8] Undefined offset: 1 D:\xampp\htdocs\photocms\Core\Library\Org\Helper\Route.class.php 第 54 行.
NOTIC: [8] Use of undefined constant JS_PATH - assumed 'JS_PATH' D:\xampp\htdocs\photocms\Template\Site\BootStrap\Layout\footer.php 第 57 行.
NOTIC: [8] Use of undefined constant JS_PATH - assumed 'JS_PATH' D:\xampp\htdocs\photocms\Template\Site\BootStrap\Layout\footer.php 第 58 行.
INFO: [ view_filter ] --START--
INFO: Run Behavior\WriteHtmlCacheBehavior [ RunTime:0.000000s ]
INFO: [ view_filter ] --END-- [ RunTime:0.000000s ]
INFO: [ app_end ] --START--
INFO: Run Behavior\ShowPageTraceBehavior [ RunTime:0.001000s ]
INFO: [ app_end ] --END-- [ RunTime:0.001000s ]

[ 2015-09-09T14:01:45+08:00 ] 127.0.0.1 /photocms/
INFO: [ app_init ] --START--
INFO: Run Behavior\BuildLiteBehavior [ RunTime:0.000000s ]
INFO: [ app_init ] --END-- [ RunTime:0.001000s ]
INFO: [ app_begin ] --START--
INFO: Run Behavior\ReadHtmlCacheBehavior [ RunTime:0.001000s ]
INFO: Run Behavior\FlChkLangBehavior [ RunTime:0.001000s ]
INFO: [ app_begin ] --END-- [ RunTime:0.002000s ]
NOTIC: [8] Undefined variable: nowlang D:\xampp\htdocs\photocms\Site\Common\Controller\SiteController.class.php 第 46 行.
NOTIC: [8] Undefined variable: nowlang D:\xampp\htdocs\photocms\Site\Common\Controller\SiteController.class.php 第 47 行.
NOTIC: [8] Undefined variable: lid D:\xampp\htdocs\photocms\Site\Common\Common\function.php 第 174 行.
NOTIC: [8] Undefined offset: 1 D:\xampp\htdocs\photocms\Core\Library\Org\Helper\Route.class.php 第 54 行.
NOTIC: [8] Undefined offset: 1 D:\xampp\htdocs\photocms\Core\Library\Org\Helper\Route.class.php 第 54 行.
NOTIC: [8] Undefined offset: 1 D:\xampp\htdocs\photocms\Core\Library\Org\Helper\Route.class.php 第 54 行.
NOTIC: [8] Use of undefined constant JS_PATH - assumed 'JS_PATH' D:\xampp\htdocs\photocms\Template\Site\BootStrap\Layout\footer.php 第 57 行.
NOTIC: [8] Use of undefined constant JS_PATH - assumed 'JS_PATH' D:\xampp\htdocs\photocms\Template\Site\BootStrap\Layout\footer.php 第 58 行.
INFO: [ view_filter ] --START--
INFO: Run Behavior\WriteHtmlCacheBehavior [ RunTime:0.000000s ]
INFO: [ view_filter ] --END-- [ RunTime:0.001000s ]
INFO: [ app_end ] --START--
INFO: Run Behavior\ShowPageTraceBehavior [ RunTime:0.001000s ]
INFO: [ app_end ] --END-- [ RunTime:0.001000s ]

[ 2015-09-09T14:01:54+08:00 ] 127.0.0.1 /photocms/
INFO: [ app_init ] --START--
INFO: Run Behavior\BuildLiteBehavior [ RunTime:0.000000s ]
INFO: [ app_init ] --END-- [ RunTime:0.002000s ]
INFO: [ app_begin ] --START--
INFO: Run Behavior\ReadHtmlCacheBehavior [ RunTime:0.001000s ]
INFO: Run Behavior\FlChkLangBehavior [ RunTime:0.002000s ]
INFO: [ app_begin ] --END-- [ RunTime:0.003000s ]
NOTIC: [8] Undefined variable: nowlang D:\xampp\htdocs\photocms\Site\Common\Controller\SiteController.class.php 第 46 行.
NOTIC: [8] Undefined variable: nowlang D:\xampp\htdocs\photocms\Site\Common\Controller\SiteController.class.php 第 47 行.
NOTIC: [8] Undefined variable: lid D:\xampp\htdocs\photocms\Site\Common\Common\function.php 第 174 行.
NOTIC: [8] Undefined offset: 1 D:\xampp\htdocs\photocms\Core\Library\Org\Helper\Route.class.php 第 54 行.
NOTIC: [8] Undefined offset: 1 D:\xampp\htdocs\photocms\Core\Library\Org\Helper\Route.class.php 第 54 行.
NOTIC: [8] Undefined offset: 1 D:\xampp\htdocs\photocms\Core\Library\Org\Helper\Route.class.php 第 54 行.
NOTIC: [8] Use of undefined constant JS_PATH - assumed 'JS_PATH' D:\xampp\htdocs\photocms\Template\Site\BootStrap\Layout\footer.php 第 57 行.
NOTIC: [8] Use of undefined constant JS_PATH - assumed 'JS_PATH' D:\xampp\htdocs\photocms\Template\Site\BootStrap\Layout\footer.php 第 58 行.
INFO: [ view_filter ] --START--
INFO: Run Behavior\WriteHtmlCacheBehavior [ RunTime:0.000000s ]
INFO: [ view_filter ] --END-- [ RunTime:0.001000s ]
INFO: [ app_end ] --START--
INFO: Run Behavior\ShowPageTraceBehavior [ RunTime:0.001000s ]
INFO: [ app_end ] --END-- [ RunTime:0.001000s ]

[ 2015-09-09T15:15:53+08:00 ] 127.0.0.1 /photocms/
INFO: [ app_init ] --START--
INFO: Run Behavior\BuildLiteBehavior [ RunTime:0.000000s ]
INFO: [ app_init ] --END-- [ RunTime:0.001000s ]
INFO: [ app_begin ] --START--
INFO: Run Behavior\ReadHtmlCacheBehavior [ RunTime:0.001000s ]
INFO: Run Behavior\FlChkLangBehavior [ RunTime:0.001000s ]
INFO: [ app_begin ] --END-- [ RunTime:0.003000s ]
NOTIC: [8] Undefined variable: nowlang D:\xampp\htdocs\photocms\Site\Common\Controller\SiteController.class.php 第 46 行.
NOTIC: [8] Undefined variable: nowlang D:\xampp\htdocs\photocms\Site\Common\Controller\SiteController.class.php 第 47 行.
NOTIC: [8] Undefined variable: lid D:\xampp\htdocs\photocms\Site\Common\Common\function.php 第 174 行.
NOTIC: [8] Undefined offset: 1 D:\xampp\htdocs\photocms\Core\Library\Org\Helper\Route.class.php 第 54 行.
NOTIC: [8] Undefined offset: 1 D:\xampp\htdocs\photocms\Core\Library\Org\Helper\Route.class.php 第 54 行.
NOTIC: [8] Undefined offset: 1 D:\xampp\htdocs\photocms\Core\Library\Org\Helper\Route.class.php 第 54 行.
NOTIC: [8] Use of undefined constant JS_PATH - assumed 'JS_PATH' D:\xampp\htdocs\photocms\Template\Site\BootStrap\Layout\footer.php 第 57 行.
NOTIC: [8] Use of undefined constant JS_PATH - assumed 'JS_PATH' D:\xampp\htdocs\photocms\Template\Site\BootStrap\Layout\footer.php 第 58 行.
INFO: [ view_filter ] --START--
INFO: Run Behavior\WriteHtmlCacheBehavior [ RunTime:0.001000s ]
INFO: [ view_filter ] --END-- [ RunTime:0.001000s ]
INFO: [ app_end ] --START--
INFO: Run Behavior\ShowPageTraceBehavior [ RunTime:0.002001s ]
INFO: [ app_end ] --END-- [ RunTime:0.002001s ]

