[ 2015-09-09T11:22:25+08:00 ] 127.0.0.1 /photocms/Admin.php/Auth/Login/Login.html
INFO: [ app_init ] --START--
INFO: Run Behavior\BuildLiteBehavior [ RunTime:0.000000s ]
INFO: [ app_init ] --END-- [ RunTime:0.001000s ]
INFO: [ app_begin ] --START--
INFO: Run Behavior\ReadHtmlCacheBehavior [ RunTime:0.002000s ]
INFO: Run Behavior\FlChkLangBehavior [ RunTime:0.033004s ]
INFO: [ app_begin ] --END-- [ RunTime:0.036004s ]
NOTIC: [8] Use of undefined constant TMPL_PATH - assumed 'TMPL_PATH' D:\xampp\htdocs\photocms\Admin\Common\Controller\AdminbaseController.class.php 第 14 行.
INFO: [ view_filter ] --START--
INFO: Run Behavior\WriteHtmlCacheBehavior [ RunTime:0.318032s ]
INFO: [ view_filter ] --END-- [ RunTime:0.319032s ]
INFO: [ app_end ] --START--
INFO: Run Behavior\ShowPageTraceBehavior [ RunTime:0.084009s ]
INFO: [ app_end ] --END-- [ RunTime:0.084009s ]

[ 2015-09-09T11:22:27+08:00 ] 127.0.0.1 /photocms/Admin.php/Auth/Login/verify.html
INFO: [ app_init ] --START--
INFO: Run Behavior\BuildLiteBehavior [ RunTime:0.000000s ]
INFO: [ app_init ] --END-- [ RunTime:0.001000s ]
INFO: [ app_begin ] --START--
INFO: Run Behavior\ReadHtmlCacheBehavior [ RunTime:0.001000s ]
INFO: Run Behavior\FlChkLangBehavior [ RunTime:0.002000s ]
INFO: [ app_begin ] --END-- [ RunTime:0.003000s ]
NOTIC: [8] Use of undefined constant TMPL_PATH - assumed 'TMPL_PATH' D:\xampp\htdocs\photocms\Admin\Common\Controller\AdminbaseController.class.php 第 14 行.
INFO: [ app_end ] --START--
INFO: Run Behavior\ShowPageTraceBehavior [ RunTime:0.001000s ]
INFO: [ app_end ] --END-- [ RunTime:0.002000s ]

[ 2015-09-09T11:22:36+08:00 ] 127.0.0.1 /photocms/Admin.php/Auth/Login/Login.html
INFO: [ app_init ] --START--
INFO: Run Behavior\BuildLiteBehavior [ RunTime:0.000000s ]
INFO: [ app_init ] --END-- [ RunTime:0.001000s ]
INFO: [ app_begin ] --START--
INFO: Run Behavior\ReadHtmlCacheBehavior [ RunTime:0.001000s ]
INFO: Run Behavior\FlChkLangBehavior [ RunTime:0.003000s ]
INFO: [ app_begin ] --END-- [ RunTime:0.004000s ]
NOTIC: [8] Use of undefined constant TMPL_PATH - assumed 'TMPL_PATH' D:\xampp\htdocs\photocms\Admin\Common\Controller\AdminbaseController.class.php 第 14 行.
SQL: SHOW COLUMNS FROM `ur7_admin` [ RunTime:0.4360s ]
SQL: SELECT * FROM `ur7_admin` WHERE `username` = 'admin' LIMIT 1   [ RunTime:0.0580s ]
NOTIC: [8] Undefined offset: 1 D:\xampp\htdocs\photocms\Core\Library\Think\Model\AdvModel.class.php 第 277 行.

