[ 2015-09-09T11:22:27+08:00 ] 127.0.0.1 /photocms/Template/Admin/bootstrap/Layout/Js/jquery.min.js
INFO: [ app_init ] --START--
INFO: Run Behavior\BuildLiteBehavior [ RunTime:0.000000s ]
INFO: [ app_init ] --END-- [ RunTime:0.001000s ]
ERR: 无法加载模块:Template

[ 2015-09-09T11:22:45+08:00 ] 127.0.0.1 /photocms/Template/Plugin/Test/Res/thumb.png
INFO: [ app_init ] --START--
INFO: Run Behavior\BuildLiteBehavior [ RunTime:0.000000s ]
INFO: [ app_init ] --END-- [ RunTime:0.001001s ]
ERR: 无法加载模块:Template

[ 2015-09-09T13:29:03+08:00 ] 127.0.0.1 /photocms/JS_PATHjquery-1.8.2.min.js
INFO: [ app_init ] --START--
INFO: Run Behavior\BuildLiteBehavior [ RunTime:0.000000s ]
INFO: [ app_init ] --END-- [ RunTime:0.001000s ]
ERR: 无法加载模块:JS_PATHjquery-1.8.2.min

[ 2015-09-09T13:29:03+08:00 ] 127.0.0.1 /photocms/JS_PATHbootstrap.min.js
INFO: [ app_init ] --START--
INFO: Run Behavior\BuildLiteBehavior [ RunTime:0.000000s ]
INFO: [ app_init ] --END-- [ RunTime:0.001000s ]
ERR: 无法加载模块:JS_PATHbootstrap.min

[ 2015-09-09T13:29:03+08:00 ] 127.0.0.1 /photocms/Template/Site/BootStrap/Layout/img/social-icons/dribbble.png
INFO: [ app_init ] --START--
INFO: Run Behavior\BuildLiteBehavior [ RunTime:0.000000s ]
INFO: [ app_init ] --END-- [ RunTime:0.001000s ]
ERR: 无法加载模块:Template

[ 2015-09-09T13:29:03+08:00 ] 127.0.0.1 /photocms/Template/Site/BootStrap/Layout/img/social-icons/facebook.png
INFO: [ app_init ] --START--
INFO: Run Behavior\BuildLiteBehavior [ RunTime:0.000000s ]
INFO: [ app_init ] --END-- [ RunTime:0.001000s ]
ERR: 无法加载模块:Template

[ 2015-09-09T13:29:03+08:00 ] 127.0.0.1 /photocms/Template/Site/BootStrap/Layout/img/social-icons/pinterest.png
INFO: [ app_init ] --START--
INFO: Run Behavior\BuildLiteBehavior [ RunTime:0.000000s ]
INFO: [ app_init ] --END-- [ RunTime:0.001000s ]
ERR: 无法加载模块:Template

[ 2015-09-09T13:29:03+08:00 ] 127.0.0.1 /photocms/Template/Site/BootStrap/Layout/img/social-icons/twitter.png
INFO: [ app_init ] --START--
INFO: Run Behavior\BuildLiteBehavior [ RunTime:0.000000s ]
INFO: [ app_init ] --END-- [ RunTime:0.002000s ]
ERR: 无法加载模块:Template

[ 2015-09-09T13:29:03+08:00 ] 127.0.0.1 /photocms/Template/Site/BootStrap/Layout/img/pattern.jpg
INFO: [ app_init ] --START--
INFO: Run Behavior\BuildLiteBehavior [ RunTime:0.000000s ]
INFO: [ app_init ] --END-- [ RunTime:0.001000s ]
ERR: 无法加载模块:Template

[ 2015-09-09T13:29:50+08:00 ] 127.0.0.1 /photocms/JS_PATHbootstrap.min.js
INFO: [ app_init ] --START--
INFO: Run Behavior\BuildLiteBehavior [ RunTime:0.000000s ]
INFO: [ app_init ] --END-- [ RunTime:0.001000s ]
ERR: 无法加载模块:JS_PATHbootstrap.min

[ 2015-09-09T13:29:50+08:00 ] 127.0.0.1 /photocms/JS_PATHjquery-1.8.2.min.js
INFO: [ app_init ] --START--
INFO: Run Behavior\BuildLiteBehavior [ RunTime:0.000000s ]
INFO: [ app_init ] --END-- [ RunTime:0.001000s ]
ERR: 无法加载模块:JS_PATHjquery-1.8.2.min

[ 2015-09-09T13:29:50+08:00 ] 127.0.0.1 /photocms/Template/Site/BootStrap/Layout/img/social-icons/facebook.png
INFO: [ app_init ] --START--
INFO: Run Behavior\BuildLiteBehavior [ RunTime:0.000000s ]
INFO: [ app_init ] --END-- [ RunTime:0.001000s ]
ERR: 无法加载模块:Template

[ 2015-09-09T13:29:50+08:00 ] 127.0.0.1 /photocms/JS_PATHbootstrap.min.js
INFO: [ app_init ] --START--
INFO: Run Behavior\BuildLiteBehavior [ RunTime:0.000000s ]
INFO: [ app_init ] --END-- [ RunTime:0.000000s ]
ERR: 无法加载模块:JS_PATHbootstrap.min

[ 2015-09-09T13:29:50+08:00 ] 127.0.0.1 /photocms/Template/Site/BootStrap/Layout/img/social-icons/dribbble.png
INFO: [ app_init ] --START--
INFO: Run Behavior\BuildLiteBehavior [ RunTime:0.000000s ]
INFO: [ app_init ] --END-- [ RunTime:0.001000s ]
ERR: 无法加载模块:Template

[ 2015-09-09T13:29:50+08:00 ] 127.0.0.1 /photocms/Template/Site/BootStrap/Layout/img/pattern.jpg
INFO: [ app_init ] --START--
INFO: Run Behavior\BuildLiteBehavior [ RunTime:0.000000s ]
INFO: [ app_init ] --END-- [ RunTime:0.001000s ]
ERR: 无法加载模块:Template

[ 2015-09-09T13:29:50+08:00 ] 127.0.0.1 /photocms/Template/Site/BootStrap/Layout/img/social-icons/twitter.png
INFO: [ app_init ] --START--
INFO: Run Behavior\BuildLiteBehavior [ RunTime:0.000000s ]
INFO: [ app_init ] --END-- [ RunTime:0.001000s ]
ERR: 无法加载模块:Template

[ 2015-09-09T13:29:50+08:00 ] 127.0.0.1 /photocms/Template/Site/BootStrap/Layout/img/social-icons/pinterest.png
INFO: [ app_init ] --START--
INFO: Run Behavior\BuildLiteBehavior [ RunTime:0.000000s ]
INFO: [ app_init ] --END-- [ RunTime:0.001000s ]
ERR: 无法加载模块:Template

[ 2015-09-09T13:30:55+08:00 ] 127.0.0.1 /photocms/JS_PATHbootstrap.min.js
INFO: [ app_init ] --START--
INFO: Run Behavior\BuildLiteBehavior [ RunTime:0.001001s ]
INFO: [ app_init ] --END-- [ RunTime:0.002001s ]
ERR: 无法加载模块:JS_PATHbootstrap.min

[ 2015-09-09T13:30:55+08:00 ] 127.0.0.1 /photocms/JS_PATHjquery-1.8.2.min.js
INFO: [ app_init ] --START--
INFO: Run Behavior\BuildLiteBehavior [ RunTime:0.000000s ]
INFO: [ app_init ] --END-- [ RunTime:0.001000s ]
ERR: 无法加载模块:JS_PATHjquery-1.8.2.min

[ 2015-09-09T13:30:55+08:00 ] 127.0.0.1 /photocms/Template/Site/BootStrap/Layout/img/social-icons/dribbble.png
INFO: [ app_init ] --START--
INFO: Run Behavior\BuildLiteBehavior [ RunTime:0.000000s ]
INFO: [ app_init ] --END-- [ RunTime:0.001000s ]
ERR: 无法加载模块:Template

[ 2015-09-09T13:30:56+08:00 ] 127.0.0.1 /photocms/Template/Site/BootStrap/Layout/img/social-icons/twitter.png
INFO: [ app_init ] --START--
INFO: Run Behavior\BuildLiteBehavior [ RunTime:0.000000s ]
INFO: [ app_init ] --END-- [ RunTime:0.001000s ]
ERR: 无法加载模块:Template

[ 2015-09-09T13:30:56+08:00 ] 127.0.0.1 /photocms/Template/Site/BootStrap/Layout/img/pattern.jpg
INFO: [ app_init ] --START--
INFO: Run Behavior\BuildLiteBehavior [ RunTime:0.000000s ]
INFO: [ app_init ] --END-- [ RunTime:0.001000s ]
ERR: 无法加载模块:Template

[ 2015-09-09T13:30:56+08:00 ] 127.0.0.1 /photocms/Template/Site/BootStrap/Layout/img/social-icons/pinterest.png
INFO: [ app_init ] --START--
INFO: Run Behavior\BuildLiteBehavior [ RunTime:0.000000s ]
INFO: [ app_init ] --END-- [ RunTime:0.021002s ]
ERR: 无法加载模块:Template

[ 2015-09-09T13:30:56+08:00 ] 127.0.0.1 /photocms/Template/Site/BootStrap/Layout/img/social-icons/facebook.png
INFO: [ app_init ] --START--
INFO: Run Behavior\BuildLiteBehavior [ RunTime:0.000000s ]
INFO: [ app_init ] --END-- [ RunTime:0.001000s ]
ERR: 无法加载模块:Template

[ 2015-09-09T13:30:56+08:00 ] 127.0.0.1 /photocms/JS_PATHbootstrap.min.js
INFO: [ app_init ] --START--
INFO: Run Behavior\BuildLiteBehavior [ RunTime:0.000000s ]
INFO: [ app_init ] --END-- [ RunTime:0.002000s ]
ERR: 无法加载模块:JS_PATHbootstrap.min

[ 2015-09-09T13:31:06+08:00 ] 127.0.0.1 /photocms/JS_PATHbootstrap.min.js
INFO: [ app_init ] --START--
INFO: Run Behavior\BuildLiteBehavior [ RunTime:0.000000s ]
INFO: [ app_init ] --END-- [ RunTime:0.001000s ]
ERR: 无法加载模块:JS_PATHbootstrap.min

[ 2015-09-09T13:31:06+08:00 ] 127.0.0.1 /photocms/JS_PATHjquery-1.8.2.min.js
INFO: [ app_init ] --START--
INFO: Run Behavior\BuildLiteBehavior [ RunTime:0.000000s ]
INFO: [ app_init ] --END-- [ RunTime:0.001000s ]
ERR: 无法加载模块:JS_PATHjquery-1.8.2.min

[ 2015-09-09T13:31:06+08:00 ] 127.0.0.1 /photocms/Template/Site/BootStrap/Layout/img/social-icons/twitter.png
INFO: [ app_init ] --START--
INFO: Run Behavior\BuildLiteBehavior [ RunTime:0.000000s ]
INFO: [ app_init ] --END-- [ RunTime:0.003001s ]
ERR: 无法加载模块:Template

[ 2015-09-09T13:31:06+08:00 ] 127.0.0.1 /photocms/Template/Site/BootStrap/Layout/img/social-icons/facebook.png
INFO: [ app_init ] --START--
INFO: Run Behavior\BuildLiteBehavior [ RunTime:0.000000s ]
INFO: [ app_init ] --END-- [ RunTime:0.000000s ]
ERR: 无法加载模块:Template

[ 2015-09-09T13:31:06+08:00 ] 127.0.0.1 /photocms/Template/Site/BootStrap/Layout/img/pattern.jpg
INFO: [ app_init ] --START--
INFO: Run Behavior\BuildLiteBehavior [ RunTime:0.000000s ]
INFO: [ app_init ] --END-- [ RunTime:0.003000s ]
ERR: 无法加载模块:Template

[ 2015-09-09T13:31:06+08:00 ] 127.0.0.1 /photocms/Template/Site/BootStrap/Layout/img/social-icons/dribbble.png
INFO: [ app_init ] --START--
INFO: Run Behavior\BuildLiteBehavior [ RunTime:0.000000s ]
INFO: [ app_init ] --END-- [ RunTime:0.001000s ]
ERR: 无法加载模块:Template

[ 2015-09-09T13:31:06+08:00 ] 127.0.0.1 /photocms/JS_PATHbootstrap.min.js
INFO: [ app_init ] --START--
INFO: Run Behavior\BuildLiteBehavior [ RunTime:0.000000s ]
INFO: [ app_init ] --END-- [ RunTime:0.001000s ]
ERR: 无法加载模块:JS_PATHbootstrap.min

[ 2015-09-09T13:31:06+08:00 ] 127.0.0.1 /photocms/Template/Site/BootStrap/Layout/img/social-icons/pinterest.png
INFO: [ app_init ] --START--
INFO: Run Behavior\BuildLiteBehavior [ RunTime:0.000000s ]
INFO: [ app_init ] --END-- [ RunTime:0.002001s ]
ERR: 无法加载模块:Template

[ 2015-09-09T13:31:12+08:00 ] 127.0.0.1 /photocms/JS_PATHbootstrap.min.js
INFO: [ app_init ] --START--
INFO: Run Behavior\BuildLiteBehavior [ RunTime:0.000000s ]
INFO: [ app_init ] --END-- [ RunTime:0.000000s ]
ERR: 无法加载模块:JS_PATHbootstrap.min

[ 2015-09-09T13:31:12+08:00 ] 127.0.0.1 /photocms/JS_PATHjquery-1.8.2.min.js
INFO: [ app_init ] --START--
INFO: Run Behavior\BuildLiteBehavior [ RunTime:0.000000s ]
INFO: [ app_init ] --END-- [ RunTime:0.001000s ]
ERR: 无法加载模块:JS_PATHjquery-1.8.2.min

[ 2015-09-09T13:31:12+08:00 ] 127.0.0.1 /photocms/Template/Site/BootStrap/Layout/img/social-icons/facebook.png
INFO: [ app_init ] --START--
INFO: Run Behavior\BuildLiteBehavior [ RunTime:0.000000s ]
INFO: [ app_init ] --END-- [ RunTime:0.001000s ]
ERR: 无法加载模块:Template

[ 2015-09-09T13:31:12+08:00 ] 127.0.0.1 /photocms/Template/Site/BootStrap/Layout/img/pattern.jpg
INFO: [ app_init ] --START--
INFO: Run Behavior\BuildLiteBehavior [ RunTime:0.001000s ]
INFO: [ app_init ] --END-- [ RunTime:0.001000s ]
ERR: 无法加载模块:Template

[ 2015-09-09T13:31:12+08:00 ] 127.0.0.1 /photocms/Template/Site/BootStrap/Layout/img/social-icons/pinterest.png
INFO: [ app_init ] --START--
INFO: Run Behavior\BuildLiteBehavior [ RunTime:0.000000s ]
INFO: [ app_init ] --END-- [ RunTime:0.001000s ]
ERR: 无法加载模块:Template

[ 2015-09-09T13:31:12+08:00 ] 127.0.0.1 /photocms/Template/Site/BootStrap/Layout/img/social-icons/dribbble.png
INFO: [ app_init ] --START--
INFO: Run Behavior\BuildLiteBehavior [ RunTime:0.000000s ]
INFO: [ app_init ] --END-- [ RunTime:0.001000s ]
ERR: 无法加载模块:Template

[ 2015-09-09T13:31:12+08:00 ] 127.0.0.1 /photocms/JS_PATHbootstrap.min.js
INFO: [ app_init ] --START--
INFO: Run Behavior\BuildLiteBehavior [ RunTime:0.000000s ]
INFO: [ app_init ] --END-- [ RunTime:0.000000s ]
ERR: 无法加载模块:JS_PATHbootstrap.min

[ 2015-09-09T13:31:12+08:00 ] 127.0.0.1 /photocms/Template/Site/BootStrap/Layout/img/social-icons/twitter.png
INFO: [ app_init ] --START--
INFO: Run Behavior\BuildLiteBehavior [ RunTime:0.001000s ]
INFO: [ app_init ] --END-- [ RunTime:0.001000s ]
ERR: 无法加载模块:Template

[ 2015-09-09T13:31:22+08:00 ] 127.0.0.1 /photocms/JS_PATHjquery-1.8.2.min.js
INFO: [ app_init ] --START--
INFO: Run Behavior\BuildLiteBehavior [ RunTime:0.000000s ]
INFO: [ app_init ] --END-- [ RunTime:0.001000s ]
ERR: 无法加载模块:JS_PATHjquery-1.8.2.min

[ 2015-09-09T13:31:22+08:00 ] 127.0.0.1 /photocms/JS_PATHbootstrap.min.js
INFO: [ app_init ] --START--
INFO: Run Behavior\BuildLiteBehavior [ RunTime:0.000000s ]
INFO: [ app_init ] --END-- [ RunTime:0.002000s ]
ERR: 无法加载模块:JS_PATHbootstrap.min

[ 2015-09-09T13:31:22+08:00 ] 127.0.0.1 /photocms/Template/Site/BootStrap/Layout/img/social-icons/dribbble.png
INFO: [ app_init ] --START--
INFO: Run Behavior\BuildLiteBehavior [ RunTime:0.000000s ]
INFO: [ app_init ] --END-- [ RunTime:0.003000s ]
ERR: 无法加载模块:Template

[ 2015-09-09T13:31:22+08:00 ] 127.0.0.1 /photocms/Template/Site/BootStrap/Layout/img/pattern.jpg
INFO: [ app_init ] --START--
INFO: Run Behavior\BuildLiteBehavior [ RunTime:0.000000s ]
INFO: [ app_init ] --END-- [ RunTime:0.001000s ]
ERR: 无法加载模块:Template

[ 2015-09-09T13:31:22+08:00 ] 127.0.0.1 /photocms/Template/Site/BootStrap/Layout/img/social-icons/facebook.png
INFO: [ app_init ] --START--
INFO: Run Behavior\BuildLiteBehavior [ RunTime:0.000000s ]
INFO: [ app_init ] --END-- [ RunTime:0.002001s ]
ERR: 无法加载模块:Template

[ 2015-09-09T13:31:22+08:00 ] 127.0.0.1 /photocms/Template/Site/BootStrap/Layout/img/social-icons/pinterest.png
INFO: [ app_init ] --START--
INFO: Run Behavior\BuildLiteBehavior [ RunTime:0.000000s ]
INFO: [ app_init ] --END-- [ RunTime:0.002000s ]
ERR: 无法加载模块:Template

[ 2015-09-09T13:31:22+08:00 ] 127.0.0.1 /photocms/Template/Site/BootStrap/Layout/img/social-icons/twitter.png
INFO: [ app_init ] --START--
INFO: Run Behavior\BuildLiteBehavior [ RunTime:0.000000s ]
INFO: [ app_init ] --END-- [ RunTime:0.000000s ]
ERR: 无法加载模块:Template

[ 2015-09-09T13:31:33+08:00 ] 127.0.0.1 /photocms/JS_PATHbootstrap.min.js
INFO: [ app_init ] --START--
INFO: Run Behavior\BuildLiteBehavior [ RunTime:0.000000s ]
INFO: [ app_init ] --END-- [ RunTime:0.001000s ]
ERR: 无法加载模块:JS_PATHbootstrap.min

[ 2015-09-09T13:31:33+08:00 ] 127.0.0.1 /photocms/JS_PATHjquery-1.8.2.min.js
INFO: [ app_init ] --START--
INFO: Run Behavior\BuildLiteBehavior [ RunTime:0.000000s ]
INFO: [ app_init ] --END-- [ RunTime:0.006000s ]
ERR: 无法加载模块:JS_PATHjquery-1.8.2.min

[ 2015-09-09T13:31:33+08:00 ] 127.0.0.1 /photocms/Template/Site/BootStrap/Layout/img/pattern.jpg
INFO: [ app_init ] --START--
INFO: Run Behavior\BuildLiteBehavior [ RunTime:0.000000s ]
INFO: [ app_init ] --END-- [ RunTime:0.002000s ]
ERR: 无法加载模块:Template

[ 2015-09-09T13:31:33+08:00 ] 127.0.0.1 /photocms/Template/Site/BootStrap/Layout/img/social-icons/pinterest.png
INFO: [ app_init ] --START--
INFO: Run Behavior\BuildLiteBehavior [ RunTime:0.000000s ]
INFO: [ app_init ] --END-- [ RunTime:0.004000s ]
ERR: 无法加载模块:Template

[ 2015-09-09T13:31:33+08:00 ] 127.0.0.1 /photocms/Template/Site/BootStrap/Layout/img/social-icons/twitter.png
INFO: [ app_init ] --START--
INFO: Run Behavior\BuildLiteBehavior [ RunTime:0.000000s ]
INFO: [ app_init ] --END-- [ RunTime:0.001000s ]
ERR: 无法加载模块:Template

[ 2015-09-09T13:31:33+08:00 ] 127.0.0.1 /photocms/Template/Site/BootStrap/Layout/img/social-icons/facebook.png
INFO: [ app_init ] --START--
INFO: Run Behavior\BuildLiteBehavior [ RunTime:0.000000s ]
INFO: [ app_init ] --END-- [ RunTime:0.001000s ]
ERR: 无法加载模块:Template

[ 2015-09-09T13:31:33+08:00 ] 127.0.0.1 /photocms/Template/Site/BootStrap/Layout/img/social-icons/dribbble.png
INFO: [ app_init ] --START--
INFO: Run Behavior\BuildLiteBehavior [ RunTime:0.001000s ]
INFO: [ app_init ] --END-- [ RunTime:0.001000s ]
ERR: 无法加载模块:Template

[ 2015-09-09T13:31:33+08:00 ] 127.0.0.1 /photocms/JS_PATHbootstrap.min.js
INFO: [ app_init ] --START--
INFO: Run Behavior\BuildLiteBehavior [ RunTime:0.000000s ]
INFO: [ app_init ] --END-- [ RunTime:0.002000s ]
ERR: 无法加载模块:JS_PATHbootstrap.min

[ 2015-09-09T13:32:02+08:00 ] 127.0.0.1 /photocms/JS_PATHjquery-1.8.2.min.js
INFO: [ app_init ] --START--
INFO: Run Behavior\BuildLiteBehavior [ RunTime:0.000000s ]
INFO: [ app_init ] --END-- [ RunTime:0.001000s ]
ERR: 无法加载模块:JS_PATHjquery-1.8.2.min

[ 2015-09-09T13:32:02+08:00 ] 127.0.0.1 /photocms/JS_PATHbootstrap.min.js
INFO: [ app_init ] --START--
INFO: Run Behavior\BuildLiteBehavior [ RunTime:0.000000s ]
INFO: [ app_init ] --END-- [ RunTime:0.000000s ]
ERR: 无法加载模块:JS_PATHbootstrap.min

[ 2015-09-09T13:32:02+08:00 ] 127.0.0.1 /photocms/Template/Site/BootStrap/Layout/img/social-icons/dribbble.png
INFO: [ app_init ] --START--
INFO: Run Behavior\BuildLiteBehavior [ RunTime:0.000000s ]
INFO: [ app_init ] --END-- [ RunTime:0.002000s ]
ERR: 无法加载模块:Template

[ 2015-09-09T13:32:02+08:00 ] 127.0.0.1 /photocms/Template/Site/BootStrap/Layout/img/pattern.jpg
INFO: [ app_init ] --START--
INFO: Run Behavior\BuildLiteBehavior [ RunTime:0.000000s ]
INFO: [ app_init ] --END-- [ RunTime:0.001000s ]
ERR: 无法加载模块:Template

[ 2015-09-09T13:32:02+08:00 ] 127.0.0.1 /photocms/Template/Site/BootStrap/Layout/img/social-icons/facebook.png
INFO: [ app_init ] --START--
INFO: Run Behavior\BuildLiteBehavior [ RunTime:0.000000s ]
INFO: [ app_init ] --END-- [ RunTime:0.004001s ]
ERR: 无法加载模块:Template

[ 2015-09-09T13:32:02+08:00 ] 127.0.0.1 /photocms/Template/Site/BootStrap/Layout/img/social-icons/twitter.png
INFO: [ app_init ] --START--
INFO: Run Behavior\BuildLiteBehavior [ RunTime:0.000000s ]
INFO: [ app_init ] --END-- [ RunTime:0.004000s ]
ERR: 无法加载模块:Template

[ 2015-09-09T13:32:02+08:00 ] 127.0.0.1 /photocms/Template/Site/BootStrap/Layout/img/social-icons/pinterest.png
INFO: [ app_init ] --START--
INFO: Run Behavior\BuildLiteBehavior [ RunTime:0.000000s ]
INFO: [ app_init ] --END-- [ RunTime:0.004000s ]
ERR: 无法加载模块:Template

[ 2015-09-09T13:38:22+08:00 ] 127.0.0.1 /photocms/JS_PATHbootstrap.min.js
INFO: [ app_init ] --START--
INFO: Run Behavior\BuildLiteBehavior [ RunTime:0.000000s ]
INFO: [ app_init ] --END-- [ RunTime:0.000000s ]
ERR: 无法加载模块:JS_PATHbootstrap.min

[ 2015-09-09T13:38:22+08:00 ] 127.0.0.1 /photocms/JS_PATHjquery-1.8.2.min.js
INFO: [ app_init ] --START--
INFO: Run Behavior\BuildLiteBehavior [ RunTime:0.001000s ]
INFO: [ app_init ] --END-- [ RunTime:0.001000s ]
ERR: 无法加载模块:JS_PATHjquery-1.8.2.min

[ 2015-09-09T13:38:22+08:00 ] 127.0.0.1 /photocms/JS_PATHbootstrap.min.js
INFO: [ app_init ] --START--
INFO: Run Behavior\BuildLiteBehavior [ RunTime:0.000000s ]
INFO: [ app_init ] --END-- [ RunTime:0.001000s ]
ERR: 无法加载模块:JS_PATHbootstrap.min

[ 2015-09-09T13:38:22+08:00 ] 127.0.0.1 /photocms/Template/Site/BootStrap/Layout/img/social-icons/dribbble.png
INFO: [ app_init ] --START--
INFO: Run Behavior\BuildLiteBehavior [ RunTime:0.000000s ]
INFO: [ app_init ] --END-- [ RunTime:0.002001s ]
ERR: 无法加载模块:Template

[ 2015-09-09T13:38:22+08:00 ] 127.0.0.1 /photocms/Template/Site/BootStrap/Layout/img/social-icons/pinterest.png
INFO: [ app_init ] --START--
INFO: Run Behavior\BuildLiteBehavior [ RunTime:0.000000s ]
INFO: [ app_init ] --END-- [ RunTime:0.001000s ]
ERR: 无法加载模块:Template

[ 2015-09-09T13:38:22+08:00 ] 127.0.0.1 /photocms/Template/Site/BootStrap/Layout/img/social-icons/facebook.png
INFO: [ app_init ] --START--
INFO: Run Behavior\BuildLiteBehavior [ RunTime:0.000000s ]
INFO: [ app_init ] --END-- [ RunTime:0.002000s ]
ERR: 无法加载模块:Template

[ 2015-09-09T13:38:22+08:00 ] 127.0.0.1 /photocms/Template/Site/BootStrap/Layout/img/pattern.jpg
INFO: [ app_init ] --START--
INFO: Run Behavior\BuildLiteBehavior [ RunTime:0.000000s ]
INFO: [ app_init ] --END-- [ RunTime:0.001000s ]
ERR: 无法加载模块:Template

[ 2015-09-09T13:38:22+08:00 ] 127.0.0.1 /photocms/Template/Site/BootStrap/Layout/img/social-icons/twitter.png
INFO: [ app_init ] --START--
INFO: Run Behavior\BuildLiteBehavior [ RunTime:0.000000s ]
INFO: [ app_init ] --END-- [ RunTime:0.020002s ]
ERR: 无法加载模块:Template

[ 2015-09-09T13:39:00+08:00 ] 127.0.0.1 /photocms/JS_PATHbootstrap.min.js
INFO: [ app_init ] --START--
INFO: Run Behavior\BuildLiteBehavior [ RunTime:0.000000s ]
INFO: [ app_init ] --END-- [ RunTime:0.006001s ]
ERR: 无法加载模块:JS_PATHbootstrap.min

[ 2015-09-09T13:39:00+08:00 ] 127.0.0.1 /photocms/JS_PATHjquery-1.8.2.min.js
INFO: [ app_init ] --START--
INFO: Run Behavior\BuildLiteBehavior [ RunTime:0.000000s ]
INFO: [ app_init ] --END-- [ RunTime:0.001000s ]
ERR: 无法加载模块:JS_PATHjquery-1.8.2.min

[ 2015-09-09T13:39:00+08:00 ] 127.0.0.1 /photocms/JS_PATHbootstrap.min.js
INFO: [ app_init ] --START--
INFO: Run Behavior\BuildLiteBehavior [ RunTime:0.000000s ]
INFO: [ app_init ] --END-- [ RunTime:0.000000s ]
ERR: 无法加载模块:JS_PATHbootstrap.min

[ 2015-09-09T13:40:39+08:00 ] 127.0.0.1 /photocms/JS_PATHjquery-1.8.2.min.js
INFO: [ app_init ] --START--
INFO: Run Behavior\BuildLiteBehavior [ RunTime:0.000000s ]
INFO: [ app_init ] --END-- [ RunTime:0.000000s ]
ERR: 无法加载模块:JS_PATHjquery-1.8.2.min

[ 2015-09-09T13:40:39+08:00 ] 127.0.0.1 /photocms/JS_PATHbootstrap.min.js
INFO: [ app_init ] --START--
INFO: Run Behavior\BuildLiteBehavior [ RunTime:0.000000s ]
INFO: [ app_init ] --END-- [ RunTime:0.002001s ]
ERR: 无法加载模块:JS_PATHbootstrap.min

[ 2015-09-09T13:40:39+08:00 ] 127.0.0.1 /photocms/JS_PATHbootstrap.min.js
INFO: [ app_init ] --START--
INFO: Run Behavior\BuildLiteBehavior [ RunTime:0.000000s ]
INFO: [ app_init ] --END-- [ RunTime:0.001000s ]
ERR: 无法加载模块:JS_PATHbootstrap.min

[ 2015-09-09T13:40:55+08:00 ] 127.0.0.1 /photocms/JS_PATHjquery-1.8.2.min.js
INFO: [ app_init ] --START--
INFO: Run Behavior\BuildLiteBehavior [ RunTime:0.000000s ]
INFO: [ app_init ] --END-- [ RunTime:0.001000s ]
ERR: 无法加载模块:JS_PATHjquery-1.8.2.min

[ 2015-09-09T13:40:55+08:00 ] 127.0.0.1 /photocms/JS_PATHbootstrap.min.js
INFO: [ app_init ] --START--
INFO: Run Behavior\BuildLiteBehavior [ RunTime:0.001000s ]
INFO: [ app_init ] --END-- [ RunTime:0.002000s ]
ERR: 无法加载模块:JS_PATHbootstrap.min

[ 2015-09-09T13:42:36+08:00 ] 127.0.0.1 /photocms/JS_PATHbootstrap.min.js
INFO: [ app_init ] --START--
INFO: Run Behavior\BuildLiteBehavior [ RunTime:0.000000s ]
INFO: [ app_init ] --END-- [ RunTime:0.001000s ]
ERR: 无法加载模块:JS_PATHbootstrap.min

[ 2015-09-09T13:42:36+08:00 ] 127.0.0.1 /photocms/JS_PATHjquery-1.8.2.min.js
INFO: [ app_init ] --START--
INFO: Run Behavior\BuildLiteBehavior [ RunTime:0.000000s ]
INFO: [ app_init ] --END-- [ RunTime:0.001000s ]
ERR: 无法加载模块:JS_PATHjquery-1.8.2.min

[ 2015-09-09T13:42:36+08:00 ] 127.0.0.1 /photocms/JS_PATHbootstrap.min.js
INFO: [ app_init ] --START--
INFO: Run Behavior\BuildLiteBehavior [ RunTime:0.000000s ]
INFO: [ app_init ] --END-- [ RunTime:0.001000s ]
ERR: 无法加载模块:JS_PATHbootstrap.min

[ 2015-09-09T13:42:37+08:00 ] 127.0.0.1 /photocms/JS_PATHjquery-1.8.2.min.js
INFO: [ app_init ] --START--
INFO: Run Behavior\BuildLiteBehavior [ RunTime:0.000000s ]
INFO: [ app_init ] --END-- [ RunTime:0.001000s ]
ERR: 无法加载模块:JS_PATHjquery-1.8.2.min

[ 2015-09-09T13:42:37+08:00 ] 127.0.0.1 /photocms/JS_PATHbootstrap.min.js
INFO: [ app_init ] --START--
INFO: Run Behavior\BuildLiteBehavior [ RunTime:0.000000s ]
INFO: [ app_init ] --END-- [ RunTime:0.001000s ]
ERR: 无法加载模块:JS_PATHbootstrap.min

[ 2015-09-09T13:42:37+08:00 ] 127.0.0.1 /photocms/JS_PATHbootstrap.min.js
INFO: [ app_init ] --START--
INFO: Run Behavior\BuildLiteBehavior [ RunTime:0.000000s ]
INFO: [ app_init ] --END-- [ RunTime:0.001000s ]
ERR: 无法加载模块:JS_PATHbootstrap.min

[ 2015-09-09T13:42:38+08:00 ] 127.0.0.1 /photocms/JS_PATHjquery-1.8.2.min.js
INFO: [ app_init ] --START--
INFO: Run Behavior\BuildLiteBehavior [ RunTime:0.000000s ]
INFO: [ app_init ] --END-- [ RunTime:0.000000s ]
ERR: 无法加载模块:JS_PATHjquery-1.8.2.min

[ 2015-09-09T13:42:38+08:00 ] 127.0.0.1 /photocms/JS_PATHbootstrap.min.js
INFO: [ app_init ] --START--
INFO: Run Behavior\BuildLiteBehavior [ RunTime:0.000000s ]
INFO: [ app_init ] --END-- [ RunTime:0.001000s ]
ERR: 无法加载模块:JS_PATHbootstrap.min

[ 2015-09-09T13:42:38+08:00 ] 127.0.0.1 /photocms/JS_PATHjquery-1.8.2.min.js
INFO: [ app_init ] --START--
INFO: Run Behavior\BuildLiteBehavior [ RunTime:0.000000s ]
INFO: [ app_init ] --END-- [ RunTime:0.001000s ]
ERR: 无法加载模块:JS_PATHjquery-1.8.2.min

[ 2015-09-09T13:42:38+08:00 ] 127.0.0.1 /photocms/JS_PATHbootstrap.min.js
INFO: [ app_init ] --START--
INFO: Run Behavior\BuildLiteBehavior [ RunTime:0.000000s ]
INFO: [ app_init ] --END-- [ RunTime:0.000000s ]
ERR: 无法加载模块:JS_PATHbootstrap.min

[ 2015-09-09T13:42:38+08:00 ] 127.0.0.1 /photocms/JS_PATHbootstrap.min.js
INFO: [ app_init ] --START--
INFO: Run Behavior\BuildLiteBehavior [ RunTime:0.000000s ]
INFO: [ app_init ] --END-- [ RunTime:0.001000s ]
ERR: 无法加载模块:JS_PATHbootstrap.min

[ 2015-09-09T13:42:39+08:00 ] 127.0.0.1 /photocms/JS_PATHjquery-1.8.2.min.js
INFO: [ app_init ] --START--
INFO: Run Behavior\BuildLiteBehavior [ RunTime:0.000000s ]
INFO: [ app_init ] --END-- [ RunTime:0.001000s ]
ERR: 无法加载模块:JS_PATHjquery-1.8.2.min

[ 2015-09-09T13:42:39+08:00 ] 127.0.0.1 /photocms/JS_PATHbootstrap.min.js
INFO: [ app_init ] --START--
INFO: Run Behavior\BuildLiteBehavior [ RunTime:0.000000s ]
INFO: [ app_init ] --END-- [ RunTime:0.000000s ]
ERR: 无法加载模块:JS_PATHbootstrap.min

[ 2015-09-09T13:42:39+08:00 ] 127.0.0.1 /photocms/JS_PATHbootstrap.min.js
INFO: [ app_init ] --START--
INFO: Run Behavior\BuildLiteBehavior [ RunTime:0.000000s ]
INFO: [ app_init ] --END-- [ RunTime:0.001000s ]
ERR: 无法加载模块:JS_PATHbootstrap.min

[ 2015-09-09T13:43:05+08:00 ] 127.0.0.1 /photocms/JS_PATHjquery-1.8.2.min.js
INFO: [ app_init ] --START--
INFO: Run Behavior\BuildLiteBehavior [ RunTime:0.000000s ]
INFO: [ app_init ] --END-- [ RunTime:0.001000s ]
ERR: 无法加载模块:JS_PATHjquery-1.8.2.min

[ 2015-09-09T13:43:05+08:00 ] 127.0.0.1 /photocms/JS_PATHbootstrap.min.js
INFO: [ app_init ] --START--
INFO: Run Behavior\BuildLiteBehavior [ RunTime:0.000000s ]
INFO: [ app_init ] --END-- [ RunTime:0.001000s ]
ERR: 无法加载模块:JS_PATHbootstrap.min

[ 2015-09-09T13:46:04+08:00 ] 127.0.0.1 /photocms/JS_PATHjquery-1.8.2.min.js
INFO: [ app_init ] --START--
INFO: Run Behavior\BuildLiteBehavior [ RunTime:0.000000s ]
INFO: [ app_init ] --END-- [ RunTime:0.001000s ]
ERR: 无法加载模块:JS_PATHjquery-1.8.2.min

[ 2015-09-09T13:46:04+08:00 ] 127.0.0.1 /photocms/JS_PATHbootstrap.min.js
INFO: [ app_init ] --START--
INFO: Run Behavior\BuildLiteBehavior [ RunTime:0.000000s ]
INFO: [ app_init ] --END-- [ RunTime:0.001000s ]
ERR: 无法加载模块:JS_PATHbootstrap.min

[ 2015-09-09T13:46:04+08:00 ] 127.0.0.1 /photocms/JS_PATHbootstrap.min.js
INFO: [ app_init ] --START--
INFO: Run Behavior\BuildLiteBehavior [ RunTime:0.000000s ]
INFO: [ app_init ] --END-- [ RunTime:0.000000s ]
ERR: 无法加载模块:JS_PATHbootstrap.min

[ 2015-09-09T13:46:20+08:00 ] 127.0.0.1 /photocms/JS_PATHjquery-1.8.2.min.js
INFO: [ app_init ] --START--
INFO: Run Behavior\BuildLiteBehavior [ RunTime:0.000000s ]
INFO: [ app_init ] --END-- [ RunTime:0.001000s ]
ERR: 无法加载模块:JS_PATHjquery-1.8.2.min

[ 2015-09-09T13:46:21+08:00 ] 127.0.0.1 /photocms/JS_PATHbootstrap.min.js
INFO: [ app_init ] --START--
INFO: Run Behavior\BuildLiteBehavior [ RunTime:0.001000s ]
INFO: [ app_init ] --END-- [ RunTime:0.001000s ]
ERR: 无法加载模块:JS_PATHbootstrap.min

[ 2015-09-09T13:47:29+08:00 ] 127.0.0.1 /photocms/JS_PATHbootstrap.min.js
INFO: [ app_init ] --START--
INFO: Run Behavior\BuildLiteBehavior [ RunTime:0.000000s ]
INFO: [ app_init ] --END-- [ RunTime:0.002000s ]
ERR: 无法加载模块:JS_PATHbootstrap.min

[ 2015-09-09T13:47:29+08:00 ] 127.0.0.1 /photocms/JS_PATHjquery-1.8.2.min.js
INFO: [ app_init ] --START--
INFO: Run Behavior\BuildLiteBehavior [ RunTime:0.000000s ]
INFO: [ app_init ] --END-- [ RunTime:0.001000s ]
ERR: 无法加载模块:JS_PATHjquery-1.8.2.min

[ 2015-09-09T13:47:29+08:00 ] 127.0.0.1 /photocms/JS_PATHbootstrap.min.js
INFO: [ app_init ] --START--
INFO: Run Behavior\BuildLiteBehavior [ RunTime:0.001000s ]
INFO: [ app_init ] --END-- [ RunTime:0.001000s ]
ERR: 无法加载模块:JS_PATHbootstrap.min

[ 2015-09-09T13:47:29+08:00 ] 127.0.0.1 /photocms/Template/Site/BootStrap/Layout/img/social-icons/facebook.png
INFO: [ app_init ] --START--
INFO: Run Behavior\BuildLiteBehavior [ RunTime:0.000000s ]
INFO: [ app_init ] --END-- [ RunTime:0.000000s ]
ERR: 无法加载模块:Template

[ 2015-09-09T13:47:29+08:00 ] 127.0.0.1 /photocms/Template/Site/BootStrap/Layout/img/social-icons/pinterest.png
INFO: [ app_init ] --START--
INFO: Run Behavior\BuildLiteBehavior [ RunTime:0.000000s ]
INFO: [ app_init ] --END-- [ RunTime:0.001000s ]
ERR: 无法加载模块:Template

[ 2015-09-09T13:47:29+08:00 ] 127.0.0.1 /photocms/Template/Site/BootStrap/Layout/img/social-icons/dribbble.png
INFO: [ app_init ] --START--
INFO: Run Behavior\BuildLiteBehavior [ RunTime:0.000000s ]
INFO: [ app_init ] --END-- [ RunTime:0.001000s ]
ERR: 无法加载模块:Template

[ 2015-09-09T13:47:29+08:00 ] 127.0.0.1 /photocms/Template/Site/BootStrap/Layout/img/social-icons/twitter.png
INFO: [ app_init ] --START--
INFO: Run Behavior\BuildLiteBehavior [ RunTime:0.000000s ]
INFO: [ app_init ] --END-- [ RunTime:0.001000s ]
ERR: 无法加载模块:Template

[ 2015-09-09T13:47:29+08:00 ] 127.0.0.1 /photocms/Template/Site/BootStrap/Layout/img/pattern.jpg
INFO: [ app_init ] --START--
INFO: Run Behavior\BuildLiteBehavior [ RunTime:0.000000s ]
INFO: [ app_init ] --END-- [ RunTime:0.001000s ]
ERR: 无法加载模块:Template

[ 2015-09-09T13:47:42+08:00 ] 127.0.0.1 /photocms/JS_PATHbootstrap.min.js
INFO: [ app_init ] --START--
INFO: Run Behavior\BuildLiteBehavior [ RunTime:0.000000s ]
INFO: [ app_init ] --END-- [ RunTime:0.000000s ]
ERR: 无法加载模块:JS_PATHbootstrap.min

[ 2015-09-09T13:47:42+08:00 ] 127.0.0.1 /photocms/JS_PATHjquery-1.8.2.min.js
INFO: [ app_init ] --START--
INFO: Run Behavior\BuildLiteBehavior [ RunTime:0.000000s ]
INFO: [ app_init ] --END-- [ RunTime:0.001000s ]
ERR: 无法加载模块:JS_PATHjquery-1.8.2.min

[ 2015-09-09T13:47:42+08:00 ] 127.0.0.1 /photocms/Template/Site/BootStrap/Layout/img/social-icons/twitter.png
INFO: [ app_init ] --START--
INFO: Run Behavior\BuildLiteBehavior [ RunTime:0.000000s ]
INFO: [ app_init ] --END-- [ RunTime:0.003000s ]
ERR: 无法加载模块:Template

[ 2015-09-09T13:47:42+08:00 ] 127.0.0.1 /photocms/Template/Site/BootStrap/Layout/img/social-icons/dribbble.png
INFO: [ app_init ] --START--
INFO: Run Behavior\BuildLiteBehavior [ RunTime:0.001000s ]
INFO: [ app_init ] --END-- [ RunTime:0.001000s ]
ERR: 无法加载模块:Template

[ 2015-09-09T13:47:42+08:00 ] 127.0.0.1 /photocms/Template/Site/BootStrap/Layout/img/social-icons/pinterest.png
INFO: [ app_init ] --START--
INFO: Run Behavior\BuildLiteBehavior [ RunTime:0.000000s ]
INFO: [ app_init ] --END-- [ RunTime:0.001000s ]
ERR: 无法加载模块:Template

[ 2015-09-09T13:47:42+08:00 ] 127.0.0.1 /photocms/Template/Site/BootStrap/Layout/img/social-icons/facebook.png
INFO: [ app_init ] --START--
INFO: Run Behavior\BuildLiteBehavior [ RunTime:0.000000s ]
INFO: [ app_init ] --END-- [ RunTime:0.001000s ]
ERR: 无法加载模块:Template

[ 2015-09-09T13:47:42+08:00 ] 127.0.0.1 /photocms/Template/Site/BootStrap/Layout/img/pattern.jpg
INFO: [ app_init ] --START--
INFO: Run Behavior\BuildLiteBehavior [ RunTime:0.000000s ]
INFO: [ app_init ] --END-- [ RunTime:0.000000s ]
ERR: 无法加载模块:Template

[ 2015-09-09T13:47:42+08:00 ] 127.0.0.1 /photocms/JS_PATHbootstrap.min.js
INFO: [ app_init ] --START--
INFO: Run Behavior\BuildLiteBehavior [ RunTime:0.000000s ]
INFO: [ app_init ] --END-- [ RunTime:0.001000s ]
ERR: 无法加载模块:JS_PATHbootstrap.min

[ 2015-09-09T13:47:49+08:00 ] 127.0.0.1 /photocms/Template/Site/BootStrap/Layout/img/pattern.jpg
INFO: [ app_init ] --START--
INFO: Run Behavior\BuildLiteBehavior [ RunTime:0.000000s ]
INFO: [ app_init ] --END-- [ RunTime:0.000000s ]
ERR: 无法加载模块:Template

[ 2015-09-09T13:47:49+08:00 ] 127.0.0.1 /photocms/Template/Site/BootStrap/Layout/img/social-icons/dribbble.png
INFO: [ app_init ] --START--
INFO: Run Behavior\BuildLiteBehavior [ RunTime:0.000000s ]
INFO: [ app_init ] --END-- [ RunTime:0.002000s ]
ERR: 无法加载模块:Template

[ 2015-09-09T13:47:49+08:00 ] 127.0.0.1 /photocms/Template/Site/BootStrap/Layout/img/social-icons/facebook.png
INFO: [ app_init ] --START--
INFO: Run Behavior\BuildLiteBehavior [ RunTime:0.000000s ]
INFO: [ app_init ] --END-- [ RunTime:0.001000s ]
ERR: 无法加载模块:Template

[ 2015-09-09T13:47:49+08:00 ] 127.0.0.1 /photocms/Template/Site/BootStrap/Layout/img/social-icons/twitter.png
INFO: [ app_init ] --START--
INFO: Run Behavior\BuildLiteBehavior [ RunTime:0.000000s ]
INFO: [ app_init ] --END-- [ RunTime:0.001000s ]
ERR: 无法加载模块:Template

[ 2015-09-09T13:47:49+08:00 ] 127.0.0.1 /photocms/Template/Site/BootStrap/Layout/img/social-icons/pinterest.png
INFO: [ app_init ] --START--
INFO: Run Behavior\BuildLiteBehavior [ RunTime:0.001000s ]
INFO: [ app_init ] --END-- [ RunTime:0.001000s ]
ERR: 无法加载模块:Template

[ 2015-09-09T13:47:49+08:00 ] 127.0.0.1 /photocms/JS_PATHbootstrap.min.js
INFO: [ app_init ] --START--
INFO: Run Behavior\BuildLiteBehavior [ RunTime:0.000000s ]
INFO: [ app_init ] --END-- [ RunTime:0.001000s ]
ERR: 无法加载模块:JS_PATHbootstrap.min

[ 2015-09-09T13:47:49+08:00 ] 127.0.0.1 /photocms/JS_PATHjquery-1.8.2.min.js
INFO: [ app_init ] --START--
INFO: Run Behavior\BuildLiteBehavior [ RunTime:0.001000s ]
INFO: [ app_init ] --END-- [ RunTime:0.006000s ]
ERR: 无法加载模块:JS_PATHjquery-1.8.2.min

[ 2015-09-09T13:47:49+08:00 ] 127.0.0.1 /photocms/JS_PATHbootstrap.min.js
INFO: [ app_init ] --START--
INFO: Run Behavior\BuildLiteBehavior [ RunTime:0.000000s ]
INFO: [ app_init ] --END-- [ RunTime:0.001000s ]
ERR: 无法加载模块:JS_PATHbootstrap.min

[ 2015-09-09T13:48:35+08:00 ] 127.0.0.1 /photocms/JS_PATHbootstrap.min.js
INFO: [ app_init ] --START--
INFO: Run Behavior\BuildLiteBehavior [ RunTime:0.000000s ]
INFO: [ app_init ] --END-- [ RunTime:0.001000s ]
ERR: 无法加载模块:JS_PATHbootstrap.min

[ 2015-09-09T13:48:35+08:00 ] 127.0.0.1 /photocms/JS_PATHjquery-1.8.2.min.js
INFO: [ app_init ] --START--
INFO: Run Behavior\BuildLiteBehavior [ RunTime:0.000000s ]
INFO: [ app_init ] --END-- [ RunTime:0.001000s ]
ERR: 无法加载模块:JS_PATHjquery-1.8.2.min

[ 2015-09-09T13:48:35+08:00 ] 127.0.0.1 /photocms/Template/Site/BootStrap/Layout/img/pattern.jpg
INFO: [ app_init ] --START--
INFO: Run Behavior\BuildLiteBehavior [ RunTime:0.000000s ]
INFO: [ app_init ] --END-- [ RunTime:0.001000s ]
ERR: 无法加载模块:Template

[ 2015-09-09T13:48:35+08:00 ] 127.0.0.1 /photocms/Template/Site/BootStrap/Layout/img/social-icons/dribbble.png
INFO: [ app_init ] --START--
INFO: Run Behavior\BuildLiteBehavior [ RunTime:0.000000s ]
INFO: [ app_init ] --END-- [ RunTime:0.000000s ]
ERR: 无法加载模块:Template

[ 2015-09-09T13:48:35+08:00 ] 127.0.0.1 /photocms/Template/Site/BootStrap/Layout/img/social-icons/facebook.png
INFO: [ app_init ] --START--
INFO: Run Behavior\BuildLiteBehavior [ RunTime:0.000000s ]
INFO: [ app_init ] --END-- [ RunTime:0.001000s ]
ERR: 无法加载模块:Template

[ 2015-09-09T13:48:35+08:00 ] 127.0.0.1 /photocms/JS_PATHbootstrap.min.js
INFO: [ app_init ] --START--
INFO: Run Behavior\BuildLiteBehavior [ RunTime:0.000000s ]
INFO: [ app_init ] --END-- [ RunTime:0.001000s ]
ERR: 无法加载模块:JS_PATHbootstrap.min

[ 2015-09-09T13:48:35+08:00 ] 127.0.0.1 /photocms/Template/Site/BootStrap/Layout/img/social-icons/twitter.png
INFO: [ app_init ] --START--
INFO: Run Behavior\BuildLiteBehavior [ RunTime:0.000000s ]
INFO: [ app_init ] --END-- [ RunTime:0.001000s ]
ERR: 无法加载模块:Template

[ 2015-09-09T13:48:35+08:00 ] 127.0.0.1 /photocms/Template/Site/BootStrap/Layout/img/social-icons/pinterest.png
INFO: [ app_init ] --START--
INFO: Run Behavior\BuildLiteBehavior [ RunTime:0.000000s ]
INFO: [ app_init ] --END-- [ RunTime:0.001000s ]
ERR: 无法加载模块:Template

[ 2015-09-09T13:48:41+08:00 ] 127.0.0.1 /photocms/JS_PATHjquery-1.8.2.min.js
INFO: [ app_init ] --START--
INFO: Run Behavior\BuildLiteBehavior [ RunTime:0.000000s ]
INFO: [ app_init ] --END-- [ RunTime:0.001000s ]
ERR: 无法加载模块:JS_PATHjquery-1.8.2.min

[ 2015-09-09T13:48:41+08:00 ] 127.0.0.1 /photocms/JS_PATHbootstrap.min.js
INFO: [ app_init ] --START--
INFO: Run Behavior\BuildLiteBehavior [ RunTime:0.000000s ]
INFO: [ app_init ] --END-- [ RunTime:0.001000s ]
ERR: 无法加载模块:JS_PATHbootstrap.min

[ 2015-09-09T13:48:41+08:00 ] 127.0.0.1 /photocms/Template/Site/BootStrap/Layout/img/social-icons/facebook.png
INFO: [ app_init ] --START--
INFO: Run Behavior\BuildLiteBehavior [ RunTime:0.000000s ]
INFO: [ app_init ] --END-- [ RunTime:0.007000s ]
ERR: 无法加载模块:Template

[ 2015-09-09T13:48:41+08:00 ] 127.0.0.1 /photocms/Template/Site/BootStrap/Layout/img/social-icons/twitter.png
INFO: [ app_init ] --START--
INFO: Run Behavior\BuildLiteBehavior [ RunTime:0.001000s ]
INFO: [ app_init ] --END-- [ RunTime:0.003000s ]
ERR: 无法加载模块:Template

[ 2015-09-09T13:48:41+08:00 ] 127.0.0.1 /photocms/Template/Site/BootStrap/Layout/img/social-icons/pinterest.png
INFO: [ app_init ] --START--
INFO: Run Behavior\BuildLiteBehavior [ RunTime:0.001000s ]
INFO: [ app_init ] --END-- [ RunTime:0.002000s ]
ERR: 无法加载模块:Template

[ 2015-09-09T13:48:41+08:00 ] 127.0.0.1 /photocms/Template/Site/BootStrap/Layout/img/pattern.jpg
INFO: [ app_init ] --START--
INFO: Run Behavior\BuildLiteBehavior [ RunTime:0.000000s ]
INFO: [ app_init ] --END-- [ RunTime:0.001000s ]
ERR: 无法加载模块:Template

[ 2015-09-09T13:48:41+08:00 ] 127.0.0.1 /photocms/Template/Site/BootStrap/Layout/img/social-icons/dribbble.png
INFO: [ app_init ] --START--
INFO: Run Behavior\BuildLiteBehavior [ RunTime:0.000000s ]
INFO: [ app_init ] --END-- [ RunTime:0.001000s ]
ERR: 无法加载模块:Template

[ 2015-09-09T14:01:35+08:00 ] 127.0.0.1 /photocms/JS_PATHjquery-1.8.2.min.js
INFO: [ app_init ] --START--
INFO: Run Behavior\BuildLiteBehavior [ RunTime:0.000000s ]
INFO: [ app_init ] --END-- [ RunTime:0.001000s ]
ERR: 无法加载模块:JS_PATHjquery-1.8.2.min

[ 2015-09-09T14:01:35+08:00 ] 127.0.0.1 /photocms/JS_PATHbootstrap.min.js
INFO: [ app_init ] --START--
INFO: Run Behavior\BuildLiteBehavior [ RunTime:0.000000s ]
INFO: [ app_init ] --END-- [ RunTime:0.001000s ]
ERR: 无法加载模块:JS_PATHbootstrap.min

[ 2015-09-09T14:01:35+08:00 ] 127.0.0.1 /photocms/Template/Site/BootStrap/Layout/img/social-icons/dribbble.png
INFO: [ app_init ] --START--
INFO: Run Behavior\BuildLiteBehavior [ RunTime:0.000000s ]
INFO: [ app_init ] --END-- [ RunTime:0.002000s ]
ERR: 无法加载模块:Template

[ 2015-09-09T14:01:35+08:00 ] 127.0.0.1 /photocms/Template/Site/BootStrap/Layout/img/pattern.jpg
INFO: [ app_init ] --START--
INFO: Run Behavior\BuildLiteBehavior [ RunTime:0.000000s ]
INFO: [ app_init ] --END-- [ RunTime:0.001000s ]
ERR: 无法加载模块:Template

[ 2015-09-09T14:01:35+08:00 ] 127.0.0.1 /photocms/Template/Site/BootStrap/Layout/img/social-icons/facebook.png
INFO: [ app_init ] --START--
INFO: Run Behavior\BuildLiteBehavior [ RunTime:0.000000s ]
INFO: [ app_init ] --END-- [ RunTime:0.000000s ]
ERR: 无法加载模块:Template

[ 2015-09-09T14:01:35+08:00 ] 127.0.0.1 /photocms/Template/Site/BootStrap/Layout/img/social-icons/twitter.png
INFO: [ app_init ] --START--
INFO: Run Behavior\BuildLiteBehavior [ RunTime:0.000000s ]
INFO: [ app_init ] --END-- [ RunTime:0.001000s ]
ERR: 无法加载模块:Template

[ 2015-09-09T14:01:35+08:00 ] 127.0.0.1 /photocms/Template/Site/BootStrap/Layout/img/social-icons/pinterest.png
INFO: [ app_init ] --START--
INFO: Run Behavior\BuildLiteBehavior [ RunTime:0.001000s ]
INFO: [ app_init ] --END-- [ RunTime:0.007000s ]
ERR: 无法加载模块:Template

[ 2015-09-09T14:01:36+08:00 ] 127.0.0.1 /photocms/JS_PATHjquery-1.8.2.min.js
INFO: [ app_init ] --START--
INFO: Run Behavior\BuildLiteBehavior [ RunTime:0.000000s ]
INFO: [ app_init ] --END-- [ RunTime:0.001000s ]
ERR: 无法加载模块:JS_PATHjquery-1.8.2.min

[ 2015-09-09T14:01:36+08:00 ] 127.0.0.1 /photocms/JS_PATHbootstrap.min.js
INFO: [ app_init ] --START--
INFO: Run Behavior\BuildLiteBehavior [ RunTime:0.000000s ]
INFO: [ app_init ] --END-- [ RunTime:0.000000s ]
ERR: 无法加载模块:JS_PATHbootstrap.min

[ 2015-09-09T14:01:37+08:00 ] 127.0.0.1 /photocms/JS_PATHbootstrap.min.js
INFO: [ app_init ] --START--
INFO: Run Behavior\BuildLiteBehavior [ RunTime:0.000000s ]
INFO: [ app_init ] --END-- [ RunTime:0.003000s ]
ERR: 无法加载模块:JS_PATHbootstrap.min

[ 2015-09-09T14:01:37+08:00 ] 127.0.0.1 /photocms/Template/Site/BootStrap/Layout/img/social-icons/twitter.png
INFO: [ app_init ] --START--
INFO: Run Behavior\BuildLiteBehavior [ RunTime:0.001000s ]
INFO: [ app_init ] --END-- [ RunTime:0.001000s ]
ERR: 无法加载模块:Template

[ 2015-09-09T14:01:37+08:00 ] 127.0.0.1 /photocms/Template/Site/BootStrap/Layout/img/social-icons/facebook.png
INFO: [ app_init ] --START--
INFO: Run Behavior\BuildLiteBehavior [ RunTime:0.000000s ]
INFO: [ app_init ] --END-- [ RunTime:0.001000s ]
ERR: 无法加载模块:Template

[ 2015-09-09T14:01:37+08:00 ] 127.0.0.1 /photocms/Template/Site/BootStrap/Layout/img/social-icons/pinterest.png
INFO: [ app_init ] --START--
INFO: Run Behavior\BuildLiteBehavior [ RunTime:0.000000s ]
INFO: [ app_init ] --END-- [ RunTime:0.001000s ]
ERR: 无法加载模块:Template

[ 2015-09-09T14:01:37+08:00 ] 127.0.0.1 /photocms/Template/Site/BootStrap/Layout/img/social-icons/dribbble.png
INFO: [ app_init ] --START--
INFO: Run Behavior\BuildLiteBehavior [ RunTime:0.002000s ]
INFO: [ app_init ] --END-- [ RunTime:0.002000s ]
ERR: 无法加载模块:Template

[ 2015-09-09T14:01:37+08:00 ] 127.0.0.1 /photocms/Template/Site/BootStrap/Layout/img/pattern.jpg
INFO: [ app_init ] --START--
INFO: Run Behavior\BuildLiteBehavior [ RunTime:0.000000s ]
INFO: [ app_init ] --END-- [ RunTime:0.002000s ]
ERR: 无法加载模块:Template

[ 2015-09-09T14:01:37+08:00 ] 127.0.0.1 /photocms/JS_PATHjquery-1.8.2.min.js
INFO: [ app_init ] --START--
INFO: Run Behavior\BuildLiteBehavior [ RunTime:0.000000s ]
INFO: [ app_init ] --END-- [ RunTime:0.001000s ]
ERR: 无法加载模块:JS_PATHjquery-1.8.2.min

[ 2015-09-09T14:01:37+08:00 ] 127.0.0.1 /photocms/JS_PATHbootstrap.min.js
INFO: [ app_init ] --START--
INFO: Run Behavior\BuildLiteBehavior [ RunTime:0.000000s ]
INFO: [ app_init ] --END-- [ RunTime:0.001000s ]
ERR: 无法加载模块:JS_PATHbootstrap.min

[ 2015-09-09T14:01:37+08:00 ] 127.0.0.1 /photocms/Template/Site/BootStrap/Layout/img/pattern.jpg
INFO: [ app_init ] --START--
INFO: Run Behavior\BuildLiteBehavior [ RunTime:0.000000s ]
INFO: [ app_init ] --END-- [ RunTime:0.001000s ]
ERR: 无法加载模块:Template

[ 2015-09-09T14:01:37+08:00 ] 127.0.0.1 /photocms/Template/Site/BootStrap/Layout/img/social-icons/dribbble.png
INFO: [ app_init ] --START--
INFO: Run Behavior\BuildLiteBehavior [ RunTime:0.000000s ]
INFO: [ app_init ] --END-- [ RunTime:0.001000s ]
ERR: 无法加载模块:Template

[ 2015-09-09T14:01:37+08:00 ] 127.0.0.1 /photocms/Template/Site/BootStrap/Layout/img/social-icons/facebook.png
INFO: [ app_init ] --START--
INFO: Run Behavior\BuildLiteBehavior [ RunTime:0.000000s ]
INFO: [ app_init ] --END-- [ RunTime:0.001000s ]
ERR: 无法加载模块:Template

[ 2015-09-09T14:01:37+08:00 ] 127.0.0.1 /photocms/Template/Site/BootStrap/Layout/img/social-icons/twitter.png
INFO: [ app_init ] --START--
INFO: Run Behavior\BuildLiteBehavior [ RunTime:0.000000s ]
INFO: [ app_init ] --END-- [ RunTime:0.001000s ]
ERR: 无法加载模块:Template

[ 2015-09-09T14:01:37+08:00 ] 127.0.0.1 /photocms/Template/Site/BootStrap/Layout/img/social-icons/pinterest.png
INFO: [ app_init ] --START--
INFO: Run Behavior\BuildLiteBehavior [ RunTime:0.000000s ]
INFO: [ app_init ] --END-- [ RunTime:0.001000s ]
ERR: 无法加载模块:Template

[ 2015-09-09T14:01:38+08:00 ] 127.0.0.1 /photocms/JS_PATHbootstrap.min.js
INFO: [ app_init ] --START--
INFO: Run Behavior\BuildLiteBehavior [ RunTime:0.000000s ]
INFO: [ app_init ] --END-- [ RunTime:0.001000s ]
ERR: 无法加载模块:JS_PATHbootstrap.min

[ 2015-09-09T14:01:38+08:00 ] 127.0.0.1 /photocms/JS_PATHjquery-1.8.2.min.js
INFO: [ app_init ] --START--
INFO: Run Behavior\BuildLiteBehavior [ RunTime:0.000000s ]
INFO: [ app_init ] --END-- [ RunTime:0.001001s ]
ERR: 无法加载模块:JS_PATHjquery-1.8.2.min

[ 2015-09-09T14:01:38+08:00 ] 127.0.0.1 /photocms/Template/Site/BootStrap/Layout/img/pattern.jpg
INFO: [ app_init ] --START--
INFO: Run Behavior\BuildLiteBehavior [ RunTime:0.000000s ]
INFO: [ app_init ] --END-- [ RunTime:0.000000s ]
ERR: 无法加载模块:Template

[ 2015-09-09T14:01:38+08:00 ] 127.0.0.1 /photocms/Template/Site/BootStrap/Layout/img/social-icons/facebook.png
INFO: [ app_init ] --START--
INFO: Run Behavior\BuildLiteBehavior [ RunTime:0.000000s ]
INFO: [ app_init ] --END-- [ RunTime:0.001000s ]
ERR: 无法加载模块:Template

[ 2015-09-09T14:01:38+08:00 ] 127.0.0.1 /photocms/Template/Site/BootStrap/Layout/img/social-icons/dribbble.png
INFO: [ app_init ] --START--
INFO: Run Behavior\BuildLiteBehavior [ RunTime:0.000000s ]
INFO: [ app_init ] --END-- [ RunTime:0.002000s ]
ERR: 无法加载模块:Template

[ 2015-09-09T14:01:38+08:00 ] 127.0.0.1 /photocms/Template/Site/BootStrap/Layout/img/social-icons/twitter.png
INFO: [ app_init ] --START--
INFO: Run Behavior\BuildLiteBehavior [ RunTime:0.000000s ]
INFO: [ app_init ] --END-- [ RunTime:0.001000s ]
ERR: 无法加载模块:Template

[ 2015-09-09T14:01:38+08:00 ] 127.0.0.1 /photocms/Template/Site/BootStrap/Layout/img/social-icons/pinterest.png
INFO: [ app_init ] --START--
INFO: Run Behavior\BuildLiteBehavior [ RunTime:0.001000s ]
INFO: [ app_init ] --END-- [ RunTime:0.001000s ]
ERR: 无法加载模块:Template

[ 2015-09-09T14:01:38+08:00 ] 127.0.0.1 /photocms/JS_PATHbootstrap.min.js
INFO: [ app_init ] --START--
INFO: Run Behavior\BuildLiteBehavior [ RunTime:0.000000s ]
INFO: [ app_init ] --END-- [ RunTime:0.000000s ]
ERR: 无法加载模块:JS_PATHbootstrap.min

[ 2015-09-09T14:01:39+08:00 ] 127.0.0.1 /photocms/JS_PATHjquery-1.8.2.min.js
INFO: [ app_init ] --START--
INFO: Run Behavior\BuildLiteBehavior [ RunTime:0.000000s ]
INFO: [ app_init ] --END-- [ RunTime:0.001000s ]
ERR: 无法加载模块:JS_PATHjquery-1.8.2.min

[ 2015-09-09T14:01:39+08:00 ] 127.0.0.1 /photocms/JS_PATHbootstrap.min.js
INFO: [ app_init ] --START--
INFO: Run Behavior\BuildLiteBehavior [ RunTime:0.000000s ]
INFO: [ app_init ] --END-- [ RunTime:0.001001s ]
ERR: 无法加载模块:JS_PATHbootstrap.min

[ 2015-09-09T14:01:39+08:00 ] 127.0.0.1 /photocms/Template/Site/BootStrap/Layout/img/pattern.jpg
INFO: [ app_init ] --START--
INFO: Run Behavior\BuildLiteBehavior [ RunTime:0.000000s ]
INFO: [ app_init ] --END-- [ RunTime:0.001000s ]
ERR: 无法加载模块:Template

[ 2015-09-09T14:01:39+08:00 ] 127.0.0.1 /photocms/Template/Site/BootStrap/Layout/img/social-icons/dribbble.png
INFO: [ app_init ] --START--
INFO: Run Behavior\BuildLiteBehavior [ RunTime:0.000000s ]
INFO: [ app_init ] --END-- [ RunTime:0.002000s ]
ERR: 无法加载模块:Template

[ 2015-09-09T14:01:39+08:00 ] 127.0.0.1 /photocms/Template/Site/BootStrap/Layout/img/social-icons/facebook.png
INFO: [ app_init ] --START--
INFO: Run Behavior\BuildLiteBehavior [ RunTime:0.000000s ]
INFO: [ app_init ] --END-- [ RunTime:0.001000s ]
ERR: 无法加载模块:Template

[ 2015-09-09T14:01:39+08:00 ] 127.0.0.1 /photocms/Template/Site/BootStrap/Layout/img/social-icons/pinterest.png
INFO: [ app_init ] --START--
INFO: Run Behavior\BuildLiteBehavior [ RunTime:0.000000s ]
INFO: [ app_init ] --END-- [ RunTime:0.001000s ]
ERR: 无法加载模块:Template

[ 2015-09-09T14:01:39+08:00 ] 127.0.0.1 /photocms/Template/Site/BootStrap/Layout/img/social-icons/twitter.png
INFO: [ app_init ] --START--
INFO: Run Behavior\BuildLiteBehavior [ RunTime:0.000000s ]
INFO: [ app_init ] --END-- [ RunTime:0.001000s ]
ERR: 无法加载模块:Template

[ 2015-09-09T14:01:40+08:00 ] 127.0.0.1 /photocms/JS_PATHjquery-1.8.2.min.js
INFO: [ app_init ] --START--
INFO: Run Behavior\BuildLiteBehavior [ RunTime:0.000000s ]
INFO: [ app_init ] --END-- [ RunTime:0.000000s ]
ERR: 无法加载模块:JS_PATHjquery-1.8.2.min

[ 2015-09-09T14:01:40+08:00 ] 127.0.0.1 /photocms/JS_PATHbootstrap.min.js
INFO: [ app_init ] --START--
INFO: Run Behavior\BuildLiteBehavior [ RunTime:0.000000s ]
INFO: [ app_init ] --END-- [ RunTime:0.000000s ]
ERR: 无法加载模块:JS_PATHbootstrap.min

[ 2015-09-09T14:01:40+08:00 ] 127.0.0.1 /photocms/Template/Site/BootStrap/Layout/img/social-icons/facebook.png
INFO: [ app_init ] --START--
INFO: Run Behavior\BuildLiteBehavior [ RunTime:0.000000s ]
INFO: [ app_init ] --END-- [ RunTime:0.001000s ]
ERR: 无法加载模块:Template

[ 2015-09-09T14:01:40+08:00 ] 127.0.0.1 /photocms/Template/Site/BootStrap/Layout/img/pattern.jpg
INFO: [ app_init ] --START--
INFO: Run Behavior\BuildLiteBehavior [ RunTime:0.000000s ]
INFO: [ app_init ] --END-- [ RunTime:0.001000s ]
ERR: 无法加载模块:Template

[ 2015-09-09T14:01:40+08:00 ] 127.0.0.1 /photocms/Template/Site/BootStrap/Layout/img/social-icons/dribbble.png
INFO: [ app_init ] --START--
INFO: Run Behavior\BuildLiteBehavior [ RunTime:0.000000s ]
INFO: [ app_init ] --END-- [ RunTime:0.001000s ]
ERR: 无法加载模块:Template

[ 2015-09-09T14:01:40+08:00 ] 127.0.0.1 /photocms/Template/Site/BootStrap/Layout/img/social-icons/twitter.png
INFO: [ app_init ] --START--
INFO: Run Behavior\BuildLiteBehavior [ RunTime:0.000000s ]
INFO: [ app_init ] --END-- [ RunTime:0.001000s ]
ERR: 无法加载模块:Template

[ 2015-09-09T14:01:40+08:00 ] 127.0.0.1 /photocms/Template/Site/BootStrap/Layout/img/social-icons/pinterest.png
INFO: [ app_init ] --START--
INFO: Run Behavior\BuildLiteBehavior [ RunTime:0.000000s ]
INFO: [ app_init ] --END-- [ RunTime:0.002001s ]
ERR: 无法加载模块:Template

[ 2015-09-09T14:01:41+08:00 ] 127.0.0.1 /photocms/JS_PATHbootstrap.min.js
INFO: [ app_init ] --START--
INFO: Run Behavior\BuildLiteBehavior [ RunTime:0.000000s ]
INFO: [ app_init ] --END-- [ RunTime:0.001000s ]
ERR: 无法加载模块:JS_PATHbootstrap.min

[ 2015-09-09T14:01:41+08:00 ] 127.0.0.1 /photocms/JS_PATHjquery-1.8.2.min.js
INFO: [ app_init ] --START--
INFO: Run Behavior\BuildLiteBehavior [ RunTime:0.000000s ]
INFO: [ app_init ] --END-- [ RunTime:0.001000s ]
ERR: 无法加载模块:JS_PATHjquery-1.8.2.min

[ 2015-09-09T14:01:41+08:00 ] 127.0.0.1 /photocms/JS_PATHbootstrap.min.js
INFO: [ app_init ] --START--
INFO: Run Behavior\BuildLiteBehavior [ RunTime:0.000000s ]
INFO: [ app_init ] --END-- [ RunTime:0.001000s ]
ERR: 无法加载模块:JS_PATHbootstrap.min

[ 2015-09-09T14:01:41+08:00 ] 127.0.0.1 /photocms/Template/Site/BootStrap/Layout/img/social-icons/facebook.png
INFO: [ app_init ] --START--
INFO: Run Behavior\BuildLiteBehavior [ RunTime:0.000000s ]
INFO: [ app_init ] --END-- [ RunTime:0.001000s ]
ERR: 无法加载模块:Template

[ 2015-09-09T14:01:41+08:00 ] 127.0.0.1 /photocms/Template/Site/BootStrap/Layout/img/social-icons/dribbble.png
INFO: [ app_init ] --START--
INFO: Run Behavior\BuildLiteBehavior [ RunTime:0.000000s ]
INFO: [ app_init ] --END-- [ RunTime:0.000000s ]
ERR: 无法加载模块:Template

[ 2015-09-09T14:01:41+08:00 ] 127.0.0.1 /photocms/Template/Site/BootStrap/Layout/img/social-icons/twitter.png
INFO: [ app_init ] --START--
INFO: Run Behavior\BuildLiteBehavior [ RunTime:0.000000s ]
INFO: [ app_init ] --END-- [ RunTime:0.002000s ]
ERR: 无法加载模块:Template

[ 2015-09-09T14:01:41+08:00 ] 127.0.0.1 /photocms/Template/Site/BootStrap/Layout/img/social-icons/pinterest.png
INFO: [ app_init ] --START--
INFO: Run Behavior\BuildLiteBehavior [ RunTime:0.000000s ]
INFO: [ app_init ] --END-- [ RunTime:0.000000s ]
ERR: 无法加载模块:Template

[ 2015-09-09T14:01:41+08:00 ] 127.0.0.1 /photocms/Template/Site/BootStrap/Layout/img/pattern.jpg
INFO: [ app_init ] --START--
INFO: Run Behavior\BuildLiteBehavior [ RunTime:0.000000s ]
INFO: [ app_init ] --END-- [ RunTime:0.000000s ]
ERR: 无法加载模块:Template

[ 2015-09-09T14:01:42+08:00 ] 127.0.0.1 /photocms/Template/Site/BootStrap/Layout/img/social-icons/facebook.png
INFO: [ app_init ] --START--
INFO: Run Behavior\BuildLiteBehavior [ RunTime:0.000000s ]
INFO: [ app_init ] --END-- [ RunTime:0.001001s ]
ERR: 无法加载模块:Template

[ 2015-09-09T14:01:42+08:00 ] 127.0.0.1 /photocms/JS_PATHbootstrap.min.js
INFO: [ app_init ] --START--
INFO: Run Behavior\BuildLiteBehavior [ RunTime:0.000000s ]
INFO: [ app_init ] --END-- [ RunTime:0.039004s ]
ERR: 无法加载模块:JS_PATHbootstrap.min

[ 2015-09-09T14:01:42+08:00 ] 127.0.0.1 /photocms/Template/Site/BootStrap/Layout/img/social-icons/dribbble.png
INFO: [ app_init ] --START--
INFO: Run Behavior\BuildLiteBehavior [ RunTime:0.000000s ]
INFO: [ app_init ] --END-- [ RunTime:0.000000s ]
ERR: 无法加载模块:Template

[ 2015-09-09T14:01:42+08:00 ] 127.0.0.1 /photocms/Template/Site/BootStrap/Layout/img/social-icons/twitter.png
INFO: [ app_init ] --START--
INFO: Run Behavior\BuildLiteBehavior [ RunTime:0.000000s ]
INFO: [ app_init ] --END-- [ RunTime:0.000000s ]
ERR: 无法加载模块:Template

[ 2015-09-09T14:01:42+08:00 ] 127.0.0.1 /photocms/Template/Site/BootStrap/Layout/img/social-icons/pinterest.png
INFO: [ app_init ] --START--
INFO: Run Behavior\BuildLiteBehavior [ RunTime:0.000000s ]
INFO: [ app_init ] --END-- [ RunTime:0.000000s ]
ERR: 无法加载模块:Template

[ 2015-09-09T14:01:42+08:00 ] 127.0.0.1 /photocms/JS_PATHjquery-1.8.2.min.js
INFO: [ app_init ] --START--
INFO: Run Behavior\BuildLiteBehavior [ RunTime:0.000000s ]
INFO: [ app_init ] --END-- [ RunTime:0.000000s ]
ERR: 无法加载模块:JS_PATHjquery-1.8.2.min

[ 2015-09-09T14:01:42+08:00 ] 127.0.0.1 /photocms/Template/Site/BootStrap/Layout/img/pattern.jpg
INFO: [ app_init ] --START--
INFO: Run Behavior\BuildLiteBehavior [ RunTime:0.000000s ]
INFO: [ app_init ] --END-- [ RunTime:0.001000s ]
ERR: 无法加载模块:Template

[ 2015-09-09T14:01:42+08:00 ] 127.0.0.1 /photocms/JS_PATHbootstrap.min.js
INFO: [ app_init ] --START--
INFO: Run Behavior\BuildLiteBehavior [ RunTime:0.000000s ]
INFO: [ app_init ] --END-- [ RunTime:0.001000s ]
ERR: 无法加载模块:JS_PATHbootstrap.min

[ 2015-09-09T14:01:43+08:00 ] 127.0.0.1 /photocms/JS_PATHjquery-1.8.2.min.js
INFO: [ app_init ] --START--
INFO: Run Behavior\BuildLiteBehavior [ RunTime:0.000000s ]
INFO: [ app_init ] --END-- [ RunTime:0.001000s ]
ERR: 无法加载模块:JS_PATHjquery-1.8.2.min

[ 2015-09-09T14:01:43+08:00 ] 127.0.0.1 /photocms/JS_PATHbootstrap.min.js
INFO: [ app_init ] --START--
INFO: Run Behavior\BuildLiteBehavior [ RunTime:0.000000s ]
INFO: [ app_init ] --END-- [ RunTime:0.001000s ]
ERR: 无法加载模块:JS_PATHbootstrap.min

[ 2015-09-09T14:01:43+08:00 ] 127.0.0.1 /photocms/Template/Site/BootStrap/Layout/img/pattern.jpg
INFO: [ app_init ] --START--
INFO: Run Behavior\BuildLiteBehavior [ RunTime:0.000000s ]
INFO: [ app_init ] --END-- [ RunTime:0.002000s ]
ERR: 无法加载模块:Template

[ 2015-09-09T14:01:43+08:00 ] 127.0.0.1 /photocms/Template/Site/BootStrap/Layout/img/social-icons/facebook.png
INFO: [ app_init ] --START--
INFO: Run Behavior\BuildLiteBehavior [ RunTime:0.000000s ]
INFO: [ app_init ] --END-- [ RunTime:0.003000s ]
ERR: 无法加载模块:Template

[ 2015-09-09T14:01:43+08:00 ] 127.0.0.1 /photocms/Template/Site/BootStrap/Layout/img/social-icons/dribbble.png
INFO: [ app_init ] --START--
INFO: Run Behavior\BuildLiteBehavior [ RunTime:0.000000s ]
INFO: [ app_init ] --END-- [ RunTime:0.004001s ]
ERR: 无法加载模块:Template

[ 2015-09-09T14:01:43+08:00 ] 127.0.0.1 /photocms/Template/Site/BootStrap/Layout/img/social-icons/twitter.png
INFO: [ app_init ] --START--
INFO: Run Behavior\BuildLiteBehavior [ RunTime:0.000000s ]
INFO: [ app_init ] --END-- [ RunTime:0.005001s ]
ERR: 无法加载模块:Template

[ 2015-09-09T14:01:43+08:00 ] 127.0.0.1 /photocms/Template/Site/BootStrap/Layout/img/social-icons/pinterest.png
INFO: [ app_init ] --START--
INFO: Run Behavior\BuildLiteBehavior [ RunTime:0.000000s ]
INFO: [ app_init ] --END-- [ RunTime:0.011001s ]
ERR: 无法加载模块:Template

[ 2015-09-09T14:01:43+08:00 ] 127.0.0.1 /photocms/JS_PATHbootstrap.min.js
INFO: [ app_init ] --START--
INFO: Run Behavior\BuildLiteBehavior [ RunTime:0.000000s ]
INFO: [ app_init ] --END-- [ RunTime:0.016002s ]
ERR: 无法加载模块:JS_PATHbootstrap.min

[ 2015-09-09T14:01:44+08:00 ] 127.0.0.1 /photocms/JS_PATHjquery-1.8.2.min.js
INFO: [ app_init ] --START--
INFO: Run Behavior\BuildLiteBehavior [ RunTime:0.000000s ]
INFO: [ app_init ] --END-- [ RunTime:0.001000s ]
ERR: 无法加载模块:JS_PATHjquery-1.8.2.min

[ 2015-09-09T14:01:44+08:00 ] 127.0.0.1 /photocms/JS_PATHbootstrap.min.js
INFO: [ app_init ] --START--
INFO: Run Behavior\BuildLiteBehavior [ RunTime:0.000000s ]
INFO: [ app_init ] --END-- [ RunTime:0.001000s ]
ERR: 无法加载模块:JS_PATHbootstrap.min

[ 2015-09-09T14:01:44+08:00 ] 127.0.0.1 /photocms/Template/Site/BootStrap/Layout/img/social-icons/facebook.png
INFO: [ app_init ] --START--
INFO: Run Behavior\BuildLiteBehavior [ RunTime:0.000000s ]
INFO: [ app_init ] --END-- [ RunTime:0.010001s ]
ERR: 无法加载模块:Template

[ 2015-09-09T14:01:44+08:00 ] 127.0.0.1 /photocms/Template/Site/BootStrap/Layout/img/social-icons/twitter.png
INFO: [ app_init ] --START--
INFO: Run Behavior\BuildLiteBehavior [ RunTime:0.000000s ]
INFO: [ app_init ] --END-- [ RunTime:0.002000s ]
ERR: 无法加载模块:Template

[ 2015-09-09T14:01:44+08:00 ] 127.0.0.1 /photocms/Template/Site/BootStrap/Layout/img/social-icons/dribbble.png
INFO: [ app_init ] --START--
INFO: Run Behavior\BuildLiteBehavior [ RunTime:0.000000s ]
INFO: [ app_init ] --END-- [ RunTime:0.001000s ]
ERR: 无法加载模块:Template

[ 2015-09-09T14:01:44+08:00 ] 127.0.0.1 /photocms/Template/Site/BootStrap/Layout/img/social-icons/pinterest.png
INFO: [ app_init ] --START--
INFO: Run Behavior\BuildLiteBehavior [ RunTime:0.000000s ]
INFO: [ app_init ] --END-- [ RunTime:0.001000s ]
ERR: 无法加载模块:Template

[ 2015-09-09T14:01:44+08:00 ] 127.0.0.1 /photocms/Template/Site/BootStrap/Layout/img/pattern.jpg
INFO: [ app_init ] --START--
INFO: Run Behavior\BuildLiteBehavior [ RunTime:0.000000s ]
INFO: [ app_init ] --END-- [ RunTime:0.001000s ]
ERR: 无法加载模块:Template

[ 2015-09-09T14:01:45+08:00 ] 127.0.0.1 /photocms/JS_PATHjquery-1.8.2.min.js
INFO: [ app_init ] --START--
INFO: Run Behavior\BuildLiteBehavior [ RunTime:0.000000s ]
INFO: [ app_init ] --END-- [ RunTime:0.001000s ]
ERR: 无法加载模块:JS_PATHjquery-1.8.2.min

[ 2015-09-09T14:01:45+08:00 ] 127.0.0.1 /photocms/JS_PATHbootstrap.min.js
INFO: [ app_init ] --START--
INFO: Run Behavior\BuildLiteBehavior [ RunTime:0.000000s ]
INFO: [ app_init ] --END-- [ RunTime:0.000000s ]
ERR: 无法加载模块:JS_PATHbootstrap.min

[ 2015-09-09T14:01:45+08:00 ] 127.0.0.1 /photocms/Template/Site/BootStrap/Layout/img/pattern.jpg
INFO: [ app_init ] --START--
INFO: Run Behavior\BuildLiteBehavior [ RunTime:0.000000s ]
INFO: [ app_init ] --END-- [ RunTime:0.000000s ]
ERR: 无法加载模块:Template

[ 2015-09-09T14:01:45+08:00 ] 127.0.0.1 /photocms/Template/Site/BootStrap/Layout/img/social-icons/facebook.png
INFO: [ app_init ] --START--
INFO: Run Behavior\BuildLiteBehavior [ RunTime:0.000000s ]
INFO: [ app_init ] --END-- [ RunTime:0.001000s ]
ERR: 无法加载模块:Template

[ 2015-09-09T14:01:45+08:00 ] 127.0.0.1 /photocms/Template/Site/BootStrap/Layout/img/social-icons/dribbble.png
INFO: [ app_init ] --START--
INFO: Run Behavior\BuildLiteBehavior [ RunTime:0.000000s ]
INFO: [ app_init ] --END-- [ RunTime:0.001000s ]
ERR: 无法加载模块:Template

[ 2015-09-09T14:01:45+08:00 ] 127.0.0.1 /photocms/Template/Site/BootStrap/Layout/img/social-icons/twitter.png
INFO: [ app_init ] --START--
INFO: Run Behavior\BuildLiteBehavior [ RunTime:0.000000s ]
INFO: [ app_init ] --END-- [ RunTime:0.001000s ]
ERR: 无法加载模块:Template

[ 2015-09-09T14:01:45+08:00 ] 127.0.0.1 /photocms/Template/Site/BootStrap/Layout/img/social-icons/pinterest.png
INFO: [ app_init ] --START--
INFO: Run Behavior\BuildLiteBehavior [ RunTime:0.000000s ]
INFO: [ app_init ] --END-- [ RunTime:0.000000s ]
ERR: 无法加载模块:Template

[ 2015-09-09T14:01:54+08:00 ] 127.0.0.1 /photocms/JS_PATHjquery-1.8.2.min.js
INFO: [ app_init ] --START--
INFO: Run Behavior\BuildLiteBehavior [ RunTime:0.000000s ]
INFO: [ app_init ] --END-- [ RunTime:0.001000s ]
ERR: 无法加载模块:JS_PATHjquery-1.8.2.min

[ 2015-09-09T14:01:54+08:00 ] 127.0.0.1 /photocms/JS_PATHbootstrap.min.js
INFO: [ app_init ] --START--
INFO: Run Behavior\BuildLiteBehavior [ RunTime:0.000000s ]
INFO: [ app_init ] --END-- [ RunTime:0.001000s ]
ERR: 无法加载模块:JS_PATHbootstrap.min

[ 2015-09-09T14:01:54+08:00 ] 127.0.0.1 /photocms/Template/Site/BootStrap/Layout/img/social-icons/twitter.png
INFO: [ app_init ] --START--
INFO: Run Behavior\BuildLiteBehavior [ RunTime:0.000000s ]
INFO: [ app_init ] --END-- [ RunTime:0.000000s ]
ERR: 无法加载模块:Template

[ 2015-09-09T14:01:54+08:00 ] 127.0.0.1 /photocms/Template/Site/BootStrap/Layout/img/social-icons/facebook.png
INFO: [ app_init ] --START--
INFO: Run Behavior\BuildLiteBehavior [ RunTime:0.000000s ]
INFO: [ app_init ] --END-- [ RunTime:0.001000s ]
ERR: 无法加载模块:Template

[ 2015-09-09T14:01:54+08:00 ] 127.0.0.1 /photocms/Template/Site/BootStrap/Layout/img/pattern.jpg
INFO: [ app_init ] --START--
INFO: Run Behavior\BuildLiteBehavior [ RunTime:0.001000s ]
INFO: [ app_init ] --END-- [ RunTime:0.001000s ]
ERR: 无法加载模块:Template

[ 2015-09-09T14:01:54+08:00 ] 127.0.0.1 /photocms/Template/Site/BootStrap/Layout/img/social-icons/dribbble.png
INFO: [ app_init ] --START--
INFO: Run Behavior\BuildLiteBehavior [ RunTime:0.001001s ]
INFO: [ app_init ] --END-- [ RunTime:0.001001s ]
ERR: 无法加载模块:Template

[ 2015-09-09T14:01:54+08:00 ] 127.0.0.1 /photocms/Template/Site/BootStrap/Layout/img/social-icons/pinterest.png
INFO: [ app_init ] --START--
INFO: Run Behavior\BuildLiteBehavior [ RunTime:0.000000s ]
INFO: [ app_init ] --END-- [ RunTime:0.000000s ]
ERR: 无法加载模块:Template

[ 2015-09-09T15:15:53+08:00 ] 127.0.0.1 /photocms/JS_PATHbootstrap.min.js
INFO: [ app_init ] --START--
INFO: Run Behavior\BuildLiteBehavior [ RunTime:0.000000s ]
INFO: [ app_init ] --END-- [ RunTime:0.001000s ]
ERR: 无法加载模块:JS_PATHbootstrap.min

[ 2015-09-09T15:15:53+08:00 ] 127.0.0.1 /photocms/Template/Site/BootStrap/Layout/img/pattern.jpg
INFO: [ app_init ] --START--
INFO: Run Behavior\BuildLiteBehavior [ RunTime:0.001000s ]
INFO: [ app_init ] --END-- [ RunTime:0.001000s ]
ERR: 无法加载模块:Template

[ 2015-09-09T15:15:53+08:00 ] 127.0.0.1 /photocms/Template/Site/BootStrap/Layout/img/social-icons/facebook.png
INFO: [ app_init ] --START--
INFO: Run Behavior\BuildLiteBehavior [ RunTime:0.000000s ]
INFO: [ app_init ] --END-- [ RunTime:0.001000s ]
ERR: 无法加载模块:Template

[ 2015-09-09T15:15:53+08:00 ] 127.0.0.1 /photocms/Template/Site/BootStrap/Layout/img/social-icons/dribbble.png
INFO: [ app_init ] --START--
INFO: Run Behavior\BuildLiteBehavior [ RunTime:0.000000s ]
INFO: [ app_init ] --END-- [ RunTime:0.001000s ]
ERR: 无法加载模块:Template

[ 2015-09-09T15:15:53+08:00 ] 127.0.0.1 /photocms/Template/Site/BootStrap/Layout/img/social-icons/pinterest.png
INFO: [ app_init ] --START--
INFO: Run Behavior\BuildLiteBehavior [ RunTime:0.000000s ]
INFO: [ app_init ] --END-- [ RunTime:0.000000s ]
ERR: 无法加载模块:Template

[ 2015-09-09T15:15:53+08:00 ] 127.0.0.1 /photocms/JS_PATHbootstrap.min.js
INFO: [ app_init ] --START--
INFO: Run Behavior\BuildLiteBehavior [ RunTime:0.000000s ]
INFO: [ app_init ] --END-- [ RunTime:0.001000s ]
ERR: 无法加载模块:JS_PATHbootstrap.min

