[ 2015-09-08T11:35:30+08:00 ] 127.0.0.1 /photocms/Template/Admin/bootstrap/Layout/Js/jquery-2.0.3.min.map
INFO: [ app_init ] --START--
INFO: Run Behavior\BuildLiteBehavior [ RunTime:0.000000s ]
INFO: [ app_init ] --END-- [ RunTime:0.000000s ]
ERR: 无法加载模块:Template

[ 2015-09-08T11:35:53+08:00 ] 127.0.0.1 /photocms/Template/Admin/bootstrap/Layout/Js/jquery-2.0.3.min.map
INFO: [ app_init ] --START--
INFO: Run Behavior\BuildLiteBehavior [ RunTime:0.000000s ]
INFO: [ app_init ] --END-- [ RunTime:0.001000s ]
ERR: 无法加载模块:Template

[ 2015-09-08T11:36:42+08:00 ] 127.0.0.1 /photocms/Template/Admin/bootstrap/Layout/Js/jquery-2.0.3.min.map
INFO: [ app_init ] --START--
INFO: Run Behavior\BuildLiteBehavior [ RunTime:0.000000s ]
INFO: [ app_init ] --END-- [ RunTime:0.000000s ]
ERR: 无法加载模块:Template

[ 2015-09-08T11:36:52+08:00 ] 127.0.0.1 /photocms/Template/Admin/bootstrap/Layout/Js/jquery-2.0.3.min.map
INFO: [ app_init ] --START--
INFO: Run Behavior\BuildLiteBehavior [ RunTime:0.000000s ]
INFO: [ app_init ] --END-- [ RunTime:0.001000s ]
ERR: 无法加载模块:Template

