[ 2015-09-01T16:33:08+08:00 ] 127.0.0.1 /photo/Template/Admin/bootstrap/Layout/Js/jquery-2.0.3.min.map
INFO: [ app_init ] --START--
INFO: Run Behavior\BuildLiteBehavior [ RunTime:0.000000s ]
INFO: [ app_init ] --END-- [ RunTime:0.001000s ]
ERR: 无法加载模块:Template

[ 2015-09-01T16:40:23+08:00 ] 127.0.0.1 /photo/Template/Admin/bootstrap/Layout/Js/jquery-2.0.3.min.map
INFO: [ app_init ] --START--
INFO: Run Behavior\BuildLiteBehavior [ RunTime:0.000000s ]
INFO: [ app_init ] --END-- [ RunTime:0.001001s ]
ERR: 无法加载模块:Template

[ 2015-09-01T16:44:19+08:00 ] 127.0.0.1 /photo/Template/Admin/bootstrap/Layout/Js/jquery-2.0.3.min.map
INFO: [ app_init ] --START--
INFO: Run Behavior\BuildLiteBehavior [ RunTime:0.000000s ]
INFO: [ app_init ] --END-- [ RunTime:0.001001s ]
ERR: 无法加载模块:Template

[ 2015-09-01T16:44:25+08:00 ] 127.0.0.1 /photo/Template/Admin/bootstrap/Layout/Js/jquery-2.0.3.min.map
INFO: [ app_init ] --START--
INFO: Run Behavior\BuildLiteBehavior [ RunTime:0.000000s ]
INFO: [ app_init ] --END-- [ RunTime:0.001000s ]
ERR: 无法加载模块:Template

[ 2015-09-01T16:44:43+08:00 ] 127.0.0.1 /photo/Template/Admin/bootstrap/Layout/Js/jquery-2.0.3.min.map
INFO: [ app_init ] --START--
INFO: Run Behavior\BuildLiteBehavior [ RunTime:0.001000s ]
INFO: [ app_init ] --END-- [ RunTime:0.002001s ]
ERR: 无法加载模块:Template

[ 2015-09-01T16:59:53+08:00 ] 127.0.0.1 /photo/Template/Admin/bootstrap/Layout/Js/jquery-2.0.3.min.map
INFO: [ app_init ] --START--
INFO: Run Behavior\BuildLiteBehavior [ RunTime:0.000000s ]
INFO: [ app_init ] --END-- [ RunTime:0.001000s ]
ERR: 无法加载模块:Template

[ 2015-09-01T17:02:11+08:00 ] 127.0.0.1 /photo/Template/Admin/bootstrap/Layout/Js/jquery-2.0.3.min.map
INFO: [ app_init ] --START--
INFO: Run Behavior\BuildLiteBehavior [ RunTime:0.000000s ]
INFO: [ app_init ] --END-- [ RunTime:0.000000s ]
ERR: 无法加载模块:Template

[ 2015-09-01T17:02:39+08:00 ] 127.0.0.1 /photo/Template/Admin/bootstrap/Layout/Js/jquery-2.0.3.min.map
INFO: [ app_init ] --START--
INFO: Run Behavior\BuildLiteBehavior [ RunTime:0.000000s ]
INFO: [ app_init ] --END-- [ RunTime:0.000000s ]
ERR: 无法加载模块:Template

