[ 2015-09-08T14:59:52+08:00 ] 127.0.0.1 /photocms/admin.php/Content/Content/index.html
INFO: [ app_init ] --START--
INFO: Run Behavior\BuildLiteBehavior [ RunTime:0.000000s ]
INFO: [ app_init ] --END-- [ RunTime:0.001000s ]
INFO: [ app_begin ] --START--
INFO: Run Behavior\ReadHtmlCacheBehavior [ RunTime:0.001000s ]
INFO: Run Behavior\FlChkLangBehavior [ RunTime:0.016002s ]
INFO: [ app_begin ] --END-- [ RunTime:0.017002s ]
NOTIC: [2048] Declaration of Auth\Controller\AuthbaseController::display() should be compatible with Think\Controller::display($templateFile = '', $charset = '', $contentType = '', $content = '', $prefix = '') D:\xampp\htdocs\photocms\Admin\Auth\Controller\AuthbaseController.class.php 第 8 行.
NOTIC: [8] Use of undefined constant TMPL_PATH - assumed 'TMPL_PATH' D:\xampp\htdocs\photocms\Admin\Common\Controller\AdminbaseController.class.php 第 14 行.
SQL: SHOW COLUMNS FROM `ur7_admin_auth_group` [ RunTime:0.0040s ]
SQL: SELECT * FROM `ur7_admin_auth_group` ORDER BY sort  [ RunTime:0.0010s ]
SQL: SHOW COLUMNS FROM `ur7_admin_auth_action` [ RunTime:0.0040s ]
SQL: SELECT * FROM `ur7_admin_auth_action` WHERE `group` = 'Content' AND `controller` = 'Content' AND `action` = 'index' LIMIT 1   [ RunTime:0.0000s ]
SQL: SHOW COLUMNS FROM `ur7_model` [ RunTime:0.0320s ]
SQL: SELECT * FROM `ur7_model`  [ RunTime:0.0170s ]
SQL: SHOW COLUMNS FROM `ur7_category` [ RunTime:0.0050s ]
SQL: SELECT * FROM `ur7_category`  [ RunTime:0.0180s ]
INFO: [ view_filter ] --START--
INFO: Run Behavior\WriteHtmlCacheBehavior [ RunTime:0.001000s ]
INFO: [ view_filter ] --END-- [ RunTime:0.001000s ]
INFO: [ view_filter ] --START--
INFO: Run Behavior\WriteHtmlCacheBehavior [ RunTime:0.000000s ]
INFO: [ view_filter ] --END-- [ RunTime:-0.001000s ]
INFO: [ app_end ] --START--
INFO: Run Behavior\ShowPageTraceBehavior [ RunTime:0.001000s ]
INFO: [ app_end ] --END-- [ RunTime:0.002000s ]

[ 2015-09-08T14:59:54+08:00 ] 127.0.0.1 /photocms/admin.php/Content/Content/contentlist/mid/31/cid/13.html
INFO: [ app_init ] --START--
INFO: Run Behavior\BuildLiteBehavior [ RunTime:0.000000s ]
INFO: [ app_init ] --END-- [ RunTime:0.001000s ]
INFO: [ app_begin ] --START--
INFO: Run Behavior\ReadHtmlCacheBehavior [ RunTime:0.000000s ]
INFO: Run Behavior\FlChkLangBehavior [ RunTime:0.002000s ]
INFO: [ app_begin ] --END-- [ RunTime:0.003000s ]
NOTIC: [2048] Declaration of Auth\Controller\AuthbaseController::display() should be compatible with Think\Controller::display($templateFile = '', $charset = '', $contentType = '', $content = '', $prefix = '') D:\xampp\htdocs\photocms\Admin\Auth\Controller\AuthbaseController.class.php 第 8 行.
NOTIC: [8] Use of undefined constant TMPL_PATH - assumed 'TMPL_PATH' D:\xampp\htdocs\photocms\Admin\Common\Controller\AdminbaseController.class.php 第 14 行.
SQL: SHOW COLUMNS FROM `ur7_admin_auth_group` [ RunTime:0.0170s ]
SQL: SELECT * FROM `ur7_admin_auth_group` ORDER BY sort  [ RunTime:0.0000s ]
SQL: SHOW COLUMNS FROM `ur7_admin_auth_action` [ RunTime:0.0040s ]
SQL: SELECT * FROM `ur7_admin_auth_action` WHERE `group` = 'Content' AND `controller` = 'Content' AND `action` = 'contentlist' LIMIT 1   [ RunTime:0.0010s ]
SQL: SHOW COLUMNS FROM `ur7_category` [ RunTime:0.0040s ]
SQL: SELECT * FROM `ur7_category` WHERE `id` = 13 LIMIT 1   [ RunTime:0.0000s ]
SQL: SHOW COLUMNS FROM `ur7_model` [ RunTime:0.0130s ]
SQL: SELECT * FROM `ur7_model` WHERE `id` = 31 LIMIT 1   [ RunTime:0.0020s ]
NOTIC: [2048] Declaration of Model\ContentModel::add() should be compatible with Think\Model::add($data = '', $options = Array, $replace = false) D:\xampp\htdocs\photocms\Model\ContentModel.class.php 第 9 行.
SQL: SHOW COLUMNS FROM `ur7_photo` [ RunTime:0.0660s ]
SQL: SELECT * FROM `ur7_photo` WHERE `cid` = 13 LIMIT 0,20   [ RunTime:0.0020s ]
NOTIC: [8] Undefined variable: group_id D:\xampp\htdocs\photocms\Template\Admin\bootstrap\Layout\layout.php 第 76 行.
SQL: SELECT * FROM `ur7_category`  [ RunTime:0.0000s ]
INFO: [ view_filter ] --START--
INFO: Run Behavior\WriteHtmlCacheBehavior [ RunTime:0.001001s ]
INFO: [ view_filter ] --END-- [ RunTime:0.001001s ]
NOTIC: [8] Undefined variable: controller_id D:\xampp\htdocs\photocms\Template\Admin\bootstrap\Layout\layout.php 第 344 行.
NOTIC: [8] Undefined variable: action_id D:\xampp\htdocs\photocms\Template\Admin\bootstrap\Layout\layout.php 第 360 行.
INFO: [ view_filter ] --START--
INFO: Run Behavior\WriteHtmlCacheBehavior [ RunTime:0.000000s ]
INFO: [ view_filter ] --END-- [ RunTime:-0.002000s ]
INFO: [ app_end ] --START--
INFO: Run Behavior\ShowPageTraceBehavior [ RunTime:0.001000s ]
INFO: [ app_end ] --END-- [ RunTime:0.001000s ]

[ 2015-09-08T14:59:55+08:00 ] 127.0.0.1 /photocms/admin.php/Content/Content/add/cid/13.html
INFO: [ app_init ] --START--
INFO: Run Behavior\BuildLiteBehavior [ RunTime:0.000000s ]
INFO: [ app_init ] --END-- [ RunTime:0.000000s ]
INFO: [ app_begin ] --START--
INFO: Run Behavior\ReadHtmlCacheBehavior [ RunTime:0.001000s ]
INFO: Run Behavior\FlChkLangBehavior [ RunTime:0.004001s ]
INFO: [ app_begin ] --END-- [ RunTime:0.005001s ]
NOTIC: [2048] Declaration of Auth\Controller\AuthbaseController::display() should be compatible with Think\Controller::display($templateFile = '', $charset = '', $contentType = '', $content = '', $prefix = '') D:\xampp\htdocs\photocms\Admin\Auth\Controller\AuthbaseController.class.php 第 8 行.
NOTIC: [8] Use of undefined constant TMPL_PATH - assumed 'TMPL_PATH' D:\xampp\htdocs\photocms\Admin\Common\Controller\AdminbaseController.class.php 第 14 行.
SQL: SHOW COLUMNS FROM `ur7_admin_auth_group` [ RunTime:0.0040s ]
SQL: SELECT * FROM `ur7_admin_auth_group` ORDER BY sort  [ RunTime:0.0020s ]
SQL: SHOW COLUMNS FROM `ur7_admin_auth_action` [ RunTime:0.0040s ]
SQL: SELECT * FROM `ur7_admin_auth_action` WHERE `group` = 'Content' AND `controller` = 'Content' AND `action` = 'add' LIMIT 1   [ RunTime:0.0010s ]
SQL: SHOW COLUMNS FROM `ur7_category` [ RunTime:0.0150s ]
SQL: SELECT * FROM `ur7_category` WHERE `id` = 13 LIMIT 1   [ RunTime:0.0010s ]
SQL: SHOW COLUMNS FROM `ur7_model_field` [ RunTime:0.0450s ]
SQL: SELECT * FROM `ur7_model_field` WHERE `mid` = 31 ORDER BY sort  [ RunTime:0.0120s ]
SQL: SELECT * FROM `ur7_category`  [ RunTime:0.0000s ]
INFO: [ view_filter ] --START--
INFO: Run Behavior\WriteHtmlCacheBehavior [ RunTime:0.000000s ]
INFO: [ view_filter ] --END-- [ RunTime:0.001000s ]
NOTIC: [8] Undefined index: content D:\xampp\htdocs\photocms\Core\Library\Org\Helper\CForm.class.php 第 51 行.
NOTIC: [8] Undefined index: content D:\xampp\htdocs\photocms\Core\Library\Org\Helper\CForm.class.php 第 51 行.
NOTIC: [8] Undefined index: content D:\xampp\htdocs\photocms\Core\Library\Org\Helper\CForm.class.php 第 61 行.
SQL: SELECT * FROM `ur7_category` WHERE `id` = 13 LIMIT 1   [ RunTime:0.0000s ]
NOTIC: [2048] Declaration of Common\Controller\SitevhookController::display() should be compatible with Think\Controller::display($templateFile = '', $charset = '', $contentType = '', $content = '', $prefix = '') D:\xampp\htdocs\photocms\Plugin\Common\Controller\SitevhookController.class.php 第 38 行.
NOTIC: [8] Undefined index: Webupload\Hook\Vhook D:\xampp\htdocs\photocms\Config\functions.php 第 259 行.
NOTIC: [8] Undefined index: content D:\xampp\htdocs\photocms\Template\Plugin\WebUpload\Hook\thumbupload.php 第 18 行.
NOTIC: [8] Undefined index: content D:\xampp\htdocs\photocms\Template\Plugin\WebUpload\Hook\thumbupload.php 第 32 行.
NOTIC: [8] Undefined index: content D:\xampp\htdocs\photocms\Template\Plugin\WebUpload\Hook\thumbupload.php 第 33 行.
NOTIC: [8] Undefined index: content D:\xampp\htdocs\photocms\Template\Plugin\WebUpload\Hook\thumbupload.php 第 45 行.
INFO: [ view_filter ] --START--
INFO: Run Behavior\WriteHtmlCacheBehavior [ RunTime:0.000000s ]
INFO: [ view_filter ] --END-- [ RunTime:-0.084008s ]
NOTIC: [8] Undefined index: Ueditor\Hook\Vhook D:\xampp\htdocs\photocms\Config\functions.php 第 259 行.
NOTIC: [8] Undefined index: content D:\xampp\htdocs\photocms\Template\Plugin\Ueditor\Hook\ueditor.php 第 6 行.
INFO: [ view_filter ] --START--
INFO: Run Behavior\WriteHtmlCacheBehavior [ RunTime:0.000000s ]
INFO: [ view_filter ] --END-- [ RunTime:-0.163016s ]
NOTIC: [8] Undefined index: WebUpload\Hook\Vhook D:\xampp\htdocs\photocms\Config\functions.php 第 259 行.
INFO: [ view_filter ] --START--
INFO: Run Behavior\WriteHtmlCacheBehavior [ RunTime:0.000000s ]
INFO: [ view_filter ] --END-- [ RunTime:-0.231023s ]
SQL: SHOW COLUMNS FROM `ur7_position` [ RunTime:0.0280s ]
SQL: SELECT * FROM `ur7_position`  [ RunTime:0.0210s ]
NOTIC: [8] Undefined index: content D:\xampp\htdocs\photocms\Core\Library\Org\Helper\CForm.class.php 第 72 行.
NOTIC: [8] Undefined variable: mid D:\xampp\htdocs\photocms\Template\Admin\bootstrap\Content\Content\add.php 第 43 行.
INFO: [ view_filter ] --START--
INFO: Run Behavior\WriteHtmlCacheBehavior [ RunTime:0.000000s ]
INFO: [ view_filter ] --END-- [ RunTime:-0.301030s ]
INFO: [ app_end ] --START--
INFO: Run Behavior\ShowPageTraceBehavior [ RunTime:0.002000s ]
INFO: [ app_end ] --END-- [ RunTime:0.003000s ]

